This file contains any messages produced by compilers while
running configure, to aid debugging if configure makes a mistake.

It was created by configure, which was
generated by GNU Autoconf 2.57.  Invocation command line was

  $ ./configure --prefix=/home/lscm/mproj/workproj/http_service/q_similar/include/others-ex/lib/libiconv-1.9.2 --enable-shared=no

## --------- ##
## Platform. ##
## --------- ##

hostname = lscm
uname -m = x86_64
uname -r = 3.16.0-30-generic
uname -s = Linux
uname -v = #40~14.04.1-Ubuntu SMP Thu Jan 15 17:43:14 UTC 2015

/usr/bin/uname -p = unknown
/bin/uname -X     = unknown

/bin/arch              = unknown
/usr/bin/arch -k       = unknown
/usr/convex/getsysinfo = unknown
hostinfo               = unknown
/bin/machine           = unknown
/usr/bin/oslevel       = unknown
/bin/universe          = unknown

PATH: /usr/local/sbin
PATH: /usr/local/bin
PATH: /usr/sbin
PATH: /usr/bin
PATH: /sbin
PATH: /bin


## ----------- ##
## Core tests. ##
## ----------- ##

configure:1514: checking for a BSD-compatible install
configure:1568: result: /usr/bin/install -c
configure:1579: checking whether build environment is sane
configure:1622: result: yes
configure:1655: checking for gawk
configure:1684: result: no
configure:1655: checking for mawk
configure:1671: found /usr/bin/mawk
configure:1681: result: mawk
configure:1691: checking whether make sets $(MAKE)
configure:1711: result: yes
configure:1877: checking whether make sets $(MAKE)
configure:1897: result: yes
configure:1957: checking for gcc
configure:1973: found /usr/bin/gcc
configure:1983: result: gcc
configure:2227: checking for C compiler version
configure:2230: gcc --version </dev/null >&5
gcc (Ubuntu/Linaro 4.4.7-8ubuntu1) 4.4.7
Copyright (C) 2010 Free Software Foundation, Inc.
This is free software; see the source for copying conditions.  There is NO
warranty; not even for MERCHANTABILITY or FITNESS FOR A PARTICULAR PURPOSE.

configure:2233: $? = 0
configure:2235: gcc -v </dev/null >&5
Using built-in specs.
Target: x86_64-linux-gnu
Configured with: ../src/configure -v --with-pkgversion='Ubuntu/Linaro 4.4.7-8ubuntu1' --with-bugurl=file:///usr/share/doc/gcc-4.4/README.Bugs --enable-languages=c,c++,fortran --prefix=/usr --program-suffix=-4.4 --enable-shared --enable-linker-build-id --with-system-zlib --libexecdir=/usr/lib --without-included-gettext --enable-threads=posix --with-gxx-include-dir=/usr/include/c++/4.4 --libdir=/usr/lib --enable-nls --with-sysroot=/ --enable-clocale=gnu --enable-libstdcxx-debug --disable-libmudflap --disable-werror --with-arch-32=i686 --with-tune=generic --enable-checking=release --build=x86_64-linux-gnu --host=x86_64-linux-gnu --target=x86_64-linux-gnu
Thread model: posix
gcc version 4.4.7 (Ubuntu/Linaro 4.4.7-8ubuntu1) 
configure:2238: $? = 0
configure:2240: gcc -V </dev/null >&5
gcc: '-V' option must have argument
configure:2243: $? = 1
configure:2267: checking for C compiler default output
configure:2270: gcc -fPIC   conftest.c  >&5
configure:2273: $? = 0
configure:2319: result: a.out
configure:2324: checking whether the C compiler works
configure:2330: ./a.out
configure:2333: $? = 0
configure:2350: result: yes
configure:2357: checking whether we are cross compiling
configure:2359: result: no
configure:2362: checking for suffix of executables
configure:2364: gcc -o conftest -fPIC   conftest.c  >&5
configure:2367: $? = 0
configure:2392: result: 
configure:2398: checking for suffix of object files
configure:2420: gcc -c -fPIC  conftest.c >&5
configure:2423: $? = 0
configure:2445: result: o
configure:2449: checking whether we are using the GNU C compiler
configure:2474: gcc -c -fPIC  conftest.c >&5
configure:2477: $? = 0
configure:2480: test -s conftest.o
configure:2483: $? = 0
configure:2496: result: yes
configure:2502: checking whether gcc accepts -g
configure:2524: gcc -c -g  conftest.c >&5
configure:2527: $? = 0
configure:2530: test -s conftest.o
configure:2533: $? = 0
configure:2544: result: yes
configure:2561: checking for gcc option to accept ANSI C
configure:2622: gcc  -c -fPIC  conftest.c >&5
configure:2625: $? = 0
configure:2628: test -s conftest.o
configure:2631: $? = 0
configure:2649: result: none needed
configure:2667: gcc -c -fPIC  conftest.c >&5
conftest.c:2: error: expected '=', ',', ';', 'asm' or '__attribute__' before 'me'
configure:2670: $? = 1
configure: failed program was:
| #ifndef __cplusplus
|   choke me
| #endif
configure:2790: checking for style of include used by make
configure:2818: result: GNU
configure:2846: checking dependency style of gcc
configure:2914: result: none
configure:2936: checking how to run the C preprocessor
configure:2972: gcc -E  conftest.c
configure:2978: $? = 0
configure:3010: gcc -E  conftest.c
configure:3011: fatal error: ac_nonexistent.h: No such file or directory
compilation terminated.
configure:3016: $? = 1
configure: failed program was:
| #line 3001 "configure"
| /* confdefs.h.  */
| 
| #define PACKAGE_NAME ""
| #define PACKAGE_TARNAME ""
| #define PACKAGE_VERSION ""
| #define PACKAGE_STRING ""
| #define PACKAGE_BUGREPORT ""
| #define PACKAGE "libiconv"
| #define VERSION "1.9"
| /* end confdefs.h.  */
| #include <ac_nonexistent.h>
configure:3054: result: gcc -E
configure:3079: gcc -E  conftest.c
configure:3085: $? = 0
configure:3117: gcc -E  conftest.c
configure:3118: fatal error: ac_nonexistent.h: No such file or directory
compilation terminated.
configure:3123: $? = 1
configure: failed program was:
| #line 3108 "configure"
| /* confdefs.h.  */
| 
| #define PACKAGE_NAME ""
| #define PACKAGE_TARNAME ""
| #define PACKAGE_VERSION ""
| #define PACKAGE_STRING ""
| #define PACKAGE_BUGREPORT ""
| #define PACKAGE "libiconv"
| #define VERSION "1.9"
| /* end confdefs.h.  */
| #include <ac_nonexistent.h>
configure:3167: checking for egrep
configure:3177: result: grep -E
configure:3183: checking whether gcc needs -traditional
configure:3227: result: no
configure:3246: checking for a BSD-compatible install
configure:3300: result: /usr/bin/install -c
configure:3319: checking build system type
configure:3337: result: x86_64-unknown-linux-gnu
configure:3345: checking host system type
configure:3359: result: x86_64-unknown-linux-gnu
configure:3393: checking for ld used by GCC
configure:3457: result: /usr/bin/ld
configure:3466: checking if the linker (/usr/bin/ld) is GNU ld
configure:3479: result: yes
configure:3485: checking for shared library path variable
configure:3498: result: LD_LIBRARY_PATH
configure:3503: checking whether to activate relocatable installation
configure:3518: result: no
configure:3637: checking for ranlib
configure:3653: found /usr/bin/ranlib
configure:3664: result: ranlib
configure:3676: checking how to copy files
configure:3692: result: cp -p
configure:3696: checking how to make hard links
configure:3712: result: ln
configure:3716: checking whether ln -s works
configure:3720: result: yes
configure:3736: checking for AIX
configure:3759: result: no
configure:3765: checking for ANSI C header files
configure:3791: gcc -c -fPIC  conftest.c >&5
configure:3794: $? = 0
configure:3797: test -s conftest.o
configure:3800: $? = 0
configure:3892: gcc -o conftest -fPIC   conftest.c  >&5
configure: In function 'main':
configure:3889: warning: incompatible implicit declaration of built-in function 'exit'
configure:3895: $? = 0
configure:3897: ./conftest
configure:3900: $? = 0
configure:3915: result: yes
configure:3939: checking for sys/types.h
configure:3956: gcc -c -fPIC  conftest.c >&5
configure:3959: $? = 0
configure:3962: test -s conftest.o
configure:3965: $? = 0
configure:3976: result: yes
configure:3939: checking for sys/stat.h
configure:3956: gcc -c -fPIC  conftest.c >&5
configure:3959: $? = 0
configure:3962: test -s conftest.o
configure:3965: $? = 0
configure:3976: result: yes
configure:3939: checking for stdlib.h
configure:3956: gcc -c -fPIC  conftest.c >&5
configure:3959: $? = 0
configure:3962: test -s conftest.o
configure:3965: $? = 0
configure:3976: result: yes
configure:3939: checking for string.h
configure:3956: gcc -c -fPIC  conftest.c >&5
configure:3959: $? = 0
configure:3962: test -s conftest.o
configure:3965: $? = 0
configure:3976: result: yes
configure:3939: checking for memory.h
configure:3956: gcc -c -fPIC  conftest.c >&5
configure:3959: $? = 0
configure:3962: test -s conftest.o
configure:3965: $? = 0
configure:3976: result: yes
configure:3939: checking for strings.h
configure:3956: gcc -c -fPIC  conftest.c >&5
configure:3959: $? = 0
configure:3962: test -s conftest.o
configure:3965: $? = 0
configure:3976: result: yes
configure:3939: checking for inttypes.h
configure:3956: gcc -c -fPIC  conftest.c >&5
configure:3959: $? = 0
configure:3962: test -s conftest.o
configure:3965: $? = 0
configure:3976: result: yes
configure:3939: checking for stdint.h
configure:3956: gcc -c -fPIC  conftest.c >&5
configure:3959: $? = 0
configure:3962: test -s conftest.o
configure:3965: $? = 0
configure:3976: result: yes
configure:3939: checking for unistd.h
configure:3956: gcc -c -fPIC  conftest.c >&5
configure:3959: $? = 0
configure:3962: test -s conftest.o
configure:3965: $? = 0
configure:3976: result: yes
configure:3998: checking minix/config.h usability
configure:4011: gcc -c -fPIC  conftest.c >&5
configure:4056: fatal error: minix/config.h: No such file or directory
compilation terminated.
configure:4014: $? = 1
configure: failed program was:
| #line 4000 "configure"
| /* confdefs.h.  */
| 
| #define PACKAGE_NAME ""
| #define PACKAGE_TARNAME ""
| #define PACKAGE_VERSION ""
| #define PACKAGE_STRING ""
| #define PACKAGE_BUGREPORT ""
| #define PACKAGE "libiconv"
| #define VERSION "1.9"
| #define INSTALLPREFIX "/home/lscm/mproj/workproj/http_service/q_similar/include/others-ex/lib/libiconv-1.9.2"
| #define _GNU_SOURCE 1
| #define STDC_HEADERS 1
| #define HAVE_SYS_TYPES_H 1
| #define HAVE_SYS_STAT_H 1
| #define HAVE_STDLIB_H 1
| #define HAVE_STRING_H 1
| #define HAVE_MEMORY_H 1
| #define HAVE_STRINGS_H 1
| #define HAVE_INTTYPES_H 1
| #define HAVE_STDINT_H 1
| #define HAVE_UNISTD_H 1
| /* end confdefs.h.  */
| #include <stdio.h>
| #if HAVE_SYS_TYPES_H
| # include <sys/types.h>
| #endif
| #if HAVE_SYS_STAT_H
| # include <sys/stat.h>
| #endif
| #if STDC_HEADERS
| # include <stdlib.h>
| # include <stddef.h>
| #else
| # if HAVE_STDLIB_H
| #  include <stdlib.h>
| # endif
| #endif
| #if HAVE_STRING_H
| # if !STDC_HEADERS && HAVE_MEMORY_H
| #  include <memory.h>
| # endif
| # include <string.h>
| #endif
| #if HAVE_STRINGS_H
| # include <strings.h>
| #endif
| #if HAVE_INTTYPES_H
| # include <inttypes.h>
| #else
| # if HAVE_STDINT_H
| #  include <stdint.h>
| # endif
| #endif
| #if HAVE_UNISTD_H
| # include <unistd.h>
| #endif
| #include <minix/config.h>
configure:4030: result: no
configure:4034: checking minix/config.h presence
configure:4045: gcc -E  conftest.c
configure:4058: fatal error: minix/config.h: No such file or directory
compilation terminated.
configure:4051: $? = 1
configure: failed program was:
| #line 4036 "configure"
| /* confdefs.h.  */
| 
| #define PACKAGE_NAME ""
| #define PACKAGE_TARNAME ""
| #define PACKAGE_VERSION ""
| #define PACKAGE_STRING ""
| #define PACKAGE_BUGREPORT ""
| #define PACKAGE "libiconv"
| #define VERSION "1.9"
| #define INSTALLPREFIX "/home/lscm/mproj/workproj/http_service/q_similar/include/others-ex/lib/libiconv-1.9.2"
| #define _GNU_SOURCE 1
| #define STDC_HEADERS 1
| #define HAVE_SYS_TYPES_H 1
| #define HAVE_SYS_STAT_H 1
| #define HAVE_STDLIB_H 1
| #define HAVE_STRING_H 1
| #define HAVE_MEMORY_H 1
| #define HAVE_STRINGS_H 1
| #define HAVE_INTTYPES_H 1
| #define HAVE_STDINT_H 1
| #define HAVE_UNISTD_H 1
| /* end confdefs.h.  */
| #include <minix/config.h>
configure:4070: result: no
configure:4106: checking for minix/config.h
configure:4113: result: no
configure:4143: checking for strerror in -lcposix
configure:4174: gcc -o conftest -fPIC   conftest.c -lcposix   >&5
/usr/bin/ld: cannot find -lcposix
collect2: ld returned 1 exit status
configure:4177: $? = 1
configure: failed program was:
| #line 4150 "configure"
| /* confdefs.h.  */
| 
| #define PACKAGE_NAME ""
| #define PACKAGE_TARNAME ""
| #define PACKAGE_VERSION ""
| #define PACKAGE_STRING ""
| #define PACKAGE_BUGREPORT ""
| #define PACKAGE "libiconv"
| #define VERSION "1.9"
| #define INSTALLPREFIX "/home/lscm/mproj/workproj/http_service/q_similar/include/others-ex/lib/libiconv-1.9.2"
| #define _GNU_SOURCE 1
| #define STDC_HEADERS 1
| #define HAVE_SYS_TYPES_H 1
| #define HAVE_SYS_STAT_H 1
| #define HAVE_STDLIB_H 1
| #define HAVE_STRING_H 1
| #define HAVE_MEMORY_H 1
| #define HAVE_STRINGS_H 1
| #define HAVE_INTTYPES_H 1
| #define HAVE_STDINT_H 1
| #define HAVE_UNISTD_H 1
| /* end confdefs.h.  */
| 
| /* Override any gcc2 internal prototype to avoid an error.  */
| #ifdef __cplusplus
| extern "C"
| #endif
| /* We use char because int might match the return type of a gcc2
|    builtin and then its argument prototype would still apply.  */
| char strerror ();
| int
| main ()
| {
| strerror ();
|   ;
|   return 0;
| }
configure:4195: result: no
configure:4284: checking for a sed that does not truncate output
configure:4338: result: /bin/sed
configure:4352: checking for ld used by gcc
configure:4419: result: /usr/bin/ld
configure:4428: checking if the linker (/usr/bin/ld) is GNU ld
configure:4443: result: yes
configure:4448: checking for /usr/bin/ld option to reload object files
configure:4455: result: -r
configure:4464: checking for BSD-compatible nm
configure:4506: result: /usr/bin/nm -B
configure:4510: checking how to recognise dependent libraries
configure:4710: result: file_magic ELF [0-9][0-9]*-bit [LM]SB (shared object|dynamic lib )
configure:4792: gcc -c -fPIC  conftest.c >&5
configure:4795: $? = 0
configure:5162: checking dlfcn.h usability
configure:5175: gcc -c -fPIC  conftest.c >&5
configure:5178: $? = 0
configure:5181: test -s conftest.o
configure:5184: $? = 0
configure:5194: result: yes
configure:5198: checking dlfcn.h presence
configure:5209: gcc -E  conftest.c
configure:5215: $? = 0
configure:5234: result: yes
configure:5270: checking for dlfcn.h
configure:5277: result: yes
configure:5342: checking for g++
configure:5358: found /usr/bin/g++
configure:5368: result: g++
configure:5384: checking for C++ compiler version
configure:5387: g++ --version </dev/null >&5
g++ (Ubuntu 4.8.2-19ubuntu1) 4.8.2
Copyright (C) 2013 Free Software Foundation, Inc.
This is free software; see the source for copying conditions.  There is NO
warranty; not even for MERCHANTABILITY or FITNESS FOR A PARTICULAR PURPOSE.

configure:5390: $? = 0
configure:5392: g++ -v </dev/null >&5
Using built-in specs.
COLLECT_GCC=g++
COLLECT_LTO_WRAPPER=/usr/lib/gcc/x86_64-linux-gnu/4.8/lto-wrapper
Target: x86_64-linux-gnu
Configured with: ../src/configure -v --with-pkgversion='Ubuntu 4.8.2-19ubuntu1' --with-bugurl=file:///usr/share/doc/gcc-4.8/README.Bugs --enable-languages=c,c++,java,go,d,fortran,objc,obj-c++ --prefix=/usr --program-suffix=-4.8 --enable-shared --enable-linker-build-id --libexecdir=/usr/lib --without-included-gettext --enable-threads=posix --with-gxx-include-dir=/usr/include/c++/4.8 --libdir=/usr/lib --enable-nls --with-sysroot=/ --enable-clocale=gnu --enable-libstdcxx-debug --enable-libstdcxx-time=yes --enable-gnu-unique-object --disable-libmudflap --enable-plugin --with-system-zlib --disable-browser-plugin --enable-java-awt=gtk --enable-gtk-cairo --with-java-home=/usr/lib/jvm/java-1.5.0-gcj-4.8-amd64/jre --enable-java-home --with-jvm-root-dir=/usr/lib/jvm/java-1.5.0-gcj-4.8-amd64 --with-jvm-jar-dir=/usr/lib/jvm-exports/java-1.5.0-gcj-4.8-amd64 --with-arch-directory=amd64 --with-ecj-jar=/usr/share/java/eclipse-ecj.jar --enable-objc-gc --enable-multiarch --disable-werror --with-arch-32=i686 --with-abi=m64 --with-multilib-list=m32,m64,mx32 --with-tune=generic --enable-checking=release --build=x86_64-linux-gnu --host=x86_64-linux-gnu --target=x86_64-linux-gnu
Thread model: posix
gcc version 4.8.2 (Ubuntu 4.8.2-19ubuntu1) 
configure:5395: $? = 0
configure:5397: g++ -V </dev/null >&5
g++: error: unrecognized command line option '-V'
g++: fatal error: no input files
compilation terminated.
configure:5400: $? = 4
configure:5403: checking whether we are using the GNU C++ compiler
configure:5428: g++ -c   conftest.cc >&5
configure:5431: $? = 0
configure:5434: test -s conftest.o
configure:5437: $? = 0
configure:5450: result: yes
configure:5456: checking whether g++ accepts -g
configure:5478: g++ -c -g  conftest.cc >&5
configure:5481: $? = 0
configure:5484: test -s conftest.o
configure:5487: $? = 0
configure:5498: result: yes
configure:5542: g++ -c -g -O2  conftest.cc >&5
configure:5545: $? = 0
configure:5548: test -s conftest.o
configure:5551: $? = 0
configure:5578: g++ -c -g -O2  conftest.cc >&5
configure: In function 'int main()':
configure:5588:9: error: 'exit' was not declared in this scope
   (exit $ac_status); }; }; then
         ^
configure:5581: $? = 1
configure: failed program was:
| #line 5561 "configure"
| /* confdefs.h.  */
| 
| #define PACKAGE_NAME ""
| #define PACKAGE_TARNAME ""
| #define PACKAGE_VERSION ""
| #define PACKAGE_STRING ""
| #define PACKAGE_BUGREPORT ""
| #define PACKAGE "libiconv"
| #define VERSION "1.9"
| #define INSTALLPREFIX "/home/lscm/mproj/workproj/http_service/q_similar/include/others-ex/lib/libiconv-1.9.2"
| #define _GNU_SOURCE 1
| #define STDC_HEADERS 1
| #define HAVE_SYS_TYPES_H 1
| #define HAVE_SYS_STAT_H 1
| #define HAVE_STDLIB_H 1
| #define HAVE_STRING_H 1
| #define HAVE_MEMORY_H 1
| #define HAVE_STRINGS_H 1
| #define HAVE_INTTYPES_H 1
| #define HAVE_STDINT_H 1
| #define HAVE_UNISTD_H 1
| #define HAVE_DLFCN_H 1
| /* end confdefs.h.  */
| 
| int
| main ()
| {
| exit (42);
|   ;
|   return 0;
| }
configure:5542: g++ -c -g -O2  conftest.cc >&5
configure:5545: $? = 0
configure:5548: test -s conftest.o
configure:5551: $? = 0
configure:5578: g++ -c -g -O2  conftest.cc >&5
configure:5581: $? = 0
configure:5584: test -s conftest.o
configure:5587: $? = 0
configure:5612: checking dependency style of g++
configure:5680: result: none
configure:5702: checking how to run the C++ preprocessor
configure:5734: g++ -E  conftest.cc
configure:5740: $? = 0
configure:5772: g++ -E  conftest.cc
configure:5789:28: fatal error: ac_nonexistent.h: No such file or directory
   # Broken: success on invalid input.
                            ^
compilation terminated.
configure:5778: $? = 1
configure: failed program was:
| #line 5763 "configure"
| /* confdefs.h.  */
| 
| #define PACKAGE_NAME ""
| #define PACKAGE_TARNAME ""
| #define PACKAGE_VERSION ""
| #define PACKAGE_STRING ""
| #define PACKAGE_BUGREPORT ""
| #define PACKAGE "libiconv"
| #define VERSION "1.9"
| #define INSTALLPREFIX "/home/lscm/mproj/workproj/http_service/q_similar/include/others-ex/lib/libiconv-1.9.2"
| #define _GNU_SOURCE 1
| #define STDC_HEADERS 1
| #define HAVE_SYS_TYPES_H 1
| #define HAVE_SYS_STAT_H 1
| #define HAVE_STDLIB_H 1
| #define HAVE_STRING_H 1
| #define HAVE_MEMORY_H 1
| #define HAVE_STRINGS_H 1
| #define HAVE_INTTYPES_H 1
| #define HAVE_STDINT_H 1
| #define HAVE_UNISTD_H 1
| #define HAVE_DLFCN_H 1
| #ifdef __cplusplus
| #include <stdlib.h>
| #endif
| /* end confdefs.h.  */
| #include <ac_nonexistent.h>
configure:5816: result: g++ -E
configure:5841: g++ -E  conftest.cc
configure:5847: $? = 0
configure:5879: g++ -E  conftest.cc
configure:5896:28: fatal error: ac_nonexistent.h: No such file or directory
   # Broken: success on invalid input.
                            ^
compilation terminated.
configure:5885: $? = 1
configure: failed program was:
| #line 5870 "configure"
| /* confdefs.h.  */
| 
| #define PACKAGE_NAME ""
| #define PACKAGE_TARNAME ""
| #define PACKAGE_VERSION ""
| #define PACKAGE_STRING ""
| #define PACKAGE_BUGREPORT ""
| #define PACKAGE "libiconv"
| #define VERSION "1.9"
| #define INSTALLPREFIX "/home/lscm/mproj/workproj/http_service/q_similar/include/others-ex/lib/libiconv-1.9.2"
| #define _GNU_SOURCE 1
| #define STDC_HEADERS 1
| #define HAVE_SYS_TYPES_H 1
| #define HAVE_SYS_STAT_H 1
| #define HAVE_STDLIB_H 1
| #define HAVE_STRING_H 1
| #define HAVE_MEMORY_H 1
| #define HAVE_STRINGS_H 1
| #define HAVE_INTTYPES_H 1
| #define HAVE_STDINT_H 1
| #define HAVE_UNISTD_H 1
| #define HAVE_DLFCN_H 1
| #ifdef __cplusplus
| #include <stdlib.h>
| #endif
| /* end confdefs.h.  */
| #include <ac_nonexistent.h>
configure:5979: checking for g77
configure:6008: result: no
configure:5979: checking for f77
configure:6008: result: no
configure:5979: checking for xlf
configure:6008: result: no
configure:5979: checking for frt
configure:6008: result: no
configure:5979: checking for pgf77
configure:6008: result: no
configure:5979: checking for fl32
configure:6008: result: no
configure:5979: checking for af77
configure:6008: result: no
configure:5979: checking for fort77
configure:6008: result: no
configure:5979: checking for f90
configure:6008: result: no
configure:5979: checking for xlf90
configure:6008: result: no
configure:5979: checking for pgf90
configure:6008: result: no
configure:5979: checking for epcf90
configure:6008: result: no
configure:5979: checking for f95
configure:6008: result: no
configure:5979: checking for fort
configure:6008: result: no
configure:5979: checking for xlf95
configure:6008: result: no
configure:5979: checking for lf95
configure:6008: result: no
configure:5979: checking for g95
configure:6008: result: no
configure:6020: checking for Fortran 77 compiler version
configure:6023:  --version </dev/null >&5
./configure: line 6024: --version: command not found
configure:6026: $? = 127
configure:6028:  -v </dev/null >&5
./configure: line 6029: -v: command not found
configure:6031: $? = 127
configure:6033:  -V </dev/null >&5
./configure: line 6034: -V: command not found
configure:6036: $? = 127
configure:6043: checking whether we are using the GNU Fortran 77 compiler
configure:6057:  -c  conftest.F >&5
./configure: line 6058: -c: command not found
configure:6060: $? = 127
configure: failed program was:
|       program main
| #ifndef __GNUC__
|        choke me
| #endif
| 
|       end
configure:6079: result: no
configure:6086: checking whether  accepts -g
configure:6098:  -c -g conftest.f >&5
./configure: line 6099: -c: command not found
configure:6101: $? = 127
configure: failed program was:
|       program main
| 
|       end
configure:6119: result: no
configure:6147: checking the maximum length of command line arguments
configure:6206: result: 32768
configure:6217: checking command to parse /usr/bin/nm -B output from gcc object
configure:6306: gcc -c -fPIC  conftest.c >&5
configure:6309: $? = 0
configure:6313: /usr/bin/nm -B conftest.o \| sed -n -e 's/^.*[ 	]\([ABCDGISTW][ABCDGISTW]*\)[ 	][ 	]*\(\)\([_A-Za-z][_A-Za-z0-9]*\)$/\1 \2\3 \3/p' \> conftest.nm
configure:6316: $? = 0
configure:6368: gcc -o conftest -fPIC   conftest.c conftstm.o >&5
configure:6371: $? = 0
configure:6409: result: ok
configure:6413: checking for objdir
configure:6428: result: .libs
configure:6518: checking for ar
configure:6534: found /usr/bin/ar
configure:6545: result: ar
configure:6598: checking for ranlib
configure:6625: result: ranlib
configure:6678: checking for strip
configure:6694: found /usr/bin/strip
configure:6705: result: strip
configure:6759: checking for file
configure:6812: result: /usr/bin/file
configure:6967: checking if gcc static flag  works
configure:6990: result: yes
configure:7007: checking if gcc supports -fno-rtti -fno-exceptions
configure:7025: gcc -c -fPIC  -fno-rtti -fno-exceptions conftest.c >&5
cc1: warning: command line option "-fno-rtti" is valid for C++/ObjC++ but not for C
configure:7029: $? = 0
configure:7040: result: no
configure:7055: checking for gcc option to produce PIC
configure:7232: result: -fPIC
configure:7239: checking if gcc PIC flag -fPIC works
configure:7257: gcc -c -fPIC  -fPIC -DPIC conftest.c >&5
configure:7261: $? = 0
configure:7272: result: yes
configure:7296: checking if gcc supports -c -o file.o
configure:7324: gcc -c -fPIC  -o out/conftest2.o conftest.c >&5
configure:7328: $? = 0
configure:7345: result: yes
configure:7371: checking whether the gcc linker (/usr/bin/ld -m elf_x86_64) supports shared libraries
configure:8165: result: yes
configure:8236: checking how to hardcode library paths into programs
configure:8261: result: immediate
configure:8275: checking whether stripping libraries is possible
configure:8280: result: yes
configure:8302: checking dynamic linker characteristics
configure:8825: result: GNU/Linux ld.so
configure:9551: checking if libtool supports shared libraries
configure:9553: result: yes
configure:9556: checking whether to build shared libraries
configure:9605: result: no
configure:9608: checking whether to build static libraries
configure:9612: result: yes
configure:9703: creating libtool
configure:10247: checking for ld used by g++
configure:10314: result: /usr/bin/ld -m elf_x86_64
configure:10323: checking if the linker (/usr/bin/ld -m elf_x86_64) is GNU ld
configure:10338: result: no
configure:10389: checking whether the g++ linker (/usr/bin/ld -m elf_x86_64) supports shared libraries
configure:11184: result: yes
configure:11202: g++ -c -g -O2  conftest.cc >&5
configure:11205: $? = 0
configure:11301: checking for g++ option to produce PIC
configure:11553: result: -fPIC
configure:11560: checking if g++ PIC flag -fPIC works
configure:11578: g++ -c -g -O2  -fPIC -DPIC conftest.cc >&5
configure:11582: $? = 0
configure:11593: result: yes
configure:11617: checking if g++ supports -c -o file.o
configure:11645: g++ -c -g -O2  -o out/conftest2.o conftest.cc >&5
configure:11649: $? = 0
configure:11666: result: yes
configure:11692: checking whether the g++ linker (/usr/bin/ld -m elf_x86_64) supports shared libraries
configure:11717: result: yes
configure:11788: checking how to hardcode library paths into programs
configure:11813: result: immediate
configure:11827: checking whether stripping libraries is possible
configure:11832: result: yes
configure:11854: checking dynamic linker characteristics
configure:12377: result: GNU/Linux ld.so
configure:19283: checking for shared library run path origin
configure:19296: result: done
configure:19726: checking for iconv
configure:19754: gcc -o conftest -fPIC   conftest.c  >&5
configure:19757: $? = 0
configure:19760: test -s conftest
configure:19763: $? = 0
configure:19818: result: yes
configure:19841: checking for iconv declaration
configure:19876: gcc -c -fPIC  conftest.c >&5
configure:19879: $? = 0
configure:19882: test -s conftest.o
configure:19885: $? = 0
configure:19900: result: 
         extern size_t iconv (iconv_t cd, char * *inbuf, size_t *inbytesleft, char * *outbuf, size_t *outbytesleft);
configure:19924: checking whether NLS is requested
configure:19933: result: yes
configure:19971: checking for msgfmt
configure:20002: result: /usr/bin/msgfmt
configure:20011: checking for gmsgfmt
configure:20042: result: /usr/bin/msgfmt
configure:20081: checking for xgettext
configure:20112: result: /usr/bin/xgettext
configure:20152: checking for msgmerge
configure:20182: result: /usr/bin/msgmerge
configure:20233: checking whether NLS is requested
configure:20242: result: yes
configure:20260: checking for GNU gettext in libc
configure:20285: gcc -o conftest -fPIC   conftest.c  >&5
configure: In function 'main':
configure:20300: warning: cast from pointer to integer of different size
configure:20288: $? = 0
configure:20291: test -s conftest
configure:20294: $? = 0
configure:20305: result: yes
configure:20964: checking whether to use NLS
configure:20966: result: yes
configure:20969: checking where the gettext function comes from
configure:20980: result: libc
configure:21043: checking for ANSI C header files
configure:21193: result: yes
configure:21220: checking locale.h usability
configure:21233: gcc -c -fPIC  conftest.c >&5
configure:21236: $? = 0
configure:21239: test -s conftest.o
configure:21242: $? = 0
configure:21252: result: yes
configure:21256: checking locale.h presence
configure:21267: gcc -E  conftest.c
configure:21273: $? = 0
configure:21292: result: yes
configure:21328: checking for locale.h
configure:21335: result: yes
configure:21220: checking stddef.h usability
configure:21233: gcc -c -fPIC  conftest.c >&5
configure:21236: $? = 0
configure:21239: test -s conftest.o
configure:21242: $? = 0
configure:21252: result: yes
configure:21256: checking stddef.h presence
configure:21267: gcc -E  conftest.c
configure:21273: $? = 0
configure:21292: result: yes
configure:21328: checking for stddef.h
configure:21335: result: yes
configure:21211: checking for stdlib.h
configure:21216: result: yes
configure:21211: checking for string.h
configure:21216: result: yes
configure:21356: checking for stdlib.h
configure:21361: result: yes
configure:21494: checking for mbstate_t
configure:21520: gcc -c -fPIC  conftest.c >&5
configure:21523: $? = 0
configure:21526: test -s conftest.o
configure:21529: $? = 0
configure:21540: result: yes
configure:21566: checking for getc_unlocked
configure:21616: gcc -o conftest -fPIC   conftest.c  >&5
configure:21619: $? = 0
configure:21622: test -s conftest
configure:21625: $? = 0
configure:21636: result: yes
configure:21566: checking for mbrtowc
configure:21616: gcc -o conftest -fPIC   conftest.c  >&5
configure:21619: $? = 0
configure:21622: test -s conftest
configure:21625: $? = 0
configure:21636: result: yes
configure:21566: checking for wcrtomb
configure:21616: gcc -o conftest -fPIC   conftest.c  >&5
configure:21619: $? = 0
configure:21622: test -s conftest
configure:21625: $? = 0
configure:21636: result: yes
configure:21566: checking for mbsinit
configure:21616: gcc -o conftest -fPIC   conftest.c  >&5
configure:21619: $? = 0
configure:21622: test -s conftest
configure:21625: $? = 0
configure:21636: result: yes
configure:21566: checking for setlocale
configure:21616: gcc -o conftest -fPIC   conftest.c  >&5
configure:21619: $? = 0
configure:21622: test -s conftest
configure:21625: $? = 0
configure:21636: result: yes
configure:21650: checking for memmove
configure:21700: gcc -o conftest -fPIC   conftest.c  >&5
configure:21713: warning: conflicting types for built-in function 'memmove'
configure:21703: $? = 0
configure:21706: test -s conftest
configure:21709: $? = 0
configure:21720: result: yes
configure:21735: checking for nl_langinfo and CODESET
configure:21757: gcc -o conftest -fPIC   conftest.c  >&5
configure:21760: $? = 0
configure:21763: test -s conftest
configure:21766: $? = 0
configure:21778: result: yes
configure:21805: checking wchar.h usability
configure:21818: gcc -c -fPIC  conftest.c >&5
configure:21821: $? = 0
configure:21824: test -s conftest.o
configure:21827: $? = 0
configure:21837: result: yes
configure:21841: checking wchar.h presence
configure:21852: gcc -E  conftest.c
configure:21858: $? = 0
configure:21877: result: yes
configure:21913: checking for wchar.h
configure:21920: result: yes
configure:21934: checking for EILSEQ
configure:22323: result: yes
configure:22336: checking byte ordering
configure:22365: gcc -o conftest -fPIC   conftest.c  >&5
configure: In function 'main':
configure:22399: warning: incompatible implicit declaration of built-in function 'exit'
configure:22368: $? = 0
configure:22370: ./conftest
configure:22373: $? = 1
configure: program exited with status 1
configure: failed program was:
| #line 22346 "configure"
| /* confdefs.h.  */
| 
| #define PACKAGE_NAME ""
| #define PACKAGE_TARNAME ""
| #define PACKAGE_VERSION ""
| #define PACKAGE_STRING ""
| #define PACKAGE_BUGREPORT ""
| #define PACKAGE "libiconv"
| #define VERSION "1.9"
| #define INSTALLPREFIX "/home/lscm/mproj/workproj/http_service/q_similar/include/others-ex/lib/libiconv-1.9.2"
| #define _GNU_SOURCE 1
| #define STDC_HEADERS 1
| #define HAVE_SYS_TYPES_H 1
| #define HAVE_SYS_STAT_H 1
| #define HAVE_STDLIB_H 1
| #define HAVE_STRING_H 1
| #define HAVE_MEMORY_H 1
| #define HAVE_STRINGS_H 1
| #define HAVE_INTTYPES_H 1
| #define HAVE_STDINT_H 1
| #define HAVE_UNISTD_H 1
| #define HAVE_DLFCN_H 1
| #ifdef __cplusplus
| #include <stdlib.h>
| #endif
| #define HAVE_ICONV 1
| #define ICONV_CONST 
| #define ENABLE_NLS 1
| #define HAVE_GETTEXT 1
| #define HAVE_DCGETTEXT 1
| #define STDC_HEADERS 1
| #define HAVE_LOCALE_H 1
| #define HAVE_STDDEF_H 1
| #define HAVE_STDLIB_H 1
| #define HAVE_STRING_H 1
| #define HAVE_STDLIB_H 1
| #define HAVE_GETC_UNLOCKED 1
| #define HAVE_MBRTOWC 1
| #define HAVE_WCRTOMB 1
| #define HAVE_MBSINIT 1
| #define HAVE_SETLOCALE 1
| #define HAVE_MEMMOVE 1
| #define HAVE_LANGINFO_CODESET 1
| #define HAVE_WCHAR_H 1
| /* end confdefs.h.  */
| int main () {
|   /* Are we little or big endian?  From Harbison&Steele.  */
|   union
|   {
|     long l;
|     char c[sizeof (long)];
|   } u;
|   u.l = 1;
|   exit (u.c[0] == 1);
| }
configure:22431: result: little endian
configure:22446: checking for working alloca.h
configure:22468: gcc -o conftest -fPIC   conftest.c  >&5
configure:22471: $? = 0
configure:22474: test -s conftest
configure:22477: $? = 0
configure:22488: result: yes
configure:22498: checking for alloca
configure:22540: gcc -o conftest -fPIC   conftest.c  >&5
configure:22543: $? = 0
configure:22546: test -s conftest
configure:22549: $? = 0
configure:22560: result: yes
configure:22773: checking for stdlib.h
configure:22778: result: yes
configure:22917: checking for string.h
configure:22922: result: yes
configure:23115: checking sys/param.h usability
configure:23128: gcc -c -fPIC  conftest.c >&5
configure:23131: $? = 0
configure:23134: test -s conftest.o
configure:23137: $? = 0
configure:23147: result: yes
configure:23151: checking sys/param.h presence
configure:23162: gcc -E  conftest.c
configure:23168: $? = 0
configure:23187: result: yes
configure:23223: checking for sys/param.h
configure:23230: result: yes
configure:23250: checking for unistd.h
configure:23255: result: yes
configure:23393: checking for canonicalize_file_name
configure:23443: gcc -o conftest -fPIC   conftest.c  >&5
configure:23446: $? = 0
configure:23449: test -s conftest
configure:23452: $? = 0
configure:23463: result: yes
configure:23579: checking whether clearerr_unlocked is declared
configure:23604: gcc -c -fPIC  conftest.c >&5
configure:23607: $? = 0
configure:23610: test -s conftest.o
configure:23613: $? = 0
configure:23624: result: yes
configure:23644: checking whether feof_unlocked is declared
configure:23669: gcc -c -fPIC  conftest.c >&5
configure:23672: $? = 0
configure:23675: test -s conftest.o
configure:23678: $? = 0
configure:23689: result: yes
configure:23709: checking whether ferror_unlocked is declared
configure:23734: gcc -c -fPIC  conftest.c >&5
configure:23737: $? = 0
configure:23740: test -s conftest.o
configure:23743: $? = 0
configure:23754: result: yes
configure:23774: checking whether fflush_unlocked is declared
configure:23799: gcc -c -fPIC  conftest.c >&5
configure:23802: $? = 0
configure:23805: test -s conftest.o
configure:23808: $? = 0
configure:23819: result: yes
configure:23839: checking whether fgets_unlocked is declared
configure:23864: gcc -c -fPIC  conftest.c >&5
configure:23867: $? = 0
configure:23870: test -s conftest.o
configure:23873: $? = 0
configure:23884: result: yes
configure:23904: checking whether fputc_unlocked is declared
configure:23929: gcc -c -fPIC  conftest.c >&5
configure:23932: $? = 0
configure:23935: test -s conftest.o
configure:23938: $? = 0
configure:23949: result: yes
configure:23969: checking whether fputs_unlocked is declared
configure:23994: gcc -c -fPIC  conftest.c >&5
configure:23997: $? = 0
configure:24000: test -s conftest.o
configure:24003: $? = 0
configure:24014: result: yes
configure:24034: checking whether fread_unlocked is declared
configure:24059: gcc -c -fPIC  conftest.c >&5
configure:24062: $? = 0
configure:24065: test -s conftest.o
configure:24068: $? = 0
configure:24079: result: yes
configure:24099: checking whether fwrite_unlocked is declared
configure:24124: gcc -c -fPIC  conftest.c >&5
configure:24127: $? = 0
configure:24130: test -s conftest.o
configure:24133: $? = 0
configure:24144: result: yes
configure:24164: checking whether getc_unlocked is declared
configure:24189: gcc -c -fPIC  conftest.c >&5
configure:24192: $? = 0
configure:24195: test -s conftest.o
configure:24198: $? = 0
configure:24209: result: yes
configure:24229: checking whether getchar_unlocked is declared
configure:24254: gcc -c -fPIC  conftest.c >&5
configure:24257: $? = 0
configure:24260: test -s conftest.o
configure:24263: $? = 0
configure:24274: result: yes
configure:24294: checking whether putc_unlocked is declared
configure:24319: gcc -c -fPIC  conftest.c >&5
configure:24322: $? = 0
configure:24325: test -s conftest.o
configure:24328: $? = 0
configure:24339: result: yes
configure:24359: checking whether putchar_unlocked is declared
configure:24384: gcc -c -fPIC  conftest.c >&5
configure:24387: $? = 0
configure:24390: test -s conftest.o
configure:24393: $? = 0
configure:24404: result: yes
configure:24474: checking for vprintf
configure:24524: gcc -o conftest -fPIC   conftest.c  >&5
configure:24561: warning: conflicting types for built-in function 'vprintf'
configure:24527: $? = 0
configure:24530: test -s conftest
configure:24533: $? = 0
configure:24544: result: yes
configure:24551: checking for _doprnt
configure:24601: gcc -o conftest -fPIC   conftest.c  >&5
/tmp/ccgEEnNa.o: In function `main':
conftest.c:(.text+0x11): undefined reference to `_doprnt'
/tmp/ccgEEnNa.o:(.data.rel+0x0): undefined reference to `_doprnt'
collect2: ld returned 1 exit status
configure:24604: $? = 1
configure: failed program was:
| #line 24556 "configure"
| /* confdefs.h.  */
| 
| #define PACKAGE_NAME ""
| #define PACKAGE_TARNAME ""
| #define PACKAGE_VERSION ""
| #define PACKAGE_STRING ""
| #define PACKAGE_BUGREPORT ""
| #define PACKAGE "libiconv"
| #define VERSION "1.9"
| #define INSTALLPREFIX "/home/lscm/mproj/workproj/http_service/q_similar/include/others-ex/lib/libiconv-1.9.2"
| #define _GNU_SOURCE 1
| #define STDC_HEADERS 1
| #define HAVE_SYS_TYPES_H 1
| #define HAVE_SYS_STAT_H 1
| #define HAVE_STDLIB_H 1
| #define HAVE_STRING_H 1
| #define HAVE_MEMORY_H 1
| #define HAVE_STRINGS_H 1
| #define HAVE_INTTYPES_H 1
| #define HAVE_STDINT_H 1
| #define HAVE_UNISTD_H 1
| #define HAVE_DLFCN_H 1
| #ifdef __cplusplus
| #include <stdlib.h>
| #endif
| #define HAVE_ICONV 1
| #define ICONV_CONST 
| #define ENABLE_NLS 1
| #define HAVE_GETTEXT 1
| #define HAVE_DCGETTEXT 1
| #define STDC_HEADERS 1
| #define HAVE_LOCALE_H 1
| #define HAVE_STDDEF_H 1
| #define HAVE_STDLIB_H 1
| #define HAVE_STRING_H 1
| #define HAVE_STDLIB_H 1
| #define HAVE_GETC_UNLOCKED 1
| #define HAVE_MBRTOWC 1
| #define HAVE_WCRTOMB 1
| #define HAVE_MBSINIT 1
| #define HAVE_SETLOCALE 1
| #define HAVE_MEMMOVE 1
| #define HAVE_LANGINFO_CODESET 1
| #define HAVE_WCHAR_H 1
| #define WORDS_LITTLEENDIAN 1
| #define HAVE_ALLOCA_H 1
| #define HAVE_ALLOCA 1
| #define HAVE_STDLIB_H 1
| #define HAVE_STRING_H 1
| #define HAVE_SYS_PARAM_H 1
| #define HAVE_UNISTD_H 1
| #define HAVE_CANONICALIZE_FILE_NAME 1
| #define HAVE_DECL_CLEARERR_UNLOCKED 1
| #define HAVE_DECL_FEOF_UNLOCKED 1
| #define HAVE_DECL_FERROR_UNLOCKED 1
| #define HAVE_DECL_FFLUSH_UNLOCKED 1
| #define HAVE_DECL_FGETS_UNLOCKED 1
| #define HAVE_DECL_FPUTC_UNLOCKED 1
| #define HAVE_DECL_FPUTS_UNLOCKED 1
| #define HAVE_DECL_FREAD_UNLOCKED 1
| #define HAVE_DECL_FWRITE_UNLOCKED 1
| #define HAVE_DECL_GETC_UNLOCKED 1
| #define HAVE_DECL_GETCHAR_UNLOCKED 1
| #define HAVE_DECL_PUTC_UNLOCKED 1
| #define HAVE_DECL_PUTCHAR_UNLOCKED 1
| #define HAVE_VPRINTF 1
| /* end confdefs.h.  */
| /* System header to define __stub macros and hopefully few prototypes,
|     which can conflict with char _doprnt (); below.
|     Prefer <limits.h> to <assert.h> if __STDC__ is defined, since
|     <limits.h> exists even on freestanding compilers.  */
| #ifdef __STDC__
| # include <limits.h>
| #else
| # include <assert.h>
| #endif
| /* Override any gcc2 internal prototype to avoid an error.  */
| #ifdef __cplusplus
| extern "C"
| {
| #endif
| /* We use char because int might match the return type of a gcc2
|    builtin and then its argument prototype would still apply.  */
| char _doprnt ();
| /* The GNU C library defines this for functions which it implements
|     to always fail with ENOSYS.  Some functions are actually named
|     something starting with __ and the normal name is an alias.  */
| #if defined (__stub__doprnt) || defined (__stub____doprnt)
| choke me
| #else
| char (*f) () = _doprnt;
| #endif
| #ifdef __cplusplus
| }
| #endif
| 
| int
| main ()
| {
| return f != _doprnt;
|   ;
|   return 0;
| }
configure:24621: result: no
configure:24636: checking for error_at_line
configure:24658: gcc -o conftest -fPIC   conftest.c  >&5
configure:24661: $? = 0
configure:24664: test -s conftest
configure:24667: $? = 0
configure:24678: result: yes
configure:25114: checking for setenv
configure:25164: gcc -o conftest -fPIC   conftest.c  >&5
configure:25167: $? = 0
configure:25170: test -s conftest
configure:25173: $? = 0
configure:25184: result: yes
configure:25114: checking for unsetenv
configure:25164: gcc -o conftest -fPIC   conftest.c  >&5
configure:25167: $? = 0
configure:25170: test -s conftest
configure:25173: $? = 0
configure:25184: result: yes
configure:25214: checking search.h usability
configure:25227: gcc -c -fPIC  conftest.c >&5
configure:25230: $? = 0
configure:25233: test -s conftest.o
configure:25236: $? = 0
configure:25246: result: yes
configure:25250: checking search.h presence
configure:25261: gcc -E  conftest.c
configure:25267: $? = 0
configure:25286: result: yes
configure:25322: checking for search.h
configure:25329: result: yes
configure:25205: checking for stdlib.h
configure:25210: result: yes
configure:25205: checking for string.h
configure:25210: result: yes
configure:25205: checking for unistd.h
configure:25210: result: yes
configure:25346: checking for tsearch
configure:25396: gcc -o conftest -fPIC   conftest.c  >&5
configure:25399: $? = 0
configure:25402: test -s conftest
configure:25405: $? = 0
configure:25416: result: yes
configure:25428: checking if errno is properly declared
configure:25452: gcc -c -fPIC  conftest.c >&5
configure:25510: error: conflicting types for '__errno_location'
/usr/include/x86_64-linux-gnu/bits/errno.h:50: note: previous declaration of '__errno_location' was here
configure:25455: $? = 1
configure: failed program was:
| #line 25434 "configure"
| /* confdefs.h.  */
| 
| #define PACKAGE_NAME ""
| #define PACKAGE_TARNAME ""
| #define PACKAGE_VERSION ""
| #define PACKAGE_STRING ""
| #define PACKAGE_BUGREPORT ""
| #define PACKAGE "libiconv"
| #define VERSION "1.9"
| #define INSTALLPREFIX "/home/lscm/mproj/workproj/http_service/q_similar/include/others-ex/lib/libiconv-1.9.2"
| #define _GNU_SOURCE 1
| #define STDC_HEADERS 1
| #define HAVE_SYS_TYPES_H 1
| #define HAVE_SYS_STAT_H 1
| #define HAVE_STDLIB_H 1
| #define HAVE_STRING_H 1
| #define HAVE_MEMORY_H 1
| #define HAVE_STRINGS_H 1
| #define HAVE_INTTYPES_H 1
| #define HAVE_STDINT_H 1
| #define HAVE_UNISTD_H 1
| #define HAVE_DLFCN_H 1
| #ifdef __cplusplus
| #include <stdlib.h>
| #endif
| #define HAVE_ICONV 1
| #define ICONV_CONST 
| #define ENABLE_NLS 1
| #define HAVE_GETTEXT 1
| #define HAVE_DCGETTEXT 1
| #define STDC_HEADERS 1
| #define HAVE_LOCALE_H 1
| #define HAVE_STDDEF_H 1
| #define HAVE_STDLIB_H 1
| #define HAVE_STRING_H 1
| #define HAVE_STDLIB_H 1
| #define HAVE_GETC_UNLOCKED 1
| #define HAVE_MBRTOWC 1
| #define HAVE_WCRTOMB 1
| #define HAVE_MBSINIT 1
| #define HAVE_SETLOCALE 1
| #define HAVE_MEMMOVE 1
| #define HAVE_LANGINFO_CODESET 1
| #define HAVE_WCHAR_H 1
| #define WORDS_LITTLEENDIAN 1
| #define HAVE_ALLOCA_H 1
| #define HAVE_ALLOCA 1
| #define HAVE_STDLIB_H 1
| #define HAVE_STRING_H 1
| #define HAVE_SYS_PARAM_H 1
| #define HAVE_UNISTD_H 1
| #define HAVE_CANONICALIZE_FILE_NAME 1
| #define HAVE_DECL_CLEARERR_UNLOCKED 1
| #define HAVE_DECL_FEOF_UNLOCKED 1
| #define HAVE_DECL_FERROR_UNLOCKED 1
| #define HAVE_DECL_FFLUSH_UNLOCKED 1
| #define HAVE_DECL_FGETS_UNLOCKED 1
| #define HAVE_DECL_FPUTC_UNLOCKED 1
| #define HAVE_DECL_FPUTS_UNLOCKED 1
| #define HAVE_DECL_FREAD_UNLOCKED 1
| #define HAVE_DECL_FWRITE_UNLOCKED 1
| #define HAVE_DECL_GETC_UNLOCKED 1
| #define HAVE_DECL_GETCHAR_UNLOCKED 1
| #define HAVE_DECL_PUTC_UNLOCKED 1
| #define HAVE_DECL_PUTCHAR_UNLOCKED 1
| #define HAVE_VPRINTF 1
| #define HAVE_ERROR_AT_LINE 1
| #define HAVE_SETENV 1
| #define HAVE_UNSETENV 1
| #define HAVE_SEARCH_H 1
| #define HAVE_STDLIB_H 1
| #define HAVE_STRING_H 1
| #define HAVE_UNISTD_H 1
| #define HAVE_TSEARCH 1
| /* end confdefs.h.  */
| #include <errno.h>
|       extern struct { int foo; } errno;
| int
| main ()
| {
| errno.foo = 1;
|   ;
|   return 0;
| }
configure:25473: result: yes
configure:25485: checking if environ is properly declared
configure:25509: gcc -c -fPIC  conftest.c >&5
configure:25568: error: conflicting types for 'environ'
/usr/include/unistd.h:545: note: previous declaration of 'environ' was here
configure:25512: $? = 1
configure: failed program was:
| #line 25491 "configure"
| /* confdefs.h.  */
| 
| #define PACKAGE_NAME ""
| #define PACKAGE_TARNAME ""
| #define PACKAGE_VERSION ""
| #define PACKAGE_STRING ""
| #define PACKAGE_BUGREPORT ""
| #define PACKAGE "libiconv"
| #define VERSION "1.9"
| #define INSTALLPREFIX "/home/lscm/mproj/workproj/http_service/q_similar/include/others-ex/lib/libiconv-1.9.2"
| #define _GNU_SOURCE 1
| #define STDC_HEADERS 1
| #define HAVE_SYS_TYPES_H 1
| #define HAVE_SYS_STAT_H 1
| #define HAVE_STDLIB_H 1
| #define HAVE_STRING_H 1
| #define HAVE_MEMORY_H 1
| #define HAVE_STRINGS_H 1
| #define HAVE_INTTYPES_H 1
| #define HAVE_STDINT_H 1
| #define HAVE_UNISTD_H 1
| #define HAVE_DLFCN_H 1
| #ifdef __cplusplus
| #include <stdlib.h>
| #endif
| #define HAVE_ICONV 1
| #define ICONV_CONST 
| #define ENABLE_NLS 1
| #define HAVE_GETTEXT 1
| #define HAVE_DCGETTEXT 1
| #define STDC_HEADERS 1
| #define HAVE_LOCALE_H 1
| #define HAVE_STDDEF_H 1
| #define HAVE_STDLIB_H 1
| #define HAVE_STRING_H 1
| #define HAVE_STDLIB_H 1
| #define HAVE_GETC_UNLOCKED 1
| #define HAVE_MBRTOWC 1
| #define HAVE_WCRTOMB 1
| #define HAVE_MBSINIT 1
| #define HAVE_SETLOCALE 1
| #define HAVE_MEMMOVE 1
| #define HAVE_LANGINFO_CODESET 1
| #define HAVE_WCHAR_H 1
| #define WORDS_LITTLEENDIAN 1
| #define HAVE_ALLOCA_H 1
| #define HAVE_ALLOCA 1
| #define HAVE_STDLIB_H 1
| #define HAVE_STRING_H 1
| #define HAVE_SYS_PARAM_H 1
| #define HAVE_UNISTD_H 1
| #define HAVE_CANONICALIZE_FILE_NAME 1
| #define HAVE_DECL_CLEARERR_UNLOCKED 1
| #define HAVE_DECL_FEOF_UNLOCKED 1
| #define HAVE_DECL_FERROR_UNLOCKED 1
| #define HAVE_DECL_FFLUSH_UNLOCKED 1
| #define HAVE_DECL_FGETS_UNLOCKED 1
| #define HAVE_DECL_FPUTC_UNLOCKED 1
| #define HAVE_DECL_FPUTS_UNLOCKED 1
| #define HAVE_DECL_FREAD_UNLOCKED 1
| #define HAVE_DECL_FWRITE_UNLOCKED 1
| #define HAVE_DECL_GETC_UNLOCKED 1
| #define HAVE_DECL_GETCHAR_UNLOCKED 1
| #define HAVE_DECL_PUTC_UNLOCKED 1
| #define HAVE_DECL_PUTCHAR_UNLOCKED 1
| #define HAVE_VPRINTF 1
| #define HAVE_ERROR_AT_LINE 1
| #define HAVE_SETENV 1
| #define HAVE_UNSETENV 1
| #define HAVE_SEARCH_H 1
| #define HAVE_STDLIB_H 1
| #define HAVE_STRING_H 1
| #define HAVE_UNISTD_H 1
| #define HAVE_TSEARCH 1
| #define HAVE_ERRNO_DECL 1
| /* end confdefs.h.  */
| #include <unistd.h>
|       extern struct { int foo; } environ;
| int
| main ()
| {
| environ.foo = 1;
|   ;
|   return 0;
| }
configure:25530: result: yes
configure:25541: checking for stdbool.h
configure:25575: gcc -c -fPIC  conftest.c >&5
configure:25578: $? = 0
configure:25581: test -s conftest.o
configure:25584: $? = 0
configure:25596: result: yes
configure:25667: checking for strerror
configure:25717: gcc -o conftest -fPIC   conftest.c  >&5
configure:25720: $? = 0
configure:25723: test -s conftest
configure:25726: $? = 0
configure:25737: result: yes
configure:25761: checking for readlink
configure:25811: gcc -o conftest -fPIC   conftest.c  >&5
configure:25814: $? = 0
configure:25817: test -s conftest
configure:25820: $? = 0
configure:25831: result: yes
configure:25847: checking for ssize_t
configure:25869: gcc -c -fPIC  conftest.c >&5
configure:25872: $? = 0
configure:25875: test -s conftest.o
configure:25878: $? = 0
configure:25889: result: yes
configure:25905: checking for sys/types.h
configure:25910: result: yes
configure:26209: creating ./config.status

## ---------------------- ##
## Running config.status. ##
## ---------------------- ##

This file was extended by config.status, which was
generated by GNU Autoconf 2.57.  Invocation command line was

  CONFIG_FILES    = 
  CONFIG_HEADERS  = 
  CONFIG_LINKS    = 
  CONFIG_COMMANDS = 
  $ ./config.status 

on lscm

config.status:728: creating Makefile
config.status:728: creating lib/Makefile
config.status:728: creating srclib/Makefile
config.status:728: creating src/Makefile
config.status:728: creating po/Makefile.in
config.status:728: creating man/Makefile
config.status:728: creating tests/Makefile
config.status:728: creating include/iconv.h
config.status:832: creating config.h
config.status:832: creating lib/config.h
config.status:1193: executing depfiles commands
config.status:1193: executing default-1 commands
configure:27627: configuring in libcharset
configure:27711: running /bin/bash './configure' --prefix=/home/lscm/mproj/workproj/http_service/q_similar/include/others-ex/lib/libiconv-1.9.2  '--prefix=/home/lscm/mproj/workproj/http_service/q_similar/include/others-ex/lib/libiconv-1.9.2' '--enable-shared=no' 'CFLAGS=-fPIC' --cache-file=/dev/null --srcdir=.

## ---------------- ##
## Cache variables. ##
## ---------------- ##

ac_cv_build=x86_64-unknown-linux-gnu
ac_cv_build_alias=x86_64-unknown-linux-gnu
ac_cv_c_compiler_gnu=yes
ac_cv_cxx_compiler_gnu=yes
ac_cv_decl_EILSEQ=yes
ac_cv_env_CC_set=
ac_cv_env_CC_value=
ac_cv_env_CFLAGS_set=set
ac_cv_env_CFLAGS_value=-fPIC
ac_cv_env_CPPFLAGS_set=
ac_cv_env_CPPFLAGS_value=
ac_cv_env_CPP_set=
ac_cv_env_CPP_value=
ac_cv_env_CXXCPP_set=
ac_cv_env_CXXCPP_value=
ac_cv_env_CXXFLAGS_set=
ac_cv_env_CXXFLAGS_value=
ac_cv_env_CXX_set=
ac_cv_env_CXX_value=
ac_cv_env_F77_set=
ac_cv_env_F77_value=
ac_cv_env_FFLAGS_set=
ac_cv_env_FFLAGS_value=
ac_cv_env_LDFLAGS_set=
ac_cv_env_LDFLAGS_value=
ac_cv_env_build_alias_set=
ac_cv_env_build_alias_value=
ac_cv_env_host_alias_set=
ac_cv_env_host_alias_value=
ac_cv_env_target_alias_set=
ac_cv_env_target_alias_value=
ac_cv_exeext=
ac_cv_f77_compiler_gnu=no
ac_cv_func__doprnt=no
ac_cv_func_alloca_works=yes
ac_cv_func_canonicalize_file_name=yes
ac_cv_func_getc_unlocked=yes
ac_cv_func_mbrtowc=yes
ac_cv_func_mbsinit=yes
ac_cv_func_memmove=yes
ac_cv_func_readlink=yes
ac_cv_func_setenv=yes
ac_cv_func_setlocale=yes
ac_cv_func_strerror=yes
ac_cv_func_tsearch=yes
ac_cv_func_unsetenv=yes
ac_cv_func_vprintf=yes
ac_cv_func_wcrtomb=yes
ac_cv_have_decl_clearerr_unlocked=yes
ac_cv_have_decl_feof_unlocked=yes
ac_cv_have_decl_ferror_unlocked=yes
ac_cv_have_decl_fflush_unlocked=yes
ac_cv_have_decl_fgets_unlocked=yes
ac_cv_have_decl_fputc_unlocked=yes
ac_cv_have_decl_fputs_unlocked=yes
ac_cv_have_decl_fread_unlocked=yes
ac_cv_have_decl_fwrite_unlocked=yes
ac_cv_have_decl_getc_unlocked=yes
ac_cv_have_decl_getchar_unlocked=yes
ac_cv_have_decl_putc_unlocked=yes
ac_cv_have_decl_putchar_unlocked=yes
ac_cv_header_dlfcn_h=yes
ac_cv_header_inttypes_h=yes
ac_cv_header_locale_h=yes
ac_cv_header_memory_h=yes
ac_cv_header_minix_config_h=no
ac_cv_header_search_h=yes
ac_cv_header_stdc=yes
ac_cv_header_stddef_h=yes
ac_cv_header_stdint_h=yes
ac_cv_header_stdlib_h=yes
ac_cv_header_string_h=yes
ac_cv_header_strings_h=yes
ac_cv_header_sys_param_h=yes
ac_cv_header_sys_stat_h=yes
ac_cv_header_sys_types_h=yes
ac_cv_header_unistd_h=yes
ac_cv_header_wchar_h=yes
ac_cv_host=x86_64-unknown-linux-gnu
ac_cv_host_alias=x86_64-unknown-linux-gnu
ac_cv_lib_cposix_strerror=no
ac_cv_objext=o
ac_cv_path_GMSGFMT=/usr/bin/msgfmt
ac_cv_path_MSGFMT=/usr/bin/msgfmt
ac_cv_path_MSGMERGE=/usr/bin/msgmerge
ac_cv_path_XGETTEXT=/usr/bin/xgettext
ac_cv_path_install='/usr/bin/install -c'
ac_cv_prog_AWK=mawk
ac_cv_prog_CPP='gcc -E'
ac_cv_prog_CXXCPP='g++ -E'
ac_cv_prog_ac_ct_AR=ar
ac_cv_prog_ac_ct_CC=gcc
ac_cv_prog_ac_ct_CXX=g++
ac_cv_prog_ac_ct_RANLIB=ranlib
ac_cv_prog_ac_ct_STRIP=strip
ac_cv_prog_cc_g=yes
ac_cv_prog_cc_stdc=
ac_cv_prog_cxx_g=yes
ac_cv_prog_egrep='grep -E'
ac_cv_prog_f77_g=no
ac_cv_prog_gcc_traditional=no
ac_cv_prog_make_make_set=yes
ac_cv_type_mbstate_t=yes
ac_cv_working_alloca_h=yes
acl_cv_hardcode_direct=no
acl_cv_hardcode_libdir_flag_spec='${wl}-rpath ${wl}$libdir'
acl_cv_hardcode_libdir_separator=
acl_cv_hardcode_minus_L=no
acl_cv_libext=a
acl_cv_libpath=LD_LIBRARY_PATH
acl_cv_path_LD=/usr/bin/ld
acl_cv_prog_gnu_ld=yes
acl_cv_rpath=done
acl_cv_shlibext=so
acl_cv_shlibpath_var=LD_LIBRARY_PATH
acl_cv_wl=-Wl,
am_cv_CC_dependencies_compiler_type=none
am_cv_CXX_dependencies_compiler_type=none
am_cv_func_iconv=yes
am_cv_langinfo_codeset=yes
am_cv_lib_error_at_line=yes
am_cv_lib_iconv=no
am_cv_proto_iconv='extern size_t iconv (iconv_t cd, char * *inbuf, size_t *inbytesleft, char * *outbuf, size_t *outbytesleft);'
am_cv_proto_iconv_arg1=
cl_cv_prog_LN=ln
cl_cv_prog_cp='cp -p'
cl_cv_sys_endian='little endian'
gt_cv_func_gnugettext1_libc=yes
gt_cv_header_stdbool_h=yes
gt_cv_ssize_t=yes
gt_cv_var_environ_declaration=yes
gt_cv_var_errno_declaration=yes
lt_cv_deplibs_check_method='file_magic ELF [0-9][0-9]*-bit [LM]SB (shared object|dynamic lib )'
lt_cv_file_magic_cmd='$MAGIC_CMD'
lt_cv_file_magic_test_file='/lib/libc.so* /lib/libc-*.so'
lt_cv_ld_reload_flag=-r
lt_cv_objdir=.libs
lt_cv_path_LD=/usr/bin/ld
lt_cv_path_LDCXX='/usr/bin/ld -m elf_x86_64'
lt_cv_path_MAGIC_CMD=/usr/bin/file
lt_cv_path_NM='/usr/bin/nm -B'
lt_cv_path_SED=/bin/sed
lt_cv_prog_compiler_c_o=yes
lt_cv_prog_compiler_c_o_CXX=yes
lt_cv_prog_compiler_rtti_exceptions=no
lt_cv_prog_gnu_ld=yes
lt_cv_prog_gnu_ldcxx=no
lt_cv_sys_global_symbol_pipe='sed -n -e '\''s/^.*[ 	]\([ABCDGISTW][ABCDGISTW]*\)[ 	][ 	]*\(\)\([_A-Za-z][_A-Za-z0-9]*\)$/\1 \2\3 \3/p'\'''
lt_cv_sys_global_symbol_to_c_name_address='sed -n -e '\''s/^: \([^ ]*\) $/  {\"\1\", (lt_ptr) 0},/p'\'' -e '\''s/^[BCDEGRST] \([^ ]*\) \([^ ]*\)$/  {"\2", (lt_ptr) \&\2},/p'\'''
lt_cv_sys_global_symbol_to_cdecl='sed -n -e '\''s/^. .* \(.*\)$/extern int \1;/p'\'''
lt_cv_sys_max_cmd_len=32768
lt_lt_cv_prog_compiler_c_o='"yes"'
lt_lt_cv_prog_compiler_c_o_CXX='"yes"'
lt_lt_cv_sys_global_symbol_pipe='"sed -n -e '\''s/^.*[ 	]\\([ABCDGISTW][ABCDGISTW]*\\)[ 	][ 	]*\\(\\)\\([_A-Za-z][_A-Za-z0-9]*\\)\$/\\1 \\2\\3 \\3/p'\''"'
lt_lt_cv_sys_global_symbol_to_c_name_address='"sed -n -e '\''s/^: \\([^ ]*\\) \$/  {\\\"\\1\\\", (lt_ptr) 0},/p'\'' -e '\''s/^[BCDEGRST] \\([^ ]*\\) \\([^ ]*\\)\$/  {\"\\2\", (lt_ptr) \\&\\2},/p'\''"'
lt_lt_cv_sys_global_symbol_to_cdecl='"sed -n -e '\''s/^. .* \\(.*\\)\$/extern int \\1;/p'\''"'

## ----------------- ##
## Output variables. ##
## ----------------- ##

ACLOCAL='${SHELL} /home/lscm/mproj/workproj/http_service/q_similar/include/others-ex/lib/libiconv-1.9.2/autoconf/missing --run aclocal-1.7'
ALLOCA=''
ALLOCA_H='alloca.h'
AMDEPBACKSLASH='\'
AMDEP_FALSE='#'
AMDEP_TRUE=''
AMTAR='${SHELL} /home/lscm/mproj/workproj/http_service/q_similar/include/others-ex/lib/libiconv-1.9.2/autoconf/missing --run tar'
AR='ar'
AS='as'
AUTOCONF='${SHELL} /home/lscm/mproj/workproj/http_service/q_similar/include/others-ex/lib/libiconv-1.9.2/autoconf/missing --run autoconf'
AUTOHEADER='${SHELL} /home/lscm/mproj/workproj/http_service/q_similar/include/others-ex/lib/libiconv-1.9.2/autoconf/missing --run autoheader'
AUTOMAKE='${SHELL} /home/lscm/mproj/workproj/http_service/q_similar/include/others-ex/lib/libiconv-1.9.2/autoconf/missing --run automake-1.7'
AWK='mawk'
CC='gcc'
CCDEPMODE='depmode=none'
CFLAGS='-fPIC'
CP='cp -p'
CPP='gcc -E'
CPPFLAGS=''
CXX='g++'
CXXCPP='g++ -E'
CXXDEPMODE='depmode=none'
CXXFLAGS='-g -O2'
CYGPATH_W='echo'
DEFS='-DHAVE_CONFIG_H'
DEPDIR='.deps'
DLLTOOL='dlltool'
ECHO='echo'
ECHO_C=''
ECHO_N='-n'
ECHO_T=''
EGREP='grep -E'
EILSEQ=''
EXEEXT=''
F77=''
FFLAGS=''
GCC='yes'
GMSGFMT='/usr/bin/msgfmt'
HAVE__BOOL=''
ICONV_CONST=''
INSTALL_DATA='${INSTALL} -m 644'
INSTALL_PROGRAM='${INSTALL}'
INSTALL_SCRIPT='${INSTALL}'
INSTALL_STRIP_PROGRAM='${SHELL} $(install_sh) -c -s'
INTLLIBS=''
LDFLAGS=''
LIBICONV=''
LIBINTL=''
LIBOBJS=''
LIBS=''
LIBTOOL='$(SHELL) $(top_builddir)/libtool'
LN='ln'
LN_S='ln -s'
LTLIBICONV=''
LTLIBINTL=''
LTLIBOBJS=''
MAKEINFO='${SHELL} /home/lscm/mproj/workproj/http_service/q_similar/include/others-ex/lib/libiconv-1.9.2/autoconf/missing --run makeinfo'
MKINSTALLDIRS='$(top_builddir)/autoconf/mkinstalldirs'
MSGFMT='/usr/bin/msgfmt'
MSGMERGE='/usr/bin/msgmerge'
OBJDUMP='objdump'
OBJEXT='o'
OS='linux'
PACKAGE='libiconv'
PACKAGE_BUGREPORT=''
PACKAGE_NAME=''
PACKAGE_STRING=''
PACKAGE_TARNAME=''
PACKAGE_VERSION=''
PATH_SEPARATOR=':'
PLUGLIB='libiconv_plug.so'
POSUB='po'
RANLIB='ranlib'
RELOCATABLE='no'
RELOCATABLE_VIA_LD_FALSE=''
RELOCATABLE_VIA_LD_TRUE='#'
SET_MAKE=''
SET_RELOCATABLE=''
SHELL='/bin/bash'
STDBOOL_H=''
STRIP='strip'
USE_EXTRA_ENCODINGS='no'
USE_NLS='yes'
VERSION='1.9'
XGETTEXT='/usr/bin/xgettext'
ac_ct_AR='ar'
ac_ct_AS=''
ac_ct_CC='gcc'
ac_ct_CXX='g++'
ac_ct_DLLTOOL=''
ac_ct_F77=''
ac_ct_OBJDUMP=''
ac_ct_RANLIB='ranlib'
ac_ct_STRIP='strip'
am__fastdepCC_FALSE=''
am__fastdepCC_TRUE='#'
am__fastdepCXX_FALSE=''
am__fastdepCXX_TRUE='#'
am__include='include'
am__leading_dot='.'
am__quote=''
bindir='${exec_prefix}/bin'
build='x86_64-unknown-linux-gnu'
build_alias=''
build_cpu='x86_64'
build_os='linux-gnu'
build_vendor='unknown'
datadir='${prefix}/share'
exec_prefix='${prefix}'
host='x86_64-unknown-linux-gnu'
host_alias=''
host_cpu='x86_64'
host_os='linux-gnu'
host_vendor='unknown'
includedir='${prefix}/include'
infodir='${prefix}/info'
install_sh='/home/lscm/mproj/workproj/http_service/q_similar/include/others-ex/lib/libiconv-1.9.2/autoconf/install-sh'
libdir='${exec_prefix}/lib'
libexecdir='${exec_prefix}/libexec'
localstatedir='${prefix}/var'
mandir='${datadir}/man'
oldincludedir='/usr/include'
prefix='/home/lscm/mproj/workproj/http_service/q_similar/include/others-ex/lib/libiconv-1.9.2'
program_transform_name='s,x,x,'
sbindir='${exec_prefix}/sbin'
sharedstatedir='${prefix}/com'
subdirs=' libcharset'
sysconfdir='${prefix}/etc'
target_alias=''

## ----------- ##
## confdefs.h. ##
## ----------- ##

#define ENABLE_NLS 1
#define HAVE_ALLOCA 1
#define HAVE_ALLOCA_H 1
#define HAVE_CANONICALIZE_FILE_NAME 1
#define HAVE_DCGETTEXT 1
#define HAVE_DECL_CLEARERR_UNLOCKED 1
#define HAVE_DECL_FEOF_UNLOCKED 1
#define HAVE_DECL_FERROR_UNLOCKED 1
#define HAVE_DECL_FFLUSH_UNLOCKED 1
#define HAVE_DECL_FGETS_UNLOCKED 1
#define HAVE_DECL_FPUTC_UNLOCKED 1
#define HAVE_DECL_FPUTS_UNLOCKED 1
#define HAVE_DECL_FREAD_UNLOCKED 1
#define HAVE_DECL_FWRITE_UNLOCKED 1
#define HAVE_DECL_GETCHAR_UNLOCKED 1
#define HAVE_DECL_GETC_UNLOCKED 1
#define HAVE_DECL_PUTCHAR_UNLOCKED 1
#define HAVE_DECL_PUTC_UNLOCKED 1
#define HAVE_DLFCN_H 1
#define HAVE_ENVIRON_DECL 1
#define HAVE_ERRNO_DECL 1
#define HAVE_ERROR_AT_LINE 1
#define HAVE_GETC_UNLOCKED 1
#define HAVE_GETTEXT 1
#define HAVE_ICONV 1
#define HAVE_INTTYPES_H 1
#define HAVE_LANGINFO_CODESET 1
#define HAVE_LOCALE_H 1
#define HAVE_MBRTOWC 1
#define HAVE_MBSINIT 1
#define HAVE_MEMMOVE 1
#define HAVE_MEMORY_H 1
#define HAVE_READLINK 1
#define HAVE_SEARCH_H 1
#define HAVE_SETENV 1
#define HAVE_SETLOCALE 1
#define HAVE_STDBOOL_H 1
#define HAVE_STDDEF_H 1
#define HAVE_STDINT_H 1
#define HAVE_STDLIB_H 1
#define HAVE_STDLIB_H 1
#define HAVE_STDLIB_H 1
#define HAVE_STDLIB_H 1
#define HAVE_STDLIB_H 1
#define HAVE_STRERROR 1
#define HAVE_STRINGS_H 1
#define HAVE_STRING_H 1
#define HAVE_STRING_H 1
#define HAVE_STRING_H 1
#define HAVE_STRING_H 1
#define HAVE_SYS_PARAM_H 1
#define HAVE_SYS_STAT_H 1
#define HAVE_SYS_TYPES_H 1
#define HAVE_SYS_TYPES_H 1
#define HAVE_TSEARCH 1
#define HAVE_UNISTD_H 1
#define HAVE_UNISTD_H 1
#define HAVE_UNISTD_H 1
#define HAVE_UNSETENV 1
#define HAVE_VPRINTF 1
#define HAVE_WCHAR_H 1
#define HAVE_WCRTOMB 1
#define ICONV_CONST 
#define INSTALLPREFIX "/home/lscm/mproj/workproj/http_service/q_similar/include/others-ex/lib/libiconv-1.9.2"
#define PACKAGE "libiconv"
#define PACKAGE_BUGREPORT ""
#define PACKAGE_NAME ""
#define PACKAGE_STRING ""
#define PACKAGE_TARNAME ""
#define PACKAGE_VERSION ""
#define STDC_HEADERS 1
#define STDC_HEADERS 1
#define VERSION "1.9"
#define WORDS_LITTLEENDIAN 1
#define _GNU_SOURCE 1
#endif
#ifdef __cplusplus
#include <stdlib.h>

configure: exit 0
