This file contains any messages produced by compilers while
running configure, to aid debugging if configure makes a mistake.

It was created by configure, which was
generated by GNU Autoconf 2.57.  Invocation command line was

  $ ./configure --prefix=/home/lscm/mproj/workproj/http_service/q_similar/include/others-ex/lib/libiconv-1.9.2 --prefix=/home/lscm/mproj/workproj/http_service/q_similar/include/others-ex/lib/libiconv-1.9.2 --enable-shared=no CFLAGS=-fPIC --cache-file=/dev/null --srcdir=.

## --------- ##
## Platform. ##
## --------- ##

hostname = lscm
uname -m = x86_64
uname -r = 3.16.0-30-generic
uname -s = Linux
uname -v = #40~14.04.1-Ubuntu SMP Thu Jan 15 17:43:14 UTC 2015

/usr/bin/uname -p = unknown
/bin/uname -X     = unknown

/bin/arch              = unknown
/usr/bin/arch -k       = unknown
/usr/convex/getsysinfo = unknown
hostinfo               = unknown
/bin/machine           = unknown
/usr/bin/oslevel       = unknown
/bin/universe          = unknown

PATH: /usr/local/sbin
PATH: /usr/local/bin
PATH: /usr/sbin
PATH: /usr/bin
PATH: /sbin
PATH: /bin


## ----------- ##
## Core tests. ##
## ----------- ##

configure:1485: checking whether make sets $(MAKE)
configure:1505: result: yes
configure:1567: checking for gcc
configure:1583: found /usr/bin/gcc
configure:1593: result: gcc
configure:1837: checking for C compiler version
configure:1840: gcc --version </dev/null >&5
gcc (Ubuntu/Linaro 4.4.7-8ubuntu1) 4.4.7
Copyright (C) 2010 Free Software Foundation, Inc.
This is free software; see the source for copying conditions.  There is NO
warranty; not even for MERCHANTABILITY or FITNESS FOR A PARTICULAR PURPOSE.

configure:1843: $? = 0
configure:1845: gcc -v </dev/null >&5
Using built-in specs.
Target: x86_64-linux-gnu
Configured with: ../src/configure -v --with-pkgversion='Ubuntu/Linaro 4.4.7-8ubuntu1' --with-bugurl=file:///usr/share/doc/gcc-4.4/README.Bugs --enable-languages=c,c++,fortran --prefix=/usr --program-suffix=-4.4 --enable-shared --enable-linker-build-id --with-system-zlib --libexecdir=/usr/lib --without-included-gettext --enable-threads=posix --with-gxx-include-dir=/usr/include/c++/4.4 --libdir=/usr/lib --enable-nls --with-sysroot=/ --enable-clocale=gnu --enable-libstdcxx-debug --disable-libmudflap --disable-werror --with-arch-32=i686 --with-tune=generic --enable-checking=release --build=x86_64-linux-gnu --host=x86_64-linux-gnu --target=x86_64-linux-gnu
Thread model: posix
gcc version 4.4.7 (Ubuntu/Linaro 4.4.7-8ubuntu1) 
configure:1848: $? = 0
configure:1850: gcc -V </dev/null >&5
gcc: '-V' option must have argument
configure:1853: $? = 1
configure:1877: checking for C compiler default output
configure:1880: gcc -fPIC   conftest.c  >&5
configure:1883: $? = 0
configure:1929: result: a.out
configure:1934: checking whether the C compiler works
configure:1940: ./a.out
configure:1943: $? = 0
configure:1960: result: yes
configure:1967: checking whether we are cross compiling
configure:1969: result: no
configure:1972: checking for suffix of executables
configure:1974: gcc -o conftest -fPIC   conftest.c  >&5
configure:1977: $? = 0
configure:2002: result: 
configure:2008: checking for suffix of object files
configure:2030: gcc -c -fPIC  conftest.c >&5
configure:2033: $? = 0
configure:2055: result: o
configure:2059: checking whether we are using the GNU C compiler
configure:2084: gcc -c -fPIC  conftest.c >&5
configure:2087: $? = 0
configure:2090: test -s conftest.o
configure:2093: $? = 0
configure:2106: result: yes
configure:2112: checking whether gcc accepts -g
configure:2134: gcc -c -g  conftest.c >&5
configure:2137: $? = 0
configure:2140: test -s conftest.o
configure:2143: $? = 0
configure:2154: result: yes
configure:2171: checking for gcc option to accept ANSI C
configure:2232: gcc  -c -fPIC  conftest.c >&5
configure:2235: $? = 0
configure:2238: test -s conftest.o
configure:2241: $? = 0
configure:2259: result: none needed
configure:2277: gcc -c -fPIC  conftest.c >&5
conftest.c:2: error: expected '=', ',', ';', 'asm' or '__attribute__' before 'me'
configure:2280: $? = 1
configure: failed program was:
| #ifndef __cplusplus
|   choke me
| #endif
configure:2394: checking how to run the C preprocessor
configure:2430: gcc -E  conftest.c
configure:2436: $? = 0
configure:2468: gcc -E  conftest.c
configure:2467: fatal error: ac_nonexistent.h: No such file or directory
compilation terminated.
configure:2474: $? = 1
configure: failed program was:
| #line 2459 "configure"
| /* confdefs.h.  */
| 
| #define PACKAGE_NAME ""
| #define PACKAGE_TARNAME ""
| #define PACKAGE_VERSION ""
| #define PACKAGE_STRING ""
| #define PACKAGE_BUGREPORT ""
| /* end confdefs.h.  */
| #include <ac_nonexistent.h>
configure:2512: result: gcc -E
configure:2537: gcc -E  conftest.c
configure:2543: $? = 0
configure:2575: gcc -E  conftest.c
configure:2574: fatal error: ac_nonexistent.h: No such file or directory
compilation terminated.
configure:2581: $? = 1
configure: failed program was:
| #line 2566 "configure"
| /* confdefs.h.  */
| 
| #define PACKAGE_NAME ""
| #define PACKAGE_TARNAME ""
| #define PACKAGE_VERSION ""
| #define PACKAGE_STRING ""
| #define PACKAGE_BUGREPORT ""
| /* end confdefs.h.  */
| #include <ac_nonexistent.h>
configure:2625: checking for egrep
configure:2635: result: grep -E
configure:2641: checking whether gcc needs -traditional
configure:2685: result: no
configure:2704: checking for a BSD-compatible install
configure:2758: result: /usr/bin/install -c
configure:2777: checking build system type
configure:2795: result: x86_64-unknown-linux-gnu
configure:2803: checking host system type
configure:2817: result: x86_64-unknown-linux-gnu
configure:2828: checking whether to activate relocatable installation
configure:2843: result: no
configure:2863: checking for AIX
configure:2886: result: no
configure:2892: checking for ANSI C header files
configure:2918: gcc -c -fPIC  conftest.c >&5
configure:2921: $? = 0
configure:2924: test -s conftest.o
configure:2927: $? = 0
configure:3019: gcc -o conftest -fPIC   conftest.c  >&5
configure: In function 'main':
configure:3013: warning: incompatible implicit declaration of built-in function 'exit'
configure:3022: $? = 0
configure:3024: ./conftest
configure:3027: $? = 0
configure:3042: result: yes
configure:3066: checking for sys/types.h
configure:3083: gcc -c -fPIC  conftest.c >&5
configure:3086: $? = 0
configure:3089: test -s conftest.o
configure:3092: $? = 0
configure:3103: result: yes
configure:3066: checking for sys/stat.h
configure:3083: gcc -c -fPIC  conftest.c >&5
configure:3086: $? = 0
configure:3089: test -s conftest.o
configure:3092: $? = 0
configure:3103: result: yes
configure:3066: checking for stdlib.h
configure:3083: gcc -c -fPIC  conftest.c >&5
configure:3086: $? = 0
configure:3089: test -s conftest.o
configure:3092: $? = 0
configure:3103: result: yes
configure:3066: checking for string.h
configure:3083: gcc -c -fPIC  conftest.c >&5
configure:3086: $? = 0
configure:3089: test -s conftest.o
configure:3092: $? = 0
configure:3103: result: yes
configure:3066: checking for memory.h
configure:3083: gcc -c -fPIC  conftest.c >&5
configure:3086: $? = 0
configure:3089: test -s conftest.o
configure:3092: $? = 0
configure:3103: result: yes
configure:3066: checking for strings.h
configure:3083: gcc -c -fPIC  conftest.c >&5
configure:3086: $? = 0
configure:3089: test -s conftest.o
configure:3092: $? = 0
configure:3103: result: yes
configure:3066: checking for inttypes.h
configure:3083: gcc -c -fPIC  conftest.c >&5
configure:3086: $? = 0
configure:3089: test -s conftest.o
configure:3092: $? = 0
configure:3103: result: yes
configure:3066: checking for stdint.h
configure:3083: gcc -c -fPIC  conftest.c >&5
configure:3086: $? = 0
configure:3089: test -s conftest.o
configure:3092: $? = 0
configure:3103: result: yes
configure:3066: checking for unistd.h
configure:3083: gcc -c -fPIC  conftest.c >&5
configure:3086: $? = 0
configure:3089: test -s conftest.o
configure:3092: $? = 0
configure:3103: result: yes
configure:3125: checking minix/config.h usability
configure:3138: gcc -c -fPIC  conftest.c >&5
configure:3180: fatal error: minix/config.h: No such file or directory
compilation terminated.
configure:3141: $? = 1
configure: failed program was:
| #line 3127 "configure"
| /* confdefs.h.  */
| 
| #define PACKAGE_NAME ""
| #define PACKAGE_TARNAME ""
| #define PACKAGE_VERSION ""
| #define PACKAGE_STRING ""
| #define PACKAGE_BUGREPORT ""
| #define INSTALLPREFIX "/home/lscm/mproj/workproj/http_service/q_similar/include/others-ex/lib/libiconv-1.9.2"
| #define STDC_HEADERS 1
| #define HAVE_SYS_TYPES_H 1
| #define HAVE_SYS_STAT_H 1
| #define HAVE_STDLIB_H 1
| #define HAVE_STRING_H 1
| #define HAVE_MEMORY_H 1
| #define HAVE_STRINGS_H 1
| #define HAVE_INTTYPES_H 1
| #define HAVE_STDINT_H 1
| #define HAVE_UNISTD_H 1
| /* end confdefs.h.  */
| #include <stdio.h>
| #if HAVE_SYS_TYPES_H
| # include <sys/types.h>
| #endif
| #if HAVE_SYS_STAT_H
| # include <sys/stat.h>
| #endif
| #if STDC_HEADERS
| # include <stdlib.h>
| # include <stddef.h>
| #else
| # if HAVE_STDLIB_H
| #  include <stdlib.h>
| # endif
| #endif
| #if HAVE_STRING_H
| # if !STDC_HEADERS && HAVE_MEMORY_H
| #  include <memory.h>
| # endif
| # include <string.h>
| #endif
| #if HAVE_STRINGS_H
| # include <strings.h>
| #endif
| #if HAVE_INTTYPES_H
| # include <inttypes.h>
| #else
| # if HAVE_STDINT_H
| #  include <stdint.h>
| # endif
| #endif
| #if HAVE_UNISTD_H
| # include <unistd.h>
| #endif
| #include <minix/config.h>
configure:3157: result: no
configure:3161: checking minix/config.h presence
configure:3172: gcc -E  conftest.c
configure:3182: fatal error: minix/config.h: No such file or directory
compilation terminated.
configure:3178: $? = 1
configure: failed program was:
| #line 3163 "configure"
| /* confdefs.h.  */
| 
| #define PACKAGE_NAME ""
| #define PACKAGE_TARNAME ""
| #define PACKAGE_VERSION ""
| #define PACKAGE_STRING ""
| #define PACKAGE_BUGREPORT ""
| #define INSTALLPREFIX "/home/lscm/mproj/workproj/http_service/q_similar/include/others-ex/lib/libiconv-1.9.2"
| #define STDC_HEADERS 1
| #define HAVE_SYS_TYPES_H 1
| #define HAVE_SYS_STAT_H 1
| #define HAVE_STDLIB_H 1
| #define HAVE_STRING_H 1
| #define HAVE_MEMORY_H 1
| #define HAVE_STRINGS_H 1
| #define HAVE_INTTYPES_H 1
| #define HAVE_STDINT_H 1
| #define HAVE_UNISTD_H 1
| /* end confdefs.h.  */
| #include <minix/config.h>
configure:3197: result: no
configure:3233: checking for minix/config.h
configure:3240: result: no
configure:3270: checking for strerror in -lcposix
configure:3301: gcc -o conftest -fPIC   conftest.c -lcposix   >&5
/usr/bin/ld: cannot find -lcposix
collect2: ld returned 1 exit status
configure:3304: $? = 1
configure: failed program was:
| #line 3277 "configure"
| /* confdefs.h.  */
| 
| #define PACKAGE_NAME ""
| #define PACKAGE_TARNAME ""
| #define PACKAGE_VERSION ""
| #define PACKAGE_STRING ""
| #define PACKAGE_BUGREPORT ""
| #define INSTALLPREFIX "/home/lscm/mproj/workproj/http_service/q_similar/include/others-ex/lib/libiconv-1.9.2"
| #define STDC_HEADERS 1
| #define HAVE_SYS_TYPES_H 1
| #define HAVE_SYS_STAT_H 1
| #define HAVE_STDLIB_H 1
| #define HAVE_STRING_H 1
| #define HAVE_MEMORY_H 1
| #define HAVE_STRINGS_H 1
| #define HAVE_INTTYPES_H 1
| #define HAVE_STDINT_H 1
| #define HAVE_UNISTD_H 1
| /* end confdefs.h.  */
| 
| /* Override any gcc2 internal prototype to avoid an error.  */
| #ifdef __cplusplus
| extern "C"
| #endif
| /* We use char because int might match the return type of a gcc2
|    builtin and then its argument prototype would still apply.  */
| char strerror ();
| int
| main ()
| {
| strerror ();
|   ;
|   return 0;
| }
configure:3322: result: no
configure:3410: checking for a sed that does not truncate output
configure:3464: result: /bin/sed
configure:3478: checking for ld used by gcc
configure:3545: result: /usr/bin/ld
configure:3554: checking if the linker (/usr/bin/ld) is GNU ld
configure:3569: result: yes
configure:3574: checking for /usr/bin/ld option to reload object files
configure:3581: result: -r
configure:3590: checking for BSD-compatible nm
configure:3632: result: /usr/bin/nm -B
configure:3636: checking whether ln -s works
configure:3640: result: yes
configure:3647: checking how to recognise dependent libraries
configure:3847: result: file_magic ELF [0-9][0-9]*-bit [LM]SB (shared object|dynamic lib )
configure:3929: gcc -c -fPIC  conftest.c >&5
configure:3932: $? = 0
configure:4299: checking dlfcn.h usability
configure:4312: gcc -c -fPIC  conftest.c >&5
configure:4315: $? = 0
configure:4318: test -s conftest.o
configure:4321: $? = 0
configure:4331: result: yes
configure:4335: checking dlfcn.h presence
configure:4346: gcc -E  conftest.c
configure:4352: $? = 0
configure:4371: result: yes
configure:4407: checking for dlfcn.h
configure:4414: result: yes
configure:4479: checking for g++
configure:4495: found /usr/bin/g++
configure:4505: result: g++
configure:4521: checking for C++ compiler version
configure:4524: g++ --version </dev/null >&5
g++ (Ubuntu 4.8.2-19ubuntu1) 4.8.2
Copyright (C) 2013 Free Software Foundation, Inc.
This is free software; see the source for copying conditions.  There is NO
warranty; not even for MERCHANTABILITY or FITNESS FOR A PARTICULAR PURPOSE.

configure:4527: $? = 0
configure:4529: g++ -v </dev/null >&5
Using built-in specs.
COLLECT_GCC=g++
COLLECT_LTO_WRAPPER=/usr/lib/gcc/x86_64-linux-gnu/4.8/lto-wrapper
Target: x86_64-linux-gnu
Configured with: ../src/configure -v --with-pkgversion='Ubuntu 4.8.2-19ubuntu1' --with-bugurl=file:///usr/share/doc/gcc-4.8/README.Bugs --enable-languages=c,c++,java,go,d,fortran,objc,obj-c++ --prefix=/usr --program-suffix=-4.8 --enable-shared --enable-linker-build-id --libexecdir=/usr/lib --without-included-gettext --enable-threads=posix --with-gxx-include-dir=/usr/include/c++/4.8 --libdir=/usr/lib --enable-nls --with-sysroot=/ --enable-clocale=gnu --enable-libstdcxx-debug --enable-libstdcxx-time=yes --enable-gnu-unique-object --disable-libmudflap --enable-plugin --with-system-zlib --disable-browser-plugin --enable-java-awt=gtk --enable-gtk-cairo --with-java-home=/usr/lib/jvm/java-1.5.0-gcj-4.8-amd64/jre --enable-java-home --with-jvm-root-dir=/usr/lib/jvm/java-1.5.0-gcj-4.8-amd64 --with-jvm-jar-dir=/usr/lib/jvm-exports/java-1.5.0-gcj-4.8-amd64 --with-arch-directory=amd64 --with-ecj-jar=/usr/share/java/eclipse-ecj.jar --enable-objc-gc --enable-multiarch --disable-werror --with-arch-32=i686 --with-abi=m64 --with-multilib-list=m32,m64,mx32 --with-tune=generic --enable-checking=release --build=x86_64-linux-gnu --host=x86_64-linux-gnu --target=x86_64-linux-gnu
Thread model: posix
gcc version 4.8.2 (Ubuntu 4.8.2-19ubuntu1) 
configure:4532: $? = 0
configure:4534: g++ -V </dev/null >&5
g++: error: unrecognized command line option '-V'
g++: fatal error: no input files
compilation terminated.
configure:4537: $? = 4
configure:4540: checking whether we are using the GNU C++ compiler
configure:4565: g++ -c   conftest.cc >&5
configure:4568: $? = 0
configure:4571: test -s conftest.o
configure:4574: $? = 0
configure:4587: result: yes
configure:4593: checking whether g++ accepts -g
configure:4615: g++ -c -g  conftest.cc >&5
configure:4618: $? = 0
configure:4621: test -s conftest.o
configure:4624: $? = 0
configure:4635: result: yes
configure:4679: g++ -c -g -O2  conftest.cc >&5
configure:4682: $? = 0
configure:4685: test -s conftest.o
configure:4688: $? = 0
configure:4715: g++ -c -g -O2  conftest.cc >&5
configure: In function 'int main()':
configure:4722:9: error: 'exit' was not declared in this scope
   (eval $ac_try) 2>&5
         ^
configure:4718: $? = 1
configure: failed program was:
| #line 4698 "configure"
| /* confdefs.h.  */
| 
| #define PACKAGE_NAME ""
| #define PACKAGE_TARNAME ""
| #define PACKAGE_VERSION ""
| #define PACKAGE_STRING ""
| #define PACKAGE_BUGREPORT ""
| #define INSTALLPREFIX "/home/lscm/mproj/workproj/http_service/q_similar/include/others-ex/lib/libiconv-1.9.2"
| #define STDC_HEADERS 1
| #define HAVE_SYS_TYPES_H 1
| #define HAVE_SYS_STAT_H 1
| #define HAVE_STDLIB_H 1
| #define HAVE_STRING_H 1
| #define HAVE_MEMORY_H 1
| #define HAVE_STRINGS_H 1
| #define HAVE_INTTYPES_H 1
| #define HAVE_STDINT_H 1
| #define HAVE_UNISTD_H 1
| #define HAVE_DLFCN_H 1
| /* end confdefs.h.  */
| 
| int
| main ()
| {
| exit (42);
|   ;
|   return 0;
| }
configure:4679: g++ -c -g -O2  conftest.cc >&5
configure:4682: $? = 0
configure:4685: test -s conftest.o
configure:4688: $? = 0
configure:4715: g++ -c -g -O2  conftest.cc >&5
configure:4718: $? = 0
configure:4721: test -s conftest.o
configure:4724: $? = 0
configure:4752: checking how to run the C++ preprocessor
configure:4784: g++ -E  conftest.cc
configure:4790: $? = 0
configure:4822: g++ -E  conftest.cc
configure:4836:28: fatal error: ac_nonexistent.h: No such file or directory
   ac_cpp_err=yes
                            ^
compilation terminated.
configure:4828: $? = 1
configure: failed program was:
| #line 4813 "configure"
| /* confdefs.h.  */
| 
| #define PACKAGE_NAME ""
| #define PACKAGE_TARNAME ""
| #define PACKAGE_VERSION ""
| #define PACKAGE_STRING ""
| #define PACKAGE_BUGREPORT ""
| #define INSTALLPREFIX "/home/lscm/mproj/workproj/http_service/q_similar/include/others-ex/lib/libiconv-1.9.2"
| #define STDC_HEADERS 1
| #define HAVE_SYS_TYPES_H 1
| #define HAVE_SYS_STAT_H 1
| #define HAVE_STDLIB_H 1
| #define HAVE_STRING_H 1
| #define HAVE_MEMORY_H 1
| #define HAVE_STRINGS_H 1
| #define HAVE_INTTYPES_H 1
| #define HAVE_STDINT_H 1
| #define HAVE_UNISTD_H 1
| #define HAVE_DLFCN_H 1
| #ifdef __cplusplus
| #include <stdlib.h>
| #endif
| /* end confdefs.h.  */
| #include <ac_nonexistent.h>
configure:4866: result: g++ -E
configure:4891: g++ -E  conftest.cc
configure:4897: $? = 0
configure:4929: g++ -E  conftest.cc
configure:4943:28: fatal error: ac_nonexistent.h: No such file or directory
   ac_cpp_err=yes
                            ^
compilation terminated.
configure:4935: $? = 1
configure: failed program was:
| #line 4920 "configure"
| /* confdefs.h.  */
| 
| #define PACKAGE_NAME ""
| #define PACKAGE_TARNAME ""
| #define PACKAGE_VERSION ""
| #define PACKAGE_STRING ""
| #define PACKAGE_BUGREPORT ""
| #define INSTALLPREFIX "/home/lscm/mproj/workproj/http_service/q_similar/include/others-ex/lib/libiconv-1.9.2"
| #define STDC_HEADERS 1
| #define HAVE_SYS_TYPES_H 1
| #define HAVE_SYS_STAT_H 1
| #define HAVE_STDLIB_H 1
| #define HAVE_STRING_H 1
| #define HAVE_MEMORY_H 1
| #define HAVE_STRINGS_H 1
| #define HAVE_INTTYPES_H 1
| #define HAVE_STDINT_H 1
| #define HAVE_UNISTD_H 1
| #define HAVE_DLFCN_H 1
| #ifdef __cplusplus
| #include <stdlib.h>
| #endif
| /* end confdefs.h.  */
| #include <ac_nonexistent.h>
configure:5029: checking for g77
configure:5058: result: no
configure:5029: checking for f77
configure:5058: result: no
configure:5029: checking for xlf
configure:5058: result: no
configure:5029: checking for frt
configure:5058: result: no
configure:5029: checking for pgf77
configure:5058: result: no
configure:5029: checking for fl32
configure:5058: result: no
configure:5029: checking for af77
configure:5058: result: no
configure:5029: checking for fort77
configure:5058: result: no
configure:5029: checking for f90
configure:5058: result: no
configure:5029: checking for xlf90
configure:5058: result: no
configure:5029: checking for pgf90
configure:5058: result: no
configure:5029: checking for epcf90
configure:5058: result: no
configure:5029: checking for f95
configure:5058: result: no
configure:5029: checking for fort
configure:5058: result: no
configure:5029: checking for xlf95
configure:5058: result: no
configure:5029: checking for lf95
configure:5058: result: no
configure:5029: checking for g95
configure:5058: result: no
configure:5070: checking for Fortran 77 compiler version
configure:5073:  --version </dev/null >&5
./configure: line 5074: --version: command not found
configure:5076: $? = 127
configure:5078:  -v </dev/null >&5
./configure: line 5079: -v: command not found
configure:5081: $? = 127
configure:5083:  -V </dev/null >&5
./configure: line 5084: -V: command not found
configure:5086: $? = 127
configure:5093: checking whether we are using the GNU Fortran 77 compiler
configure:5107:  -c  conftest.F >&5
./configure: line 5108: -c: command not found
configure:5110: $? = 127
configure: failed program was:
|       program main
| #ifndef __GNUC__
|        choke me
| #endif
| 
|       end
configure:5129: result: no
configure:5136: checking whether  accepts -g
configure:5148:  -c -g conftest.f >&5
./configure: line 5149: -c: command not found
configure:5151: $? = 127
configure: failed program was:
|       program main
| 
|       end
configure:5169: result: no
configure:5197: checking the maximum length of command line arguments
configure:5256: result: 32768
configure:5267: checking command to parse /usr/bin/nm -B output from gcc object
configure:5356: gcc -c -fPIC  conftest.c >&5
configure:5359: $? = 0
configure:5363: /usr/bin/nm -B conftest.o \| sed -n -e 's/^.*[ 	]\([ABCDGISTW][ABCDGISTW]*\)[ 	][ 	]*\(\)\([_A-Za-z][_A-Za-z0-9]*\)$/\1 \2\3 \3/p' \> conftest.nm
configure:5366: $? = 0
configure:5418: gcc -o conftest -fPIC   conftest.c conftstm.o >&5
configure:5421: $? = 0
configure:5459: result: ok
configure:5463: checking for objdir
configure:5478: result: .libs
configure:5568: checking for ar
configure:5584: found /usr/bin/ar
configure:5595: result: ar
configure:5648: checking for ranlib
configure:5664: found /usr/bin/ranlib
configure:5675: result: ranlib
configure:5728: checking for strip
configure:5744: found /usr/bin/strip
configure:5755: result: strip
configure:5809: checking for file
configure:5862: result: /usr/bin/file
configure:6017: checking if gcc static flag  works
configure:6040: result: yes
configure:6057: checking if gcc supports -fno-rtti -fno-exceptions
configure:6075: gcc -c -fPIC  -fno-rtti -fno-exceptions conftest.c >&5
cc1: warning: command line option "-fno-rtti" is valid for C++/ObjC++ but not for C
configure:6079: $? = 0
configure:6090: result: no
configure:6105: checking for gcc option to produce PIC
configure:6282: result: -fPIC
configure:6289: checking if gcc PIC flag -fPIC works
configure:6307: gcc -c -fPIC  -fPIC -DPIC conftest.c >&5
configure:6311: $? = 0
configure:6322: result: yes
configure:6346: checking if gcc supports -c -o file.o
configure:6374: gcc -c -fPIC  -o out/conftest2.o conftest.c >&5
configure:6378: $? = 0
configure:6395: result: yes
configure:6421: checking whether the gcc linker (/usr/bin/ld -m elf_x86_64) supports shared libraries
configure:7215: result: yes
configure:7286: checking how to hardcode library paths into programs
configure:7311: result: immediate
configure:7325: checking whether stripping libraries is possible
configure:7330: result: yes
configure:7352: checking dynamic linker characteristics
configure:7875: result: GNU/Linux ld.so
configure:8601: checking if libtool supports shared libraries
configure:8603: result: yes
configure:8606: checking whether to build shared libraries
configure:8655: result: no
configure:8658: checking whether to build static libraries
configure:8662: result: yes
configure:8753: creating libtool
configure:9297: checking for ld used by g++
configure:9364: result: /usr/bin/ld -m elf_x86_64
configure:9373: checking if the linker (/usr/bin/ld -m elf_x86_64) is GNU ld
configure:9388: result: no
configure:9439: checking whether the g++ linker (/usr/bin/ld -m elf_x86_64) supports shared libraries
configure:10234: result: yes
configure:10252: g++ -c -g -O2  conftest.cc >&5
configure:10255: $? = 0
configure:10351: checking for g++ option to produce PIC
configure:10603: result: -fPIC
configure:10610: checking if g++ PIC flag -fPIC works
configure:10628: g++ -c -g -O2  -fPIC -DPIC conftest.cc >&5
configure:10632: $? = 0
configure:10643: result: yes
configure:10667: checking if g++ supports -c -o file.o
configure:10695: g++ -c -g -O2  -o out/conftest2.o conftest.cc >&5
configure:10699: $? = 0
configure:10716: result: yes
configure:10742: checking whether the g++ linker (/usr/bin/ld -m elf_x86_64) supports shared libraries
configure:10767: result: yes
configure:10838: checking how to hardcode library paths into programs
configure:10863: result: immediate
configure:10877: checking whether stripping libraries is possible
configure:10882: result: yes
configure:10904: checking dynamic linker characteristics
configure:11427: result: GNU/Linux ld.so
configure:18319: checking for nl_langinfo and CODESET
configure:18341: gcc -o conftest -fPIC   conftest.c  >&5
configure:18344: $? = 0
configure:18347: test -s conftest
configure:18350: $? = 0
configure:18362: result: yes
configure:18373: checking whether we are using the GNU C Library 2.1 or newer
configure:18405: result: yes
configure:18427: checking stddef.h usability
configure:18440: gcc -c -fPIC  conftest.c >&5
configure:18443: $? = 0
configure:18446: test -s conftest.o
configure:18449: $? = 0
configure:18459: result: yes
configure:18463: checking stddef.h presence
configure:18474: gcc -E  conftest.c
configure:18480: $? = 0
configure:18499: result: yes
configure:18535: checking for stddef.h
configure:18542: result: yes
configure:18418: checking for stdlib.h
configure:18423: result: yes
configure:18418: checking for string.h
configure:18423: result: yes
configure:18559: checking for setlocale
configure:18609: gcc -o conftest -fPIC   conftest.c  >&5
configure:18612: $? = 0
configure:18615: test -s conftest
configure:18618: $? = 0
configure:18629: result: yes
configure:18736: creating ./config.status

## ---------------------- ##
## Running config.status. ##
## ---------------------- ##

This file was extended by config.status, which was
generated by GNU Autoconf 2.57.  Invocation command line was

  CONFIG_FILES    = 
  CONFIG_HEADERS  = 
  CONFIG_LINKS    = 
  CONFIG_COMMANDS = 
  $ ./config.status 

on lscm

config.status:651: creating Makefile
config.status:651: creating lib/Makefile
config.status:755: creating config.h

## ---------------- ##
## Cache variables. ##
## ---------------- ##

ac_cv_build=x86_64-unknown-linux-gnu
ac_cv_build_alias=x86_64-unknown-linux-gnu
ac_cv_c_compiler_gnu=yes
ac_cv_cxx_compiler_gnu=yes
ac_cv_env_CC_set=
ac_cv_env_CC_value=
ac_cv_env_CFLAGS_set=set
ac_cv_env_CFLAGS_value=-fPIC
ac_cv_env_CPPFLAGS_set=
ac_cv_env_CPPFLAGS_value=
ac_cv_env_CPP_set=
ac_cv_env_CPP_value=
ac_cv_env_CXXCPP_set=
ac_cv_env_CXXCPP_value=
ac_cv_env_CXXFLAGS_set=
ac_cv_env_CXXFLAGS_value=
ac_cv_env_CXX_set=
ac_cv_env_CXX_value=
ac_cv_env_F77_set=
ac_cv_env_F77_value=
ac_cv_env_FFLAGS_set=
ac_cv_env_FFLAGS_value=
ac_cv_env_LDFLAGS_set=
ac_cv_env_LDFLAGS_value=
ac_cv_env_build_alias_set=
ac_cv_env_build_alias_value=
ac_cv_env_host_alias_set=
ac_cv_env_host_alias_value=
ac_cv_env_target_alias_set=
ac_cv_env_target_alias_value=
ac_cv_exeext=
ac_cv_f77_compiler_gnu=no
ac_cv_func_setlocale=yes
ac_cv_gnu_library_2_1=yes
ac_cv_header_dlfcn_h=yes
ac_cv_header_inttypes_h=yes
ac_cv_header_memory_h=yes
ac_cv_header_minix_config_h=no
ac_cv_header_stdc=yes
ac_cv_header_stddef_h=yes
ac_cv_header_stdint_h=yes
ac_cv_header_stdlib_h=yes
ac_cv_header_string_h=yes
ac_cv_header_strings_h=yes
ac_cv_header_sys_stat_h=yes
ac_cv_header_sys_types_h=yes
ac_cv_header_unistd_h=yes
ac_cv_host=x86_64-unknown-linux-gnu
ac_cv_host_alias=x86_64-unknown-linux-gnu
ac_cv_lib_cposix_strerror=no
ac_cv_objext=o
ac_cv_path_install='/usr/bin/install -c'
ac_cv_prog_CPP='gcc -E'
ac_cv_prog_CXXCPP='g++ -E'
ac_cv_prog_ac_ct_AR=ar
ac_cv_prog_ac_ct_CC=gcc
ac_cv_prog_ac_ct_CXX=g++
ac_cv_prog_ac_ct_RANLIB=ranlib
ac_cv_prog_ac_ct_STRIP=strip
ac_cv_prog_cc_g=yes
ac_cv_prog_cc_stdc=
ac_cv_prog_cxx_g=yes
ac_cv_prog_egrep='grep -E'
ac_cv_prog_f77_g=no
ac_cv_prog_gcc_traditional=no
ac_cv_prog_make_make_set=yes
am_cv_langinfo_codeset=yes
lt_cv_deplibs_check_method='file_magic ELF [0-9][0-9]*-bit [LM]SB (shared object|dynamic lib )'
lt_cv_file_magic_cmd='$MAGIC_CMD'
lt_cv_file_magic_test_file='/lib/libc.so* /lib/libc-*.so'
lt_cv_ld_reload_flag=-r
lt_cv_objdir=.libs
lt_cv_path_LD=/usr/bin/ld
lt_cv_path_LDCXX='/usr/bin/ld -m elf_x86_64'
lt_cv_path_MAGIC_CMD=/usr/bin/file
lt_cv_path_NM='/usr/bin/nm -B'
lt_cv_path_SED=/bin/sed
lt_cv_prog_compiler_c_o=yes
lt_cv_prog_compiler_c_o_CXX=yes
lt_cv_prog_compiler_rtti_exceptions=no
lt_cv_prog_gnu_ld=yes
lt_cv_prog_gnu_ldcxx=no
lt_cv_sys_global_symbol_pipe='sed -n -e '\''s/^.*[ 	]\([ABCDGISTW][ABCDGISTW]*\)[ 	][ 	]*\(\)\([_A-Za-z][_A-Za-z0-9]*\)$/\1 \2\3 \3/p'\'''
lt_cv_sys_global_symbol_to_c_name_address='sed -n -e '\''s/^: \([^ ]*\) $/  {\"\1\", (lt_ptr) 0},/p'\'' -e '\''s/^[BCDEGRST] \([^ ]*\) \([^ ]*\)$/  {"\2", (lt_ptr) \&\2},/p'\'''
lt_cv_sys_global_symbol_to_cdecl='sed -n -e '\''s/^. .* \(.*\)$/extern int \1;/p'\'''
lt_cv_sys_max_cmd_len=32768
lt_lt_cv_prog_compiler_c_o='"yes"'
lt_lt_cv_prog_compiler_c_o_CXX='"yes"'
lt_lt_cv_sys_global_symbol_pipe='"sed -n -e '\''s/^.*[ 	]\\([ABCDGISTW][ABCDGISTW]*\\)[ 	][ 	]*\\(\\)\\([_A-Za-z][_A-Za-z0-9]*\\)\$/\\1 \\2\\3 \\3/p'\''"'
lt_lt_cv_sys_global_symbol_to_c_name_address='"sed -n -e '\''s/^: \\([^ ]*\\) \$/  {\\\"\\1\\\", (lt_ptr) 0},/p'\'' -e '\''s/^[BCDEGRST] \\([^ ]*\\) \\([^ ]*\\)\$/  {\"\\2\", (lt_ptr) \\&\\2},/p'\''"'
lt_lt_cv_sys_global_symbol_to_cdecl='"sed -n -e '\''s/^. .* \\(.*\\)\$/extern int \\1;/p'\''"'

## ----------------- ##
## Output variables. ##
## ----------------- ##

AR='ar'
AS='as'
CC='gcc'
CFLAGS='-fPIC'
CPP='gcc -E'
CPPFLAGS=''
CXX='g++'
CXXCPP='g++ -E'
CXXFLAGS='-g -O2'
DEFS='-DHAVE_CONFIG_H'
DLLTOOL='dlltool'
ECHO='echo'
ECHO_C=''
ECHO_N='-n'
ECHO_T=''
EGREP='grep -E'
EXEEXT=''
F77=''
FFLAGS=''
GLIBC21='yes'
INSTALL_DATA='${INSTALL} -m 644'
INSTALL_PROGRAM='${INSTALL}'
INSTALL_SCRIPT='${INSTALL}'
LDFLAGS=''
LIBOBJS=''
LIBS=''
LIBTOOL='$(SHELL) $(top_builddir)/libtool'
LN_S='ln -s'
LTLIBOBJS=''
OBJDUMP='objdump'
OBJEXT='o'
PACKAGE=''
PACKAGE_BUGREPORT=''
PACKAGE_NAME=''
PACKAGE_STRING=''
PACKAGE_TARNAME=''
PACKAGE_VERSION=''
PATH_SEPARATOR=':'
RANLIB='ranlib'
RELOCATABLE='no'
SET_MAKE=''
SHELL='/bin/bash'
STRIP='strip'
VERSION=''
ac_ct_AR='ar'
ac_ct_AS=''
ac_ct_CC='gcc'
ac_ct_CXX='g++'
ac_ct_DLLTOOL=''
ac_ct_F77=''
ac_ct_OBJDUMP=''
ac_ct_RANLIB='ranlib'
ac_ct_STRIP='strip'
bindir='${exec_prefix}/bin'
build='x86_64-unknown-linux-gnu'
build_alias=''
build_cpu='x86_64'
build_os='linux-gnu'
build_vendor='unknown'
datadir='${prefix}/share'
exec_prefix='${prefix}'
host='x86_64-unknown-linux-gnu'
host_alias=''
host_cpu='x86_64'
host_os='linux-gnu'
host_vendor='unknown'
includedir='${prefix}/include'
infodir='${prefix}/info'
libdir='${exec_prefix}/lib'
libexecdir='${exec_prefix}/libexec'
localstatedir='${prefix}/var'
mandir='${datadir}/man'
oldincludedir='/usr/include'
prefix='/home/lscm/mproj/workproj/http_service/q_similar/include/others-ex/lib/libiconv-1.9.2'
program_transform_name='s,x,x,'
sbindir='${exec_prefix}/sbin'
sharedstatedir='${prefix}/com'
sysconfdir='${prefix}/etc'
target_alias=''

## ----------- ##
## confdefs.h. ##
## ----------- ##

#define HAVE_DLFCN_H 1
#define HAVE_INTTYPES_H 1
#define HAVE_LANGINFO_CODESET 1
#define HAVE_MEMORY_H 1
#define HAVE_SETLOCALE 1
#define HAVE_STDDEF_H 1
#define HAVE_STDINT_H 1
#define HAVE_STDLIB_H 1
#define HAVE_STDLIB_H 1
#define HAVE_STRINGS_H 1
#define HAVE_STRING_H 1
#define HAVE_STRING_H 1
#define HAVE_SYS_STAT_H 1
#define HAVE_SYS_TYPES_H 1
#define HAVE_UNISTD_H 1
#define INSTALLPREFIX "/home/lscm/mproj/workproj/http_service/q_similar/include/others-ex/lib/libiconv-1.9.2"
#define PACKAGE_BUGREPORT ""
#define PACKAGE_NAME ""
#define PACKAGE_STRING ""
#define PACKAGE_TARNAME ""
#define PACKAGE_VERSION ""
#define STDC_HEADERS 1
#endif
#ifdef __cplusplus
#include <stdlib.h>

configure: exit 0
