This file contains any messages produced by compilers while
running configure, to aid debugging if configure makes a mistake.

It was created by configure, which was
generated by GNU Autoconf 2.63.  Invocation command line was

  $ ./configure --enable-shared=no --prefix=/home/lscm/mproj/workproj/http_service/q_similar/include/others-ex/lib/apr-util-1.3.9 --with-apr=/home/lscm/mproj/workproj/http_service/q_similar/include/others-ex/lib/apr-1.3.8/

## --------- ##
## Platform. ##
## --------- ##

hostname = lscm
uname -m = x86_64
uname -r = 3.16.0-30-generic
uname -s = Linux
uname -v = #40~14.04.1-Ubuntu SMP Thu Jan 15 17:43:14 UTC 2015

/usr/bin/uname -p = unknown
/bin/uname -X     = unknown

/bin/arch              = unknown
/usr/bin/arch -k       = unknown
/usr/convex/getsysinfo = unknown
/usr/bin/hostinfo      = unknown
/bin/machine           = unknown
/usr/bin/oslevel       = unknown
/bin/universe          = unknown

PATH: /usr/local/sbin
PATH: /usr/local/bin
PATH: /usr/sbin
PATH: /usr/bin
PATH: /sbin
PATH: /bin


## ----------- ##
## Core tests. ##
## ----------- ##

configure:2227: checking build system type
configure:2245: result: x86_64-unknown-linux-gnu
configure:2267: checking host system type
configure:2282: result: x86_64-unknown-linux-gnu
configure:2304: checking target system type
configure:2319: result: x86_64-unknown-linux-gnu
configure:2362: checking for a BSD-compatible install
configure:2430: result: /usr/bin/install -c
configure:2458: checking for working mkdir -p
configure:2474: result: yes
configure:2568: checking for chosen layout
configure:2570: result: apr-util
configure:2744: checking for gcc
configure:2760: found /usr/bin/gcc
configure:2771: result: gcc
configure:3003: checking for C compiler version
configure:3011: gcc --version >&5
gcc (Ubuntu/Linaro 4.4.7-8ubuntu1) 4.4.7
Copyright (C) 2010 Free Software Foundation, Inc.
This is free software; see the source for copying conditions.  There is NO
warranty; not even for MERCHANTABILITY or FITNESS FOR A PARTICULAR PURPOSE.

configure:3015: $? = 0
configure:3022: gcc -v >&5
Using built-in specs.
Target: x86_64-linux-gnu
Configured with: ../src/configure -v --with-pkgversion='Ubuntu/Linaro 4.4.7-8ubuntu1' --with-bugurl=file:///usr/share/doc/gcc-4.4/README.Bugs --enable-languages=c,c++,fortran --prefix=/usr --program-suffix=-4.4 --enable-shared --enable-linker-build-id --with-system-zlib --libexecdir=/usr/lib --without-included-gettext --enable-threads=posix --with-gxx-include-dir=/usr/include/c++/4.4 --libdir=/usr/lib --enable-nls --with-sysroot=/ --enable-clocale=gnu --enable-libstdcxx-debug --disable-libmudflap --disable-werror --with-arch-32=i686 --with-tune=generic --enable-checking=release --build=x86_64-linux-gnu --host=x86_64-linux-gnu --target=x86_64-linux-gnu
Thread model: posix
gcc version 4.4.7 (Ubuntu/Linaro 4.4.7-8ubuntu1) 
configure:3026: $? = 0
configure:3033: gcc -V >&5
gcc: '-V' option must have argument
configure:3037: $? = 1
configure:3060: checking for C compiler default output file name
configure:3082: gcc    conftest.c  >&5
configure:3086: $? = 0
configure:3124: result: a.out
configure:3143: checking whether the C compiler works
configure:3153: ./a.out
configure:3157: $? = 0
configure:3176: result: yes
configure:3183: checking whether we are cross compiling
configure:3185: result: no
configure:3188: checking for suffix of executables
configure:3195: gcc -o conftest    conftest.c  >&5
configure:3199: $? = 0
configure:3225: result: 
configure:3231: checking for suffix of object files
configure:3257: gcc -c   conftest.c >&5
configure:3261: $? = 0
configure:3286: result: o
configure:3290: checking whether we are using the GNU C compiler
configure:3319: gcc -c   conftest.c >&5
configure:3326: $? = 0
configure:3343: result: yes
configure:3352: checking whether gcc accepts -g
configure:3382: gcc -c -g  conftest.c >&5
configure:3389: $? = 0
configure:3490: result: yes
configure:3507: checking for gcc option to accept ISO C89
configure:3581: gcc  -c -g -O2  conftest.c >&5
configure:3588: $? = 0
configure:3611: result: none needed
configure:3817: checking for APR
configure:3902: result: yes
configure:4160: checking how to run the C preprocessor
configure:4278: result: gcc -E
configure:4307: gcc -E  -D_REENTRANT -D_GNU_SOURCE conftest.c
configure:4314: $? = 0
configure:4345: gcc -E  -D_REENTRANT -D_GNU_SOURCE conftest.c
conftest.c:8: fatal error: ac_nonexistent.h: No such file or directory
compilation terminated.
configure:4352: $? = 1
configure: failed program was:
| /* confdefs.h.  */
| #define PACKAGE_NAME ""
| #define PACKAGE_TARNAME ""
| #define PACKAGE_VERSION ""
| #define PACKAGE_STRING ""
| #define PACKAGE_BUGREPORT ""
| /* end confdefs.h.  */
| #include <ac_nonexistent.h>
configure:4392: checking for grep that handles long lines and -e
configure:4452: result: /bin/grep
configure:4457: checking for egrep
configure:4521: result: /bin/grep -E
configure:4526: checking for ANSI C header files
configure:4556: gcc -c -g -O2 -pthread  -D_REENTRANT -D_GNU_SOURCE conftest.c >&5
configure:4563: $? = 0
configure:4662: gcc -o conftest -g -O2 -pthread  -D_REENTRANT -D_GNU_SOURCE  conftest.c  >&5
configure:4666: $? = 0
configure:4672: ./conftest
configure:4676: $? = 0
configure:4694: result: yes
configure:4718: checking for sys/types.h
configure:4739: gcc -c -g -O2 -pthread  -D_REENTRANT -D_GNU_SOURCE conftest.c >&5
configure:4746: $? = 0
configure:4763: result: yes
configure:4718: checking for sys/stat.h
configure:4739: gcc -c -g -O2 -pthread  -D_REENTRANT -D_GNU_SOURCE conftest.c >&5
configure:4746: $? = 0
configure:4763: result: yes
configure:4718: checking for stdlib.h
configure:4739: gcc -c -g -O2 -pthread  -D_REENTRANT -D_GNU_SOURCE conftest.c >&5
configure:4746: $? = 0
configure:4763: result: yes
configure:4718: checking for string.h
configure:4739: gcc -c -g -O2 -pthread  -D_REENTRANT -D_GNU_SOURCE conftest.c >&5
configure:4746: $? = 0
configure:4763: result: yes
configure:4718: checking for memory.h
configure:4739: gcc -c -g -O2 -pthread  -D_REENTRANT -D_GNU_SOURCE conftest.c >&5
configure:4746: $? = 0
configure:4763: result: yes
configure:4718: checking for strings.h
configure:4739: gcc -c -g -O2 -pthread  -D_REENTRANT -D_GNU_SOURCE conftest.c >&5
configure:4746: $? = 0
configure:4763: result: yes
configure:4718: checking for inttypes.h
configure:4739: gcc -c -g -O2 -pthread  -D_REENTRANT -D_GNU_SOURCE conftest.c >&5
configure:4746: $? = 0
configure:4763: result: yes
configure:4718: checking for stdint.h
configure:4739: gcc -c -g -O2 -pthread  -D_REENTRANT -D_GNU_SOURCE conftest.c >&5
configure:4746: $? = 0
configure:4763: result: yes
configure:4718: checking for unistd.h
configure:4739: gcc -c -g -O2 -pthread  -D_REENTRANT -D_GNU_SOURCE conftest.c >&5
configure:4746: $? = 0
configure:4763: result: yes
configure:38433: checking for default DBM
configure:38435: result: sdbm (default)
configure:39973: checking for pg_config
configure:40006: result: no
configure:40075: checking libpq-fe.h usability
configure:40092: gcc -c -g -O2 -pthread  -D_REENTRANT -D_GNU_SOURCE conftest.c >&5
conftest.c:51: fatal error: libpq-fe.h: No such file or directory
compilation terminated.
configure:40099: $? = 1
configure: failed program was:
| /* confdefs.h.  */
| #define PACKAGE_NAME ""
| #define PACKAGE_TARNAME ""
| #define PACKAGE_VERSION ""
| #define PACKAGE_STRING ""
| #define PACKAGE_BUGREPORT ""
| #define STDC_HEADERS 1
| #define HAVE_SYS_TYPES_H 1
| #define HAVE_SYS_STAT_H 1
| #define HAVE_STDLIB_H 1
| #define HAVE_STRING_H 1
| #define HAVE_MEMORY_H 1
| #define HAVE_STRINGS_H 1
| #define HAVE_INTTYPES_H 1
| #define HAVE_STDINT_H 1
| #define HAVE_UNISTD_H 1
| /* end confdefs.h.  */
| #include <stdio.h>
| #ifdef HAVE_SYS_TYPES_H
| # include <sys/types.h>
| #endif
| #ifdef HAVE_SYS_STAT_H
| # include <sys/stat.h>
| #endif
| #ifdef STDC_HEADERS
| # include <stdlib.h>
| # include <stddef.h>
| #else
| # ifdef HAVE_STDLIB_H
| #  include <stdlib.h>
| # endif
| #endif
| #ifdef HAVE_STRING_H
| # if !defined STDC_HEADERS && defined HAVE_MEMORY_H
| #  include <memory.h>
| # endif
| # include <string.h>
| #endif
| #ifdef HAVE_STRINGS_H
| # include <strings.h>
| #endif
| #ifdef HAVE_INTTYPES_H
| # include <inttypes.h>
| #endif
| #ifdef HAVE_STDINT_H
| # include <stdint.h>
| #endif
| #ifdef HAVE_UNISTD_H
| # include <unistd.h>
| #endif
| #include <libpq-fe.h>
configure:40113: result: no
configure:40117: checking libpq-fe.h presence
configure:40132: gcc -E  -D_REENTRANT -D_GNU_SOURCE conftest.c
conftest.c:18: fatal error: libpq-fe.h: No such file or directory
compilation terminated.
configure:40139: $? = 1
configure: failed program was:
| /* confdefs.h.  */
| #define PACKAGE_NAME ""
| #define PACKAGE_TARNAME ""
| #define PACKAGE_VERSION ""
| #define PACKAGE_STRING ""
| #define PACKAGE_BUGREPORT ""
| #define STDC_HEADERS 1
| #define HAVE_SYS_TYPES_H 1
| #define HAVE_SYS_STAT_H 1
| #define HAVE_STDLIB_H 1
| #define HAVE_STRING_H 1
| #define HAVE_MEMORY_H 1
| #define HAVE_STRINGS_H 1
| #define HAVE_INTTYPES_H 1
| #define HAVE_STDINT_H 1
| #define HAVE_UNISTD_H 1
| /* end confdefs.h.  */
| #include <libpq-fe.h>
configure:40153: result: no
configure:40181: checking for libpq-fe.h
configure:40190: result: no
configure:40389: checking postgresql/libpq-fe.h usability
configure:40406: gcc -c -g -O2 -pthread  -D_REENTRANT -D_GNU_SOURCE conftest.c >&5
conftest.c:51: fatal error: postgresql/libpq-fe.h: No such file or directory
compilation terminated.
configure:40413: $? = 1
configure: failed program was:
| /* confdefs.h.  */
| #define PACKAGE_NAME ""
| #define PACKAGE_TARNAME ""
| #define PACKAGE_VERSION ""
| #define PACKAGE_STRING ""
| #define PACKAGE_BUGREPORT ""
| #define STDC_HEADERS 1
| #define HAVE_SYS_TYPES_H 1
| #define HAVE_SYS_STAT_H 1
| #define HAVE_STDLIB_H 1
| #define HAVE_STRING_H 1
| #define HAVE_MEMORY_H 1
| #define HAVE_STRINGS_H 1
| #define HAVE_INTTYPES_H 1
| #define HAVE_STDINT_H 1
| #define HAVE_UNISTD_H 1
| /* end confdefs.h.  */
| #include <stdio.h>
| #ifdef HAVE_SYS_TYPES_H
| # include <sys/types.h>
| #endif
| #ifdef HAVE_SYS_STAT_H
| # include <sys/stat.h>
| #endif
| #ifdef STDC_HEADERS
| # include <stdlib.h>
| # include <stddef.h>
| #else
| # ifdef HAVE_STDLIB_H
| #  include <stdlib.h>
| # endif
| #endif
| #ifdef HAVE_STRING_H
| # if !defined STDC_HEADERS && defined HAVE_MEMORY_H
| #  include <memory.h>
| # endif
| # include <string.h>
| #endif
| #ifdef HAVE_STRINGS_H
| # include <strings.h>
| #endif
| #ifdef HAVE_INTTYPES_H
| # include <inttypes.h>
| #endif
| #ifdef HAVE_STDINT_H
| # include <stdint.h>
| #endif
| #ifdef HAVE_UNISTD_H
| # include <unistd.h>
| #endif
| #include <postgresql/libpq-fe.h>
configure:40427: result: no
configure:40431: checking postgresql/libpq-fe.h presence
configure:40446: gcc -E  -D_REENTRANT -D_GNU_SOURCE conftest.c
conftest.c:18: fatal error: postgresql/libpq-fe.h: No such file or directory
compilation terminated.
configure:40453: $? = 1
configure: failed program was:
| /* confdefs.h.  */
| #define PACKAGE_NAME ""
| #define PACKAGE_TARNAME ""
| #define PACKAGE_VERSION ""
| #define PACKAGE_STRING ""
| #define PACKAGE_BUGREPORT ""
| #define STDC_HEADERS 1
| #define HAVE_SYS_TYPES_H 1
| #define HAVE_SYS_STAT_H 1
| #define HAVE_STDLIB_H 1
| #define HAVE_STRING_H 1
| #define HAVE_MEMORY_H 1
| #define HAVE_STRINGS_H 1
| #define HAVE_INTTYPES_H 1
| #define HAVE_STDINT_H 1
| #define HAVE_UNISTD_H 1
| /* end confdefs.h.  */
| #include <postgresql/libpq-fe.h>
configure:40467: result: no
configure:40495: checking for postgresql/libpq-fe.h
configure:40504: result: no
configure:42079: checking sqlite3.h usability
configure:42096: gcc -c -g -O2 -pthread  -D_REENTRANT -D_GNU_SOURCE conftest.c >&5
configure:42103: $? = 0
configure:42117: result: yes
configure:42121: checking sqlite3.h presence
configure:42136: gcc -E  -D_REENTRANT -D_GNU_SOURCE conftest.c
configure:42143: $? = 0
configure:42157: result: yes
configure:42185: checking for sqlite3.h
configure:42194: result: yes
configure:42204: checking for sqlite3_open in -lsqlite3
configure:42239: gcc -o conftest -g -O2 -pthread  -D_REENTRANT -D_GNU_SOURCE  conftest.c -lsqlite3   >&5
configure:42246: $? = 0
configure:42267: result: yes
configure:42826: checking sqlite.h usability
configure:42843: gcc -c -g -O2 -pthread  -D_REENTRANT -D_GNU_SOURCE conftest.c >&5
conftest.c:52: fatal error: sqlite.h: No such file or directory
compilation terminated.
configure:42850: $? = 1
configure: failed program was:
| /* confdefs.h.  */
| #define PACKAGE_NAME ""
| #define PACKAGE_TARNAME ""
| #define PACKAGE_VERSION ""
| #define PACKAGE_STRING ""
| #define PACKAGE_BUGREPORT ""
| #define STDC_HEADERS 1
| #define HAVE_SYS_TYPES_H 1
| #define HAVE_SYS_STAT_H 1
| #define HAVE_STDLIB_H 1
| #define HAVE_STRING_H 1
| #define HAVE_MEMORY_H 1
| #define HAVE_STRINGS_H 1
| #define HAVE_INTTYPES_H 1
| #define HAVE_STDINT_H 1
| #define HAVE_UNISTD_H 1
| #define HAVE_SQLITE3_H 1
| /* end confdefs.h.  */
| #include <stdio.h>
| #ifdef HAVE_SYS_TYPES_H
| # include <sys/types.h>
| #endif
| #ifdef HAVE_SYS_STAT_H
| # include <sys/stat.h>
| #endif
| #ifdef STDC_HEADERS
| # include <stdlib.h>
| # include <stddef.h>
| #else
| # ifdef HAVE_STDLIB_H
| #  include <stdlib.h>
| # endif
| #endif
| #ifdef HAVE_STRING_H
| # if !defined STDC_HEADERS && defined HAVE_MEMORY_H
| #  include <memory.h>
| # endif
| # include <string.h>
| #endif
| #ifdef HAVE_STRINGS_H
| # include <strings.h>
| #endif
| #ifdef HAVE_INTTYPES_H
| # include <inttypes.h>
| #endif
| #ifdef HAVE_STDINT_H
| # include <stdint.h>
| #endif
| #ifdef HAVE_UNISTD_H
| # include <unistd.h>
| #endif
| #include <sqlite.h>
configure:42864: result: no
configure:42868: checking sqlite.h presence
configure:42883: gcc -E  -D_REENTRANT -D_GNU_SOURCE conftest.c
conftest.c:19: fatal error: sqlite.h: No such file or directory
compilation terminated.
configure:42890: $? = 1
configure: failed program was:
| /* confdefs.h.  */
| #define PACKAGE_NAME ""
| #define PACKAGE_TARNAME ""
| #define PACKAGE_VERSION ""
| #define PACKAGE_STRING ""
| #define PACKAGE_BUGREPORT ""
| #define STDC_HEADERS 1
| #define HAVE_SYS_TYPES_H 1
| #define HAVE_SYS_STAT_H 1
| #define HAVE_STDLIB_H 1
| #define HAVE_STRING_H 1
| #define HAVE_MEMORY_H 1
| #define HAVE_STRINGS_H 1
| #define HAVE_INTTYPES_H 1
| #define HAVE_STDINT_H 1
| #define HAVE_UNISTD_H 1
| #define HAVE_SQLITE3_H 1
| /* end confdefs.h.  */
| #include <sqlite.h>
configure:42904: result: no
configure:42932: checking for sqlite.h
configure:42941: result: no
configure:45057: checking sybdb.h usability
configure:45074: gcc -c -g -O2 -pthread  -D_REENTRANT -D_GNU_SOURCE conftest.c >&5
conftest.c:52: fatal error: sybdb.h: No such file or directory
compilation terminated.
configure:45081: $? = 1
configure: failed program was:
| /* confdefs.h.  */
| #define PACKAGE_NAME ""
| #define PACKAGE_TARNAME ""
| #define PACKAGE_VERSION ""
| #define PACKAGE_STRING ""
| #define PACKAGE_BUGREPORT ""
| #define STDC_HEADERS 1
| #define HAVE_SYS_TYPES_H 1
| #define HAVE_SYS_STAT_H 1
| #define HAVE_STDLIB_H 1
| #define HAVE_STRING_H 1
| #define HAVE_MEMORY_H 1
| #define HAVE_STRINGS_H 1
| #define HAVE_INTTYPES_H 1
| #define HAVE_STDINT_H 1
| #define HAVE_UNISTD_H 1
| #define HAVE_SQLITE3_H 1
| /* end confdefs.h.  */
| #include <stdio.h>
| #ifdef HAVE_SYS_TYPES_H
| # include <sys/types.h>
| #endif
| #ifdef HAVE_SYS_STAT_H
| # include <sys/stat.h>
| #endif
| #ifdef STDC_HEADERS
| # include <stdlib.h>
| # include <stddef.h>
| #else
| # ifdef HAVE_STDLIB_H
| #  include <stdlib.h>
| # endif
| #endif
| #ifdef HAVE_STRING_H
| # if !defined STDC_HEADERS && defined HAVE_MEMORY_H
| #  include <memory.h>
| # endif
| # include <string.h>
| #endif
| #ifdef HAVE_STRINGS_H
| # include <strings.h>
| #endif
| #ifdef HAVE_INTTYPES_H
| # include <inttypes.h>
| #endif
| #ifdef HAVE_STDINT_H
| # include <stdint.h>
| #endif
| #ifdef HAVE_UNISTD_H
| # include <unistd.h>
| #endif
| #include <sybdb.h>
configure:45095: result: no
configure:45099: checking sybdb.h presence
configure:45114: gcc -E  -D_REENTRANT -D_GNU_SOURCE conftest.c
conftest.c:19: fatal error: sybdb.h: No such file or directory
compilation terminated.
configure:45121: $? = 1
configure: failed program was:
| /* confdefs.h.  */
| #define PACKAGE_NAME ""
| #define PACKAGE_TARNAME ""
| #define PACKAGE_VERSION ""
| #define PACKAGE_STRING ""
| #define PACKAGE_BUGREPORT ""
| #define STDC_HEADERS 1
| #define HAVE_SYS_TYPES_H 1
| #define HAVE_SYS_STAT_H 1
| #define HAVE_STDLIB_H 1
| #define HAVE_STRING_H 1
| #define HAVE_MEMORY_H 1
| #define HAVE_STRINGS_H 1
| #define HAVE_INTTYPES_H 1
| #define HAVE_STDINT_H 1
| #define HAVE_UNISTD_H 1
| #define HAVE_SQLITE3_H 1
| /* end confdefs.h.  */
| #include <sybdb.h>
configure:45135: result: no
configure:45163: checking for sybdb.h
configure:45172: result: no
configure:45272: checking freetds/sybdb.h usability
configure:45289: gcc -c -g -O2 -pthread  -D_REENTRANT -D_GNU_SOURCE conftest.c >&5
conftest.c:52: fatal error: freetds/sybdb.h: No such file or directory
compilation terminated.
configure:45296: $? = 1
configure: failed program was:
| /* confdefs.h.  */
| #define PACKAGE_NAME ""
| #define PACKAGE_TARNAME ""
| #define PACKAGE_VERSION ""
| #define PACKAGE_STRING ""
| #define PACKAGE_BUGREPORT ""
| #define STDC_HEADERS 1
| #define HAVE_SYS_TYPES_H 1
| #define HAVE_SYS_STAT_H 1
| #define HAVE_STDLIB_H 1
| #define HAVE_STRING_H 1
| #define HAVE_MEMORY_H 1
| #define HAVE_STRINGS_H 1
| #define HAVE_INTTYPES_H 1
| #define HAVE_STDINT_H 1
| #define HAVE_UNISTD_H 1
| #define HAVE_SQLITE3_H 1
| /* end confdefs.h.  */
| #include <stdio.h>
| #ifdef HAVE_SYS_TYPES_H
| # include <sys/types.h>
| #endif
| #ifdef HAVE_SYS_STAT_H
| # include <sys/stat.h>
| #endif
| #ifdef STDC_HEADERS
| # include <stdlib.h>
| # include <stddef.h>
| #else
| # ifdef HAVE_STDLIB_H
| #  include <stdlib.h>
| # endif
| #endif
| #ifdef HAVE_STRING_H
| # if !defined STDC_HEADERS && defined HAVE_MEMORY_H
| #  include <memory.h>
| # endif
| # include <string.h>
| #endif
| #ifdef HAVE_STRINGS_H
| # include <strings.h>
| #endif
| #ifdef HAVE_INTTYPES_H
| # include <inttypes.h>
| #endif
| #ifdef HAVE_STDINT_H
| # include <stdint.h>
| #endif
| #ifdef HAVE_UNISTD_H
| # include <unistd.h>
| #endif
| #include <freetds/sybdb.h>
configure:45310: result: no
configure:45314: checking freetds/sybdb.h presence
configure:45329: gcc -E  -D_REENTRANT -D_GNU_SOURCE conftest.c
conftest.c:19: fatal error: freetds/sybdb.h: No such file or directory
compilation terminated.
configure:45336: $? = 1
configure: failed program was:
| /* confdefs.h.  */
| #define PACKAGE_NAME ""
| #define PACKAGE_TARNAME ""
| #define PACKAGE_VERSION ""
| #define PACKAGE_STRING ""
| #define PACKAGE_BUGREPORT ""
| #define STDC_HEADERS 1
| #define HAVE_SYS_TYPES_H 1
| #define HAVE_SYS_STAT_H 1
| #define HAVE_STDLIB_H 1
| #define HAVE_STRING_H 1
| #define HAVE_MEMORY_H 1
| #define HAVE_STRINGS_H 1
| #define HAVE_INTTYPES_H 1
| #define HAVE_STDINT_H 1
| #define HAVE_UNISTD_H 1
| #define HAVE_SQLITE3_H 1
| /* end confdefs.h.  */
| #include <freetds/sybdb.h>
configure:45350: result: no
configure:45378: checking for freetds/sybdb.h
configure:45387: result: no
configure:46638: checking for odbc_config
configure:46671: result: no
configure:46762: checking sql.h usability
configure:46779: gcc -c -g -O2 -pthread  -D_REENTRANT -D_GNU_SOURCE conftest.c >&5
conftest.c:52: fatal error: sql.h: No such file or directory
compilation terminated.
configure:46786: $? = 1
configure: failed program was:
| /* confdefs.h.  */
| #define PACKAGE_NAME ""
| #define PACKAGE_TARNAME ""
| #define PACKAGE_VERSION ""
| #define PACKAGE_STRING ""
| #define PACKAGE_BUGREPORT ""
| #define STDC_HEADERS 1
| #define HAVE_SYS_TYPES_H 1
| #define HAVE_SYS_STAT_H 1
| #define HAVE_STDLIB_H 1
| #define HAVE_STRING_H 1
| #define HAVE_MEMORY_H 1
| #define HAVE_STRINGS_H 1
| #define HAVE_INTTYPES_H 1
| #define HAVE_STDINT_H 1
| #define HAVE_UNISTD_H 1
| #define HAVE_SQLITE3_H 1
| /* end confdefs.h.  */
| #include <stdio.h>
| #ifdef HAVE_SYS_TYPES_H
| # include <sys/types.h>
| #endif
| #ifdef HAVE_SYS_STAT_H
| # include <sys/stat.h>
| #endif
| #ifdef STDC_HEADERS
| # include <stdlib.h>
| # include <stddef.h>
| #else
| # ifdef HAVE_STDLIB_H
| #  include <stdlib.h>
| # endif
| #endif
| #ifdef HAVE_STRING_H
| # if !defined STDC_HEADERS && defined HAVE_MEMORY_H
| #  include <memory.h>
| # endif
| # include <string.h>
| #endif
| #ifdef HAVE_STRINGS_H
| # include <strings.h>
| #endif
| #ifdef HAVE_INTTYPES_H
| # include <inttypes.h>
| #endif
| #ifdef HAVE_STDINT_H
| # include <stdint.h>
| #endif
| #ifdef HAVE_UNISTD_H
| # include <unistd.h>
| #endif
| #include <sql.h>
configure:46800: result: no
configure:46804: checking sql.h presence
configure:46819: gcc -E  -D_REENTRANT -D_GNU_SOURCE conftest.c
conftest.c:19: fatal error: sql.h: No such file or directory
compilation terminated.
configure:46826: $? = 1
configure: failed program was:
| /* confdefs.h.  */
| #define PACKAGE_NAME ""
| #define PACKAGE_TARNAME ""
| #define PACKAGE_VERSION ""
| #define PACKAGE_STRING ""
| #define PACKAGE_BUGREPORT ""
| #define STDC_HEADERS 1
| #define HAVE_SYS_TYPES_H 1
| #define HAVE_SYS_STAT_H 1
| #define HAVE_STDLIB_H 1
| #define HAVE_STRING_H 1
| #define HAVE_MEMORY_H 1
| #define HAVE_STRINGS_H 1
| #define HAVE_INTTYPES_H 1
| #define HAVE_STDINT_H 1
| #define HAVE_UNISTD_H 1
| #define HAVE_SQLITE3_H 1
| /* end confdefs.h.  */
| #include <sql.h>
configure:46840: result: no
configure:46868: checking for sql.h
configure:46877: result: no
configure:46977: checking odbc/sql.h usability
configure:46994: gcc -c -g -O2 -pthread  -D_REENTRANT -D_GNU_SOURCE conftest.c >&5
conftest.c:52: fatal error: odbc/sql.h: No such file or directory
compilation terminated.
configure:47001: $? = 1
configure: failed program was:
| /* confdefs.h.  */
| #define PACKAGE_NAME ""
| #define PACKAGE_TARNAME ""
| #define PACKAGE_VERSION ""
| #define PACKAGE_STRING ""
| #define PACKAGE_BUGREPORT ""
| #define STDC_HEADERS 1
| #define HAVE_SYS_TYPES_H 1
| #define HAVE_SYS_STAT_H 1
| #define HAVE_STDLIB_H 1
| #define HAVE_STRING_H 1
| #define HAVE_MEMORY_H 1
| #define HAVE_STRINGS_H 1
| #define HAVE_INTTYPES_H 1
| #define HAVE_STDINT_H 1
| #define HAVE_UNISTD_H 1
| #define HAVE_SQLITE3_H 1
| /* end confdefs.h.  */
| #include <stdio.h>
| #ifdef HAVE_SYS_TYPES_H
| # include <sys/types.h>
| #endif
| #ifdef HAVE_SYS_STAT_H
| # include <sys/stat.h>
| #endif
| #ifdef STDC_HEADERS
| # include <stdlib.h>
| # include <stddef.h>
| #else
| # ifdef HAVE_STDLIB_H
| #  include <stdlib.h>
| # endif
| #endif
| #ifdef HAVE_STRING_H
| # if !defined STDC_HEADERS && defined HAVE_MEMORY_H
| #  include <memory.h>
| # endif
| # include <string.h>
| #endif
| #ifdef HAVE_STRINGS_H
| # include <strings.h>
| #endif
| #ifdef HAVE_INTTYPES_H
| # include <inttypes.h>
| #endif
| #ifdef HAVE_STDINT_H
| # include <stdint.h>
| #endif
| #ifdef HAVE_UNISTD_H
| # include <unistd.h>
| #endif
| #include <odbc/sql.h>
configure:47015: result: no
configure:47019: checking odbc/sql.h presence
configure:47034: gcc -E  -D_REENTRANT -D_GNU_SOURCE conftest.c
conftest.c:19: fatal error: odbc/sql.h: No such file or directory
compilation terminated.
configure:47041: $? = 1
configure: failed program was:
| /* confdefs.h.  */
| #define PACKAGE_NAME ""
| #define PACKAGE_TARNAME ""
| #define PACKAGE_VERSION ""
| #define PACKAGE_STRING ""
| #define PACKAGE_BUGREPORT ""
| #define STDC_HEADERS 1
| #define HAVE_SYS_TYPES_H 1
| #define HAVE_SYS_STAT_H 1
| #define HAVE_STDLIB_H 1
| #define HAVE_STRING_H 1
| #define HAVE_MEMORY_H 1
| #define HAVE_STRINGS_H 1
| #define HAVE_INTTYPES_H 1
| #define HAVE_STDINT_H 1
| #define HAVE_UNISTD_H 1
| #define HAVE_SQLITE3_H 1
| /* end confdefs.h.  */
| #include <odbc/sql.h>
configure:47055: result: no
configure:47083: checking for odbc/sql.h
configure:47092: result: no
configure:47346: checking Expat 1.95.x
configure:47376: gcc -o conftest -g -O2 -pthread  -D_REENTRANT -D_GNU_SOURCE  conftest.c  -lexpat >&5
configure:47383: $? = 0
configure:47405: result: yes
configure:48221: checking iconv.h usability
configure:48238: gcc -c -g -O2 -pthread  -D_REENTRANT -D_GNU_SOURCE conftest.c >&5
configure:48245: $? = 0
configure:48259: result: yes
configure:48263: checking iconv.h presence
configure:48278: gcc -E  -D_REENTRANT -D_GNU_SOURCE conftest.c
configure:48285: $? = 0
configure:48299: result: yes
configure:48327: checking for iconv.h
configure:48334: result: yes
configure:48368: gcc -o conftest -g -O2 -pthread  -D_REENTRANT -D_GNU_SOURCE  conftest.c  >&5
configure:48375: $? = 0
configure:48641: checking for type of inbuf parameter to iconv
configure:48668: gcc -c -g -O2 -pthread  -Werror  -D_REENTRANT -D_GNU_SOURCE conftest.c >&5
configure:48675: $? = 0
configure:48702: result: char **
configure:48714: checking for iconv.h
configure:48721: result: yes
configure:48725: checking langinfo.h usability
configure:48742: gcc -c -g -O2 -pthread  -D_REENTRANT -D_GNU_SOURCE conftest.c >&5
configure:48749: $? = 0
configure:48763: result: yes
configure:48767: checking langinfo.h presence
configure:48782: gcc -E  -D_REENTRANT -D_GNU_SOURCE conftest.c
configure:48789: $? = 0
configure:48803: result: yes
configure:48831: checking for langinfo.h
configure:48840: result: yes
configure:48871: checking for nl_langinfo
configure:48927: gcc -o conftest -g -O2 -pthread  -D_REENTRANT -D_GNU_SOURCE  conftest.c  >&5
configure:48934: $? = 0
configure:48956: result: yes
configure:48979: checking for CODESET in langinfo.h
configure:49008: result: yes
configure:49034: checking whether APR has DSO support
configure:49063: result: yes
configure:49142: checking for library containing crypt
configure:49183: gcc -o conftest -g -O2 -pthread  -D_REENTRANT -D_GNU_SOURCE  conftest.c  >&5
/tmp/cc6gnOZ9.o: In function `main':
/home/lscm/mproj/workproj/http_service/q_similar/include/others-ex/lib/apr-util-1.3.9/conftest.c:36: undefined reference to `crypt'
collect2: ld returned 1 exit status
configure:49190: $? = 1
configure: failed program was:
| /* confdefs.h.  */
| #define PACKAGE_NAME ""
| #define PACKAGE_TARNAME ""
| #define PACKAGE_VERSION ""
| #define PACKAGE_STRING ""
| #define PACKAGE_BUGREPORT ""
| #define STDC_HEADERS 1
| #define HAVE_SYS_TYPES_H 1
| #define HAVE_SYS_STAT_H 1
| #define HAVE_STDLIB_H 1
| #define HAVE_STRING_H 1
| #define HAVE_MEMORY_H 1
| #define HAVE_STRINGS_H 1
| #define HAVE_INTTYPES_H 1
| #define HAVE_STDINT_H 1
| #define HAVE_UNISTD_H 1
| #define HAVE_SQLITE3_H 1
| #define HAVE_EXPAT_H 1
| #define HAVE_ICONV_H 1
| #define HAVE_LANGINFO_H 1
| #define HAVE_NL_LANGINFO 1
| #define HAVE_CODESET 1
| #define APU_DSO_BUILD 1
| /* end confdefs.h.  */
| 
| /* Override any GCC internal prototype to avoid an error.
|    Use char because int might match the return type of a GCC
|    builtin and then its argument prototype would still apply.  */
| #ifdef __cplusplus
| extern "C"
| #endif
| char crypt ();
| int
| main ()
| {
| return crypt ();
|   ;
|   return 0;
| }
configure:49183: gcc -o conftest -g -O2 -pthread  -D_REENTRANT -D_GNU_SOURCE  conftest.c -lcrypt   >&5
configure:49190: $? = 0
configure:49221: result: -lcrypt
configure:49229: checking if system crypt() function is threadsafe
configure:49241: result: no
configure:49248: checking for crypt_r
configure:49304: gcc -o conftest -g -O2 -pthread  -D_REENTRANT -D_GNU_SOURCE  conftest.c -lcrypt  >&5
configure:49311: $? = 0
configure:49333: result: yes
configure:49350: checking style of crypt_r
configure:49377: gcc -c -g -O2 -pthread  -D_REENTRANT -D_GNU_SOURCE conftest.c >&5
conftest.c: In function 'main':
conftest.c:30: error: 'CRYPTD' undeclared (first use in this function)
conftest.c:30: error: (Each undeclared identifier is reported only once
conftest.c:30: error: for each function it appears in.)
conftest.c:30: error: expected ';' before 'buffer'
conftest.c:31: error: 'buffer' undeclared (first use in this function)
configure:49384: $? = 1
configure: failed program was:
| /* confdefs.h.  */
| #define PACKAGE_NAME ""
| #define PACKAGE_TARNAME ""
| #define PACKAGE_VERSION ""
| #define PACKAGE_STRING ""
| #define PACKAGE_BUGREPORT ""
| #define STDC_HEADERS 1
| #define HAVE_SYS_TYPES_H 1
| #define HAVE_SYS_STAT_H 1
| #define HAVE_STDLIB_H 1
| #define HAVE_STRING_H 1
| #define HAVE_MEMORY_H 1
| #define HAVE_STRINGS_H 1
| #define HAVE_INTTYPES_H 1
| #define HAVE_STDINT_H 1
| #define HAVE_UNISTD_H 1
| #define HAVE_SQLITE3_H 1
| #define HAVE_EXPAT_H 1
| #define HAVE_ICONV_H 1
| #define HAVE_LANGINFO_H 1
| #define HAVE_NL_LANGINFO 1
| #define HAVE_CODESET 1
| #define APU_DSO_BUILD 1
| #define HAVE_CRYPT_R 1
| /* end confdefs.h.  */
| #include <crypt.h>
| int
| main ()
| {
| CRYPTD buffer;
|   crypt_r("passwd", "hash", &buffer);
|   ;
|   return 0;
| }
configure:49416: gcc -c -g -O2 -pthread  -D_REENTRANT -D_GNU_SOURCE conftest.c >&5
configure:49423: $? = 0
configure:49441: result: struct_crypt_data
configure:49667: creating ./config.status

## ---------------------- ##
## Running config.status. ##
## ---------------------- ##

This file was extended by config.status, which was
generated by GNU Autoconf 2.63.  Invocation command line was

  CONFIG_FILES    = 
  CONFIG_HEADERS  = 
  CONFIG_LINKS    = 
  CONFIG_COMMANDS = 
  $ ./config.status 

on lscm

config.status:852: creating Makefile
config.status:852: creating export_vars.sh
config.status:852: creating build/pkg/pkginfo
config.status:852: creating apr-util.pc
config.status:852: creating apu-1-config
config.status:852: creating include/private/apu_select_dbm.h
config.status:852: creating include/apr_ldap.h
config.status:852: creating include/apu.h
config.status:852: creating include/apu_want.h
config.status:852: creating test/Makefile
config.status:852: creating include/private/apu_config.h
config.status:1086: executing default commands
configure:50836: WARNING: unrecognized options: --enable-shared

## ---------------- ##
## Cache variables. ##
## ---------------- ##

ac_cv_build=x86_64-unknown-linux-gnu
ac_cv_c_compiler_gnu=yes
ac_cv_define_CODESET=yes
ac_cv_env_CC_set=
ac_cv_env_CC_value=
ac_cv_env_CFLAGS_set=
ac_cv_env_CFLAGS_value=
ac_cv_env_CPPFLAGS_set=
ac_cv_env_CPPFLAGS_value=
ac_cv_env_CPP_set=
ac_cv_env_CPP_value=
ac_cv_env_LDFLAGS_set=
ac_cv_env_LDFLAGS_value=
ac_cv_env_LIBS_set=
ac_cv_env_LIBS_value=
ac_cv_env_build_alias_set=
ac_cv_env_build_alias_value=
ac_cv_env_host_alias_set=
ac_cv_env_host_alias_value=
ac_cv_env_target_alias_set=
ac_cv_env_target_alias_value=
ac_cv_func_crypt_r=yes
ac_cv_func_nl_langinfo=yes
ac_cv_header_freetds_sybdb_h=no
ac_cv_header_iconv_h=yes
ac_cv_header_inttypes_h=yes
ac_cv_header_langinfo_h=yes
ac_cv_header_libpq_fe_h=no
ac_cv_header_memory_h=yes
ac_cv_header_odbc_sql_h=no
ac_cv_header_postgresql_libpq_fe_h=no
ac_cv_header_sql_h=no
ac_cv_header_sqlite3_h=yes
ac_cv_header_sqlite_h=no
ac_cv_header_stdc=yes
ac_cv_header_stdint_h=yes
ac_cv_header_stdlib_h=yes
ac_cv_header_string_h=yes
ac_cv_header_strings_h=yes
ac_cv_header_sybdb_h=no
ac_cv_header_sys_stat_h=yes
ac_cv_header_sys_types_h=yes
ac_cv_header_unistd_h=yes
ac_cv_host=x86_64-unknown-linux-gnu
ac_cv_lib_sqlite3_sqlite3_open=yes
ac_cv_mkdir_p=yes
ac_cv_objext=o
ac_cv_path_EGREP='/bin/grep -E'
ac_cv_path_GREP=/bin/grep
ac_cv_path_install='/usr/bin/install -c'
ac_cv_prog_CPP='gcc -E'
ac_cv_prog_ac_ct_CC=gcc
ac_cv_prog_cc_c89=
ac_cv_prog_cc_g=yes
ac_cv_search_crypt=-lcrypt
ac_cv_target=x86_64-unknown-linux-gnu
apr_cv_crypt_r_style=struct_crypt_data
apu_cv_aprdso=yes
apu_cv_expat_system=yes

## ----------------- ##
## Output variables. ##
## ----------------- ##

APRUTIL_DOTTED_VERSION='1.3.9'
APRUTIL_EXPORT_LIBS='-lexpat'
APRUTIL_INCLUDES=''
APRUTIL_LDFLAGS=''
APRUTIL_LIBNAME='aprutil-${APRUTIL_MAJOR_VERSION}'
APRUTIL_LIBS='-lexpat /home/lscm/mproj/workproj/http_service/q_similar/include/others-ex/lib/apr-1.3.8/lib/libapr-1.la -lrt -lcrypt -lpthread -ldl'
APRUTIL_MAJOR_VERSION='1'
APRUTIL_PRIV_INCLUDES='-I/home/lscm/mproj/workproj/http_service/q_similar/include/others-ex/lib/apr-util-1.3.9/include -I/home/lscm/mproj/workproj/http_service/q_similar/include/others-ex/lib/apr-util-1.3.9/include/private'
APR_BUILD_DIR='/home/lscm/mproj/workproj/http_service/q_similar/include/others-ex/lib/apr-1.3.8/build-1'
APR_ICONV_DIR=''
APR_INCLUDES=' -I/home/lscm/mproj/workproj/http_service/q_similar/include/others-ex/lib/apr-1.3.8/include/apr-1 '
APR_LIBS=' /home/lscm/mproj/workproj/http_service/q_similar/include/others-ex/lib/apr-1.3.8/lib/libapr-1.la -lrt -lcrypt  -lpthread -ldl'
APR_XML_DIR=''
APU_CONFIG_LOCATION='source'
APU_DSO_LIBDIR='${libdir}/apr-util-1'
APU_HAVE_MODULES='yes'
APU_LTVERSION='-version-info 3:9:3'
APU_MODULES='  dbd/apr_dbd_sqlite3.la'
CC='gcc'
CFLAGS='-g -O2 -pthread'
CPP='gcc -E'
CPPFLAGS=' -D_REENTRANT -D_GNU_SOURCE'
DEFS='-DHAVE_CONFIG_H'
ECHO_C=''
ECHO_N='-n'
ECHO_T=''
EGREP='/bin/grep -E'
EXEEXT=''
EXTRA_OBJECTS=''
GREP='/bin/grep'
INCLUDE_OUTPUTS='include /home/lscm/mproj/workproj/http_service/q_similar/include/others-ex/lib/apr-util-1.3.9/build-outputs.mk'
INCLUDE_RULES='include /home/lscm/mproj/workproj/http_service/q_similar/include/others-ex/lib/apr-util-1.3.9/build/rules.mk'
INSTALL_DATA='${INSTALL} -m 644'
INSTALL_PROGRAM='${INSTALL}'
INSTALL_SCRIPT='${INSTALL}'
LDADD_dbd_freetds=''
LDADD_dbd_mysql=''
LDADD_dbd_odbc=''
LDADD_dbd_oracle=''
LDADD_dbd_pgsql=''
LDADD_dbd_sqlite2=''
LDADD_dbd_sqlite3=' -lsqlite3'
LDADD_dbm_db=''
LDADD_dbm_gdbm=''
LDADD_dbm_ndbm=''
LDADD_ldap=''
LDFLAGS=''
LIBOBJS=''
LIBS='-lcrypt '
LTLIBOBJS=''
LT_NO_INSTALL='-no-install'
MYSQL_CONFIG=''
OBJEXT='o'
ODBC_CONFIG=''
PACKAGE_BUGREPORT=''
PACKAGE_NAME=''
PACKAGE_STRING=''
PACKAGE_TARNAME=''
PACKAGE_VERSION=''
PATH_SEPARATOR=':'
PGSQL_CONFIG=''
SHELL='/bin/bash'
abs_builddir='/home/lscm/mproj/workproj/http_service/q_similar/include/others-ex/lib/apr-util-1.3.9'
abs_srcdir='/home/lscm/mproj/workproj/http_service/q_similar/include/others-ex/lib/apr-util-1.3.9'
ac_ct_CC='gcc'
apr_shlibpath_var='LD_LIBRARY_PATH'
apu_db_header='db.h'
apu_db_version='0'
apu_dbd_tests=' sqlite3'
apu_has_ldap='0'
apu_has_ldap_microsoft='0'
apu_has_ldap_mozilla='0'
apu_has_ldap_netscape='0'
apu_has_ldap_novell='0'
apu_has_ldap_openldap='0'
apu_has_ldap_other='0'
apu_has_ldap_solaris='0'
apu_has_ldap_sslinit='0'
apu_has_ldap_start_tls_s='0'
apu_has_ldap_tivoli='0'
apu_has_ldap_zos='0'
apu_has_ldapssl_add_trusted_cert='0'
apu_has_ldapssl_client_deinit='0'
apu_has_ldapssl_client_init='0'
apu_has_ldapssl_init='0'
apu_has_ldapssl_install_routines='0'
apu_have_db='0'
apu_have_freetds='0'
apu_have_gdbm='0'
apu_have_mysql='0'
apu_have_ndbm='0'
apu_have_odbc='0'
apu_have_oracle='0'
apu_have_pgsql='0'
apu_have_sdbm='1'
apu_have_sqlite2='0'
apu_have_sqlite3='1'
apu_use_db='0'
apu_use_gdbm='0'
apu_use_ndbm='0'
apu_use_sdbm='1'
bindir='${exec_prefix}/bin'
build='x86_64-unknown-linux-gnu'
build_alias=''
build_cpu='x86_64'
build_os='linux-gnu'
build_vendor='unknown'
datadir='${prefix}'
datarootdir='${prefix}/share'
docdir='${datarootdir}/doc/${PACKAGE}'
dvidir='${docdir}'
exec_prefix='${prefix}'
have_apr_iconv='0'
have_iconv='1'
host='x86_64-unknown-linux-gnu'
host_alias=''
host_cpu='x86_64'
host_os='linux-gnu'
host_vendor='unknown'
htmldir='${docdir}'
includedir='${prefix}/include/apr-${APRUTIL_MAJOR_VERSION}'
infodir='${datarootdir}/info'
lber_h=''
ldap_h=''
ldap_ssl_h=''
lib_target='-rpath $(libdir) $(OBJECTS)'
libdir='${exec_prefix}/lib'
libexecdir='${exec_prefix}/modules'
localedir='${datarootdir}/locale'
localstatedir='${prefix}'
mandir='${prefix}/man'
oldincludedir='/usr/include'
pdfdir='${docdir}'
prefix='/home/lscm/mproj/workproj/http_service/q_similar/include/others-ex/lib/apr-util-1.3.9'
program_transform_name='s,x,x,'
psdir='${docdir}'
sbindir='${exec_prefix}/bin'
sharedstatedir='${prefix}/com'
so_ext='lo'
sysconfdir='${prefix}/conf'
target='x86_64-unknown-linux-gnu'
target_alias=''
target_cpu='x86_64'
target_os='linux-gnu'
target_vendor='unknown'
top_builddir='/home/lscm/mproj/workproj/http_service/q_similar/include/others-ex/lib/apr-util-1.3.9'

## ----------- ##
## confdefs.h. ##
## ----------- ##

#define PACKAGE_NAME ""
#define PACKAGE_TARNAME ""
#define PACKAGE_VERSION ""
#define PACKAGE_STRING ""
#define PACKAGE_BUGREPORT ""
#define STDC_HEADERS 1
#define HAVE_SYS_TYPES_H 1
#define HAVE_SYS_STAT_H 1
#define HAVE_STDLIB_H 1
#define HAVE_STRING_H 1
#define HAVE_MEMORY_H 1
#define HAVE_STRINGS_H 1
#define HAVE_INTTYPES_H 1
#define HAVE_STDINT_H 1
#define HAVE_UNISTD_H 1
#define HAVE_SQLITE3_H 1
#define HAVE_EXPAT_H 1
#define HAVE_ICONV_H 1
#define HAVE_LANGINFO_H 1
#define HAVE_NL_LANGINFO 1
#define HAVE_CODESET 1
#define APU_DSO_BUILD 1
#define HAVE_CRYPT_R 1
#define CRYPT_R_STRUCT_CRYPT_DATA 1
#define APU_DSO_LIBDIR "/home/lscm/mproj/workproj/http_service/q_similar/include/others-ex/lib/apr-util-1.3.9/lib/apr-util-1"

configure: exit 0
