06-30 14:09:40:  new. * 140642499323776 * Open process log by----new.
=================================================
NOTICE: 06-30 14:09:40:  new. * 140642499323776 Service start
06-30 14:09:40:  new. * 140642469754624 * Open thread log by----new.:server_thread
================================================
DEBUG: 06-30 14:09:50:  new. * 140642499323776 accept connection succeed
DEBUG: 06-30 14:09:50:  new. * 140642499323776 Ready 1 sockets: handle 0(8), signal sent. 1 free threads
DEBUG: 06-30 14:09:50:  new. * 140642499323776 0 socket READY, 1 BUSY, 1 Total
TRACE: 06-30 14:09:50:  new. * 140642469754624 URI: /search?q=88888888888888888999999999
TRACE: 06-30 14:09:50:  new. * 140642469754624 URI: /search?q=88888888888888888999999999	RECOMM: 88888888888888888999999999
DEBUG: 06-30 14:09:50:  new. * 140642499323776 accept connection succeed
DEBUG: 06-30 14:09:50:  new. * 140642499323776 accept connection succeed
DEBUG: 06-30 14:09:50:  new. * 140642499323776 Ready 1 sockets: handle 0(8), signal sent. 1 free threads
TRACE: 06-30 14:09:50:  new. * 140642469754624 URI: /favicon.ico
06-30 15:13:37:  new. * 139812950902656 * Open process log by----new.
=================================================
NOTICE: 06-30 15:13:37:  new. * 139812950902656 Service start
06-30 15:13:37:  new. * 139812921333504 * Open thread log by----new.:server_thread
================================================
DEBUG: 06-30 15:13:43:  new. * 139812950902656 accept connection succeed
DEBUG: 06-30 15:13:43:  new. * 139812950902656 Ready 1 sockets: handle 0(8), signal sent. 1 free threads
DEBUG: 06-30 15:13:43:  new. * 139812950902656 0 socket READY, 1 BUSY, 1 Total
TRACE: 06-30 15:13:43:  new. * 139812921333504 URI: /search?q=88888888888888888999999999
TRACE: 06-30 15:13:43:  new. * 139812921333504 URI: /search?q=88888888888888888999999999	RECOMM: 88888888888888888999999999
DEBUG: 06-30 15:13:43:  new. * 139812950902656 accept connection succeed
DEBUG: 06-30 15:13:43:  new. * 139812950902656 accept connection succeed
DEBUG: 06-30 15:13:43:  new. * 139812950902656 Ready 1 sockets: handle 0(8), signal sent. 1 free threads
TRACE: 06-30 15:13:43:  new. * 139812921333504 URI: /favicon.ico
DEBUG: 06-30 15:13:44:  new. * 139812950902656 accept connection succeed
DEBUG: 06-30 15:13:44:  new. * 139812950902656 Ready 1 sockets: handle 1(9), signal sent. 1 free threads
TRACE: 06-30 15:13:44:  new. * 139812921333504 URI: /search?q=88888888888888888999999999
TRACE: 06-30 15:13:44:  new. * 139812921333504 URI: /search?q=88888888888888888999999999	RECOMM: 88888888888888888999999999
DEBUG: 06-30 15:13:44:  new. * 139812950902656 Ready 1 sockets: handle 0(8), signal sent. 1 free threads
DEBUG: 06-30 15:13:44:  new. * 139812950902656 0 socket READY, 1 BUSY, 2 Total
TRACE: 06-30 15:13:44:  new. * 139812921333504 URI: /favicon.ico
DEBUG: 06-30 15:13:44:  new. * 139812950902656 accept connection succeed
DEBUG: 06-30 15:13:44:  new. * 139812950902656 Ready 1 sockets: handle 0(8), signal sent. 1 free threads
TRACE: 06-30 15:13:44:  new. * 139812921333504 URI: /search?q=88888888888888888999999999
TRACE: 06-30 15:13:44:  new. * 139812921333504 URI: /search?q=88888888888888888999999999	RECOMM: 88888888888888888999999999
DEBUG: 06-30 15:13:44:  new. * 139812950902656 accept connection succeed
DEBUG: 06-30 15:13:44:  new. * 139812950902656 accept connection succeed
DEBUG: 06-30 15:13:44:  new. * 139812950902656 Ready 1 sockets: handle 0(8), signal sent. 1 free threads
TRACE: 06-30 15:13:44:  new. * 139812921333504 URI: /favicon.ico
DEBUG: 06-30 15:13:45:  new. * 139812950902656 Ready 1 sockets: handle 1(9), signal sent. 1 free threads
TRACE: 06-30 15:13:45:  new. * 139812921333504 URI: /search?q=88888888888888888999999999
TRACE: 06-30 15:13:45:  new. * 139812921333504 URI: /search?q=88888888888888888999999999	RECOMM: 88888888888888888999999999
DEBUG: 06-30 15:13:45:  new. * 139812950902656 accept connection succeed
DEBUG: 06-30 15:13:45:  new. * 139812950902656 accept connection succeed
DEBUG: 06-30 15:13:45:  new. * 139812950902656 Ready 1 sockets: handle 0(8), signal sent. 1 free threads
TRACE: 06-30 15:13:45:  new. * 139812921333504 URI: /favicon.ico
DEBUG: 06-30 15:13:45:  new. * 139812950902656 Ready 1 sockets: handle 1(9), signal sent. 1 free threads
DEBUG: 06-30 15:13:45:  new. * 139812950902656 0 socket READY, 1 BUSY, 2 Total
TRACE: 06-30 15:13:45:  new. * 139812921333504 URI: /search?q=88888888888888888999999999
TRACE: 06-30 15:13:45:  new. * 139812921333504 URI: /search?q=88888888888888888999999999	RECOMM: 88888888888888888999999999
DEBUG: 06-30 15:13:45:  new. * 139812950902656 accept connection succeed
DEBUG: 06-30 15:13:45:  new. * 139812950902656 accept connection succeed
DEBUG: 06-30 15:13:45:  new. * 139812950902656 Ready 1 sockets: handle 0(8), signal sent. 1 free threads
TRACE: 06-30 15:13:45:  new. * 139812921333504 URI: /favicon.ico
DEBUG: 06-30 15:13:45:  new. * 139812950902656 Ready 1 sockets: handle 1(9), signal sent. 1 free threads
DEBUG: 06-30 15:13:45:  new. * 139812950902656 0 socket READY, 1 BUSY, 2 Total
TRACE: 06-30 15:13:45:  new. * 139812921333504 URI: /search?q=88888888888888888999999999
TRACE: 06-30 15:13:45:  new. * 139812921333504 URI: /search?q=88888888888888888999999999	RECOMM: 88888888888888888999999999
DEBUG: 06-30 15:13:45:  new. * 139812950902656 accept connection succeed
DEBUG: 06-30 15:13:45:  new. * 139812950902656 accept connection succeed
DEBUG: 06-30 15:13:45:  new. * 139812950902656 Ready 1 sockets: handle 0(8), signal sent. 1 free threads
TRACE: 06-30 15:13:45:  new. * 139812921333504 URI: /favicon.ico
DEBUG: 06-30 15:13:45:  new. * 139812950902656 Ready 1 sockets: handle 1(9), signal sent. 1 free threads
DEBUG: 06-30 15:13:45:  new. * 139812950902656 0 socket READY, 1 BUSY, 2 Total
TRACE: 06-30 15:13:45:  new. * 139812921333504 URI: /search?q=88888888888888888999999999
TRACE: 06-30 15:13:45:  new. * 139812921333504 URI: /search?q=88888888888888888999999999	RECOMM: 88888888888888888999999999
DEBUG: 06-30 15:13:45:  new. * 139812950902656 accept connection succeed
DEBUG: 06-30 15:13:45:  new. * 139812950902656 accept connection succeed
DEBUG: 06-30 15:13:46:  new. * 139812950902656 Ready 1 sockets: handle 0(8), signal sent. 1 free threads
TRACE: 06-30 15:13:46:  new. * 139812921333504 URI: /favicon.ico
DEBUG: 06-30 15:13:46:  new. * 139812950902656 Ready 1 sockets: handle 1(9), signal sent. 1 free threads
DEBUG: 06-30 15:13:46:  new. * 139812950902656 0 socket READY, 1 BUSY, 2 Total
TRACE: 06-30 15:13:46:  new. * 139812921333504 URI: /search?q=88888888888888888999999999
TRACE: 06-30 15:13:46:  new. * 139812921333504 URI: /search?q=88888888888888888999999999	RECOMM: 88888888888888888999999999
DEBUG: 06-30 15:13:46:  new. * 139812950902656 accept connection succeed
DEBUG: 06-30 15:13:46:  new. * 139812950902656 accept connection succeed
DEBUG: 06-30 15:13:46:  new. * 139812950902656 Ready 1 sockets: handle 0(8), signal sent. 1 free threads
TRACE: 06-30 15:13:46:  new. * 139812921333504 URI: /favicon.ico
DEBUG: 06-30 15:13:46:  new. * 139812950902656 Ready 1 sockets: handle 1(9), signal sent. 1 free threads
DEBUG: 06-30 15:13:46:  new. * 139812950902656 0 socket READY, 1 BUSY, 2 Total
TRACE: 06-30 15:13:46:  new. * 139812921333504 URI: /search?q=88888888888888888999999999
TRACE: 06-30 15:13:46:  new. * 139812921333504 URI: /search?q=88888888888888888999999999	RECOMM: 88888888888888888999999999
DEBUG: 06-30 15:13:46:  new. * 139812950902656 accept connection succeed
DEBUG: 06-30 15:13:46:  new. * 139812950902656 accept connection succeed
DEBUG: 06-30 15:13:46:  new. * 139812950902656 Ready 1 sockets: handle 0(8), signal sent. 1 free threads
TRACE: 06-30 15:13:46:  new. * 139812921333504 URI: /favicon.ico
DEBUG: 06-30 15:13:46:  new. * 139812950902656 Ready 1 sockets: handle 1(9), signal sent. 1 free threads
DEBUG: 06-30 15:13:46:  new. * 139812950902656 0 socket READY, 1 BUSY, 2 Total
TRACE: 06-30 15:13:46:  new. * 139812921333504 URI: /search?q=88888888888888888999999999
TRACE: 06-30 15:13:46:  new. * 139812921333504 URI: /search?q=88888888888888888999999999	RECOMM: 88888888888888888999999999
DEBUG: 06-30 15:13:46:  new. * 139812950902656 accept connection succeed
DEBUG: 06-30 15:13:46:  new. * 139812950902656 accept connection succeed
DEBUG: 06-30 15:13:46:  new. * 139812950902656 Ready 1 sockets: handle 0(8), signal sent. 1 free threads
TRACE: 06-30 15:13:46:  new. * 139812921333504 URI: /favicon.ico
DEBUG: 06-30 15:13:47:  new. * 139812950902656 Ready 1 sockets: handle 1(9), signal sent. 1 free threads
TRACE: 06-30 15:13:47:  new. * 139812921333504 URI: /search?q=88888888888888888999999999
TRACE: 06-30 15:13:47:  new. * 139812921333504 URI: /search?q=88888888888888888999999999	RECOMM: 88888888888888888999999999
DEBUG: 06-30 15:13:47:  new. * 139812950902656 accept connection succeed
DEBUG: 06-30 15:13:47:  new. * 139812950902656 accept connection succeed
DEBUG: 06-30 15:13:47:  new. * 139812950902656 Ready 1 sockets: handle 0(8), signal sent. 1 free threads
TRACE: 06-30 15:13:47:  new. * 139812921333504 URI: /favicon.ico
DEBUG: 06-30 15:13:47:  new. * 139812950902656 Ready 1 sockets: handle 1(9), signal sent. 1 free threads
DEBUG: 06-30 15:13:47:  new. * 139812950902656 0 socket READY, 1 BUSY, 2 Total
TRACE: 06-30 15:13:47:  new. * 139812921333504 URI: /search?q=88888888888888888999999999
TRACE: 06-30 15:13:47:  new. * 139812921333504 URI: /search?q=88888888888888888999999999	RECOMM: 88888888888888888999999999
DEBUG: 06-30 15:13:47:  new. * 139812950902656 accept connection succeed
DEBUG: 06-30 15:13:47:  new. * 139812950902656 accept connection succeed
DEBUG: 06-30 15:13:47:  new. * 139812950902656 Ready 1 sockets: handle 0(8), signal sent. 1 free threads
TRACE: 06-30 15:13:47:  new. * 139812921333504 URI: /favicon.ico
DEBUG: 06-30 15:13:47:  new. * 139812950902656 Ready 1 sockets: handle 1(9), signal sent. 1 free threads
DEBUG: 06-30 15:13:47:  new. * 139812950902656 0 socket READY, 1 BUSY, 2 Total
TRACE: 06-30 15:13:47:  new. * 139812921333504 URI: /search?q=88888888888888888999999999
TRACE: 06-30 15:13:47:  new. * 139812921333504 URI: /search?q=88888888888888888999999999	RECOMM: 88888888888888888999999999
DEBUG: 06-30 15:13:47:  new. * 139812950902656 accept connection succeed
DEBUG: 06-30 15:13:47:  new. * 139812950902656 accept connection succeed
DEBUG: 06-30 15:13:47:  new. * 139812950902656 Ready 1 sockets: handle 0(8), signal sent. 1 free threads
TRACE: 06-30 15:13:47:  new. * 139812921333504 URI: /favicon.ico
DEBUG: 06-30 15:13:47:  new. * 139812950902656 Ready 1 sockets: handle 1(9), signal sent. 1 free threads
DEBUG: 06-30 15:13:47:  new. * 139812950902656 0 socket READY, 1 BUSY, 2 Total
TRACE: 06-30 15:13:47:  new. * 139812921333504 URI: /search?q=88888888888888888999999999
TRACE: 06-30 15:13:47:  new. * 139812921333504 URI: /search?q=88888888888888888999999999	RECOMM: 88888888888888888999999999
DEBUG: 06-30 15:13:47:  new. * 139812950902656 accept connection succeed
DEBUG: 06-30 15:13:47:  new. * 139812950902656 accept connection succeed
DEBUG: 06-30 15:13:47:  new. * 139812950902656 Ready 1 sockets: handle 0(8), signal sent. 1 free threads
TRACE: 06-30 15:13:47:  new. * 139812921333504 URI: /favicon.ico
DEBUG: 06-30 15:13:47:  new. * 139812950902656 Ready 1 sockets: handle 1(9), signal sent. 1 free threads
DEBUG: 06-30 15:13:47:  new. * 139812950902656 0 socket READY, 1 BUSY, 2 Total
TRACE: 06-30 15:13:47:  new. * 139812921333504 URI: /search?q=88888888888888888999999999
TRACE: 06-30 15:13:47:  new. * 139812921333504 URI: /search?q=88888888888888888999999999	RECOMM: 88888888888888888999999999
DEBUG: 06-30 15:13:47:  new. * 139812950902656 accept connection succeed
DEBUG: 06-30 15:13:47:  new. * 139812950902656 accept connection succeed
DEBUG: 06-30 15:13:47:  new. * 139812950902656 Ready 1 sockets: handle 0(8), signal sent. 1 free threads
TRACE: 06-30 15:13:47:  new. * 139812921333504 URI: /favicon.ico
DEBUG: 06-30 15:13:48:  new. * 139812950902656 Ready 1 sockets: handle 1(9), signal sent. 1 free threads
DEBUG: 06-30 15:13:48:  new. * 139812950902656 0 socket READY, 1 BUSY, 2 Total
TRACE: 06-30 15:13:48:  new. * 139812921333504 URI: /search?q=88888888888888888999999999
TRACE: 06-30 15:13:48:  new. * 139812921333504 URI: /search?q=88888888888888888999999999	RECOMM: 88888888888888888999999999
DEBUG: 06-30 15:13:48:  new. * 139812950902656 accept connection succeed
DEBUG: 06-30 15:13:48:  new. * 139812950902656 accept connection succeed
DEBUG: 06-30 15:13:48:  new. * 139812950902656 Ready 1 sockets: handle 0(8), signal sent. 1 free threads
TRACE: 06-30 15:13:48:  new. * 139812921333504 URI: /favicon.ico
DEBUG: 06-30 15:13:48:  new. * 139812950902656 Ready 1 sockets: handle 1(9), signal sent. 1 free threads
TRACE: 06-30 15:13:48:  new. * 139812921333504 URI: /search?q=88888888888888888999999999
TRACE: 06-30 15:13:48:  new. * 139812921333504 URI: /search?q=88888888888888888999999999	RECOMM: 88888888888888888999999999
DEBUG: 06-30 15:13:48:  new. * 139812950902656 accept connection succeed
DEBUG: 06-30 15:13:48:  new. * 139812950902656 accept connection succeed
DEBUG: 06-30 15:13:48:  new. * 139812950902656 Ready 1 sockets: handle 0(8), signal sent. 1 free threads
TRACE: 06-30 15:13:48:  new. * 139812921333504 URI: /favicon.ico
DEBUG: 06-30 15:13:48:  new. * 139812950902656 Ready 1 sockets: handle 1(9), signal sent. 1 free threads
DEBUG: 06-30 15:13:48:  new. * 139812950902656 0 socket READY, 1 BUSY, 2 Total
TRACE: 06-30 15:13:48:  new. * 139812921333504 URI: /search?q=88888888888888888999999999
TRACE: 06-30 15:13:48:  new. * 139812921333504 URI: /search?q=88888888888888888999999999	RECOMM: 88888888888888888999999999
DEBUG: 06-30 15:13:48:  new. * 139812950902656 accept connection succeed
DEBUG: 06-30 15:13:48:  new. * 139812950902656 accept connection succeed
DEBUG: 06-30 15:13:48:  new. * 139812950902656 Ready 1 sockets: handle 0(8), signal sent. 1 free threads
TRACE: 06-30 15:13:48:  new. * 139812921333504 URI: /favicon.ico
DEBUG: 06-30 15:13:48:  new. * 139812950902656 Ready 1 sockets: handle 1(9), signal sent. 1 free threads
DEBUG: 06-30 15:13:48:  new. * 139812950902656 0 socket READY, 1 BUSY, 2 Total
TRACE: 06-30 15:13:48:  new. * 139812921333504 URI: /search?q=88888888888888888999999999
TRACE: 06-30 15:13:48:  new. * 139812921333504 URI: /search?q=88888888888888888999999999	RECOMM: 88888888888888888999999999
DEBUG: 06-30 15:13:48:  new. * 139812950902656 accept connection succeed
DEBUG: 06-30 15:13:48:  new. * 139812950902656 accept connection succeed
DEBUG: 06-30 15:13:48:  new. * 139812950902656 Ready 1 sockets: handle 0(8), signal sent. 1 free threads
TRACE: 06-30 15:13:48:  new. * 139812921333504 URI: /favicon.ico
DEBUG: 06-30 15:13:49:  new. * 139812950902656 Ready 1 sockets: handle 1(9), signal sent. 1 free threads
DEBUG: 06-30 15:13:49:  new. * 139812950902656 0 socket READY, 1 BUSY, 2 Total
TRACE: 06-30 15:13:49:  new. * 139812921333504 URI: /search?q=88888888888888888999999999
TRACE: 06-30 15:13:49:  new. * 139812921333504 URI: /search?q=88888888888888888999999999	RECOMM: 88888888888888888999999999
DEBUG: 06-30 15:13:49:  new. * 139812950902656 accept connection succeed
DEBUG: 06-30 15:13:49:  new. * 139812950902656 accept connection succeed
DEBUG: 06-30 15:13:49:  new. * 139812950902656 Ready 1 sockets: handle 0(8), signal sent. 1 free threads
TRACE: 06-30 15:13:49:  new. * 139812921333504 URI: /favicon.ico
DEBUG: 06-30 15:13:49:  new. * 139812950902656 Ready 1 sockets: handle 1(9), signal sent. 1 free threads
DEBUG: 06-30 15:13:49:  new. * 139812950902656 0 socket READY, 1 BUSY, 2 Total
TRACE: 06-30 15:13:49:  new. * 139812921333504 URI: /search?q=88888888888888888999999999
TRACE: 06-30 15:13:49:  new. * 139812921333504 URI: /search?q=88888888888888888999999999	RECOMM: 88888888888888888999999999
DEBUG: 06-30 15:13:49:  new. * 139812950902656 accept connection succeed
DEBUG: 06-30 15:13:49:  new. * 139812950902656 accept connection succeed
DEBUG: 06-30 15:13:49:  new. * 139812950902656 Ready 1 sockets: handle 0(8), signal sent. 1 free threads
TRACE: 06-30 15:13:49:  new. * 139812921333504 URI: /favicon.ico
DEBUG: 06-30 15:13:59:  new. * 139812950902656 Ready 1 sockets: handle 1(9), signal sent. 1 free threads
DEBUG: 06-30 15:13:59:  new. * 139812950902656 0 socket READY, 1 BUSY, 2 Total
06-30 15:18:41:  new. * 140107113801600 * Open process log by----new.
=================================================
NOTICE: 06-30 15:18:41:  new. * 140107113801600 Service start
06-30 15:18:41:  new. * 140107084232448 * Open thread log by----new.:server_thread
================================================
DEBUG: 06-30 15:19:00:  new. * 140107113801600 accept connection succeed
DEBUG: 06-30 15:19:00:  new. * 140107113801600 Ready 1 sockets: handle 0(8), signal sent. 1 free threads
TRACE: 06-30 15:19:00:  new. * 140107084232448 URI: /search?q=88888888888888888999999999
TRACE: 06-30 15:19:00:  new. * 140107084232448 URI: /search?q=88888888888888888999999999	RECOMM: 88888888888888888999999999
DEBUG: 06-30 15:19:00:  new. * 140107113801600 accept connection succeed
DEBUG: 06-30 15:19:00:  new. * 140107113801600 accept connection succeed
DEBUG: 06-30 15:19:00:  new. * 140107113801600 Ready 1 sockets: handle 0(8), signal sent. 1 free threads
TRACE: 06-30 15:19:00:  new. * 140107084232448 URI: /favicon.ico
DEBUG: 06-30 15:19:10:  new. * 140107113801600 Ready 1 sockets: handle 1(9), signal sent. 1 free threads
DEBUG: 06-30 15:19:24:  new. * 140107113801600 accept connection succeed
DEBUG: 06-30 15:19:24:  new. * 140107113801600 Ready 1 sockets: handle 0(8), signal sent. 1 free threads
DEBUG: 06-30 15:19:24:  new. * 140107113801600 0 socket READY, 1 BUSY, 2 Total
TRACE: 06-30 15:19:24:  new. * 140107084232448 URI: /search?q=88888888888888888999999999
TRACE: 06-30 15:19:24:  new. * 140107084232448 URI: /search?q=88888888888888888999999999	RECOMM: 88888888888888888999999999
DEBUG: 06-30 15:19:24:  new. * 140107113801600 accept connection succeed
DEBUG: 06-30 15:19:24:  new. * 140107113801600 accept connection succeed
DEBUG: 06-30 15:19:25:  new. * 140107113801600 Ready 1 sockets: handle 0(8), signal sent. 1 free threads
TRACE: 06-30 15:19:25:  new. * 140107084232448 URI: /favicon.ico
06-30 15:22:32:  new. * 140241537259392 * Open process log by----new.
=================================================
NOTICE: 06-30 15:22:32:  new. * 140241537259392 Service start
06-30 15:22:32:  new. * 140241507690240 * Open thread log by----new.:server_thread
================================================
DEBUG: 06-30 15:22:38:  new. * 140241537259392 accept connection succeed
DEBUG: 06-30 15:22:38:  new. * 140241537259392 Ready 1 sockets: handle 0(8), signal sent. 1 free threads
TRACE: 06-30 15:22:38:  new. * 140241507690240 URI: /search?q=88888888888888888999999999
TRACE: 06-30 15:22:38:  new. * 140241507690240 URI: /search?q=88888888888888888999999999	RECOMM: 88888888888888888999999999
DEBUG: 06-30 15:22:38:  new. * 140241537259392 accept connection succeed
DEBUG: 06-30 15:22:38:  new. * 140241537259392 accept connection succeed
DEBUG: 06-30 15:22:38:  new. * 140241537259392 Ready 1 sockets: handle 0(8), signal sent. 1 free threads
TRACE: 06-30 15:22:38:  new. * 140241507690240 URI: /favicon.ico
DEBUG: 06-30 15:22:40:  new. * 140241537259392 Ready 1 sockets: handle 1(9), signal sent. 1 free threads
TRACE: 06-30 15:22:40:  new. * 140241507690240 URI: /search?q=88888888888888888999999999
TRACE: 06-30 15:22:40:  new. * 140241507690240 URI: /search?q=88888888888888888999999999	RECOMM: 88888888888888888999999999
DEBUG: 06-30 15:22:40:  new. * 140241537259392 accept connection succeed
DEBUG: 06-30 15:22:40:  new. * 140241537259392 accept connection succeed
DEBUG: 06-30 15:22:40:  new. * 140241537259392 Ready 1 sockets: handle 0(8), signal sent. 1 free threads
TRACE: 06-30 15:22:40:  new. * 140241507690240 URI: /favicon.ico
DEBUG: 06-30 15:22:48:  new. * 140241537259392 Ready 1 sockets: handle 1(9), signal sent. 1 free threads
TRACE: 06-30 15:22:48:  new. * 140241507690240 URI: /search?q=88888888888888888999999999
TRACE: 06-30 15:22:48:  new. * 140241507690240 URI: /search?q=88888888888888888999999999	RECOMM: 88888888888888888999999999
DEBUG: 06-30 15:22:48:  new. * 140241537259392 accept connection succeed
DEBUG: 06-30 15:22:48:  new. * 140241537259392 accept connection succeed
DEBUG: 06-30 15:22:48:  new. * 140241537259392 Ready 1 sockets: handle 0(8), signal sent. 1 free threads
TRACE: 06-30 15:22:48:  new. * 140241507690240 URI: /favicon.ico
06-30 15:56:23:  new. * 140111987480448 * Open process log by----new.
=================================================
NOTICE: 06-30 15:56:23:  new. * 140111987480448 Service start
06-30 15:56:23:  new. * 140111957911296 * Open thread log by----new.:server_thread
================================================
06-30 15:56:24:  new. * 140111949518592 * Open thread log by----new.:server_thread
================================================
06-30 15:56:25:  new. * 140111941125888 * Open thread log by----new.:server_thread
================================================
06-30 15:56:26:  new. * 140111932733184 * Open thread log by----new.:server_thread
================================================
06-30 15:56:27:  new. * 140111924340480 * Open thread log by----new.:server_thread
================================================
06-30 15:56:28:  new. * 140111915947776 * Open thread log by----new.:server_thread
================================================
06-30 15:56:29:  new. * 140111563978496 * Open thread log by----new.:server_thread
================================================
06-30 15:56:30:  new. * 140111555585792 * Open thread log by----new.:server_thread
================================================
06-30 15:56:31:  new. * 140111547193088 * Open thread log by----new.:server_thread
================================================
06-30 15:56:32:  new. * 140111538800384 * Open thread log by----new.:server_thread
================================================
DEBUG: 06-30 15:56:38:  new. * 140111987480448 accept connection succeed
DEBUG: 06-30 15:56:38:  new. * 140111987480448 Ready 1 sockets: handle 0(8), signal sent. 10 free threads
TRACE: 06-30 15:56:38:  new. * 140111957911296 URI: /search?q=88888888888888888999999999
TRACE: 06-30 15:56:38:  new. * 140111957911296 URI: /search?q=88888888888888888999999999	RECOMM: 88888888888888888999999999
DEBUG: 06-30 15:56:38:  new. * 140111987480448 accept connection succeed
DEBUG: 06-30 15:56:38:  new. * 140111987480448 accept connection succeed
DEBUG: 06-30 15:56:38:  new. * 140111987480448 Ready 1 sockets: handle 0(8), signal sent. 10 free threads
TRACE: 06-30 15:56:38:  new. * 140111949518592 URI: /favicon.ico
DEBUG: 06-30 15:56:48:  new. * 140111987480448 Ready 1 sockets: handle 1(9), signal sent. 10 free threads
DEBUG: 06-30 15:56:48:  new. * 140111987480448 0 socket READY, 1 BUSY, 2 Total
DEBUG: 06-30 15:57:06:  new. * 140111987480448 accept connection succeed
DEBUG: 06-30 15:57:06:  new. * 140111987480448 Ready 1 sockets: handle 0(8), signal sent. 10 free threads
DEBUG: 06-30 15:57:06:  new. * 140111987480448 0 socket READY, 1 BUSY, 2 Total
TRACE: 06-30 15:57:06:  new. * 140111932733184 URI: /search?q=88888888888888888999999999
TRACE: 06-30 15:57:06:  new. * 140111932733184 URI: /search?q=88888888888888888999999999	RECOMM: 88888888888888888999999999
DEBUG: 06-30 15:57:06:  new. * 140111987480448 accept connection succeed
DEBUG: 06-30 15:57:06:  new. * 140111987480448 accept connection succeed
DEBUG: 06-30 15:57:06:  new. * 140111987480448 Ready 1 sockets: handle 0(8), signal sent. 10 free threads
TRACE: 06-30 15:57:06:  new. * 140111924340480 URI: /favicon.ico
DEBUG: 06-30 15:57:16:  new. * 140111987480448 Ready 1 sockets: handle 1(9), signal sent. 10 free threads
DEBUG: 06-30 15:57:16:  new. * 140111987480448 0 socket READY, 1 BUSY, 2 Total
06-30 16:30:04:  new. * 140049924491136 * Open process log by----new.
=================================================
NOTICE: 06-30 16:30:04:  new. * 140049924491136 Service start
06-30 16:30:04:  new. * 140049894921984 * Open thread log by----new.:server_thread
================================================
06-30 16:33:11:  new. * 140182449760128 * Open process log by----new.
=================================================
NOTICE: 06-30 16:33:11:  new. * 140182449760128 Service start
06-30 16:33:11:  new. * 140182420190976 * Open thread log by----new.:server_thread
================================================
