06-23 16:50:47:  qs. * 140334885787520 * Open process log by----qs.
=================================================
NOTICE: 06-23 16:50:47:  qs. * 140334885787520 Service start
06-23 16:50:47:  qs. * 140334767294208 * Open thread log by----qs.:server_thread
================================================
DEBUG: 06-23 17:11:41:  qs. * 140334885787520 accept connection succeed
DEBUG: 06-23 17:11:41:  qs. * 140334885787520 accept connection succeed
DEBUG: 06-23 17:11:41:  qs. * 140334885787520 Ready 1 sockets: handle 0(8), signal sent. 1 free threads
TRACE: 06-23 17:11:41:  qs. * 140334767294208 URI: /search?query=%E6%96%B0%E8%BD%A9%E9%80%B8%E4%B8%93%E7%94%A8%E8%84%9A%E5%9E%AB2gu%E7%9B%98
TRACE: 06-23 17:11:41:  qs. * 140334767294208 RECOMM:s
DEBUG: 06-23 17:11:41:  qs. * 140334885787520 Ready 1 sockets: handle 1(9), signal sent. 1 free threads
TRACE: 06-23 17:11:41:  qs. * 140334767294208 URI: /favicon.ico
DEBUG: 06-23 17:13:05:  qs. * 140334885787520 accept connection succeed
DEBUG: 06-23 17:13:05:  qs. * 140334885787520 accept connection succeed
DEBUG: 06-23 17:13:06:  qs. * 140334885787520 Ready 1 sockets: handle 0(8), signal sent. 1 free threads
TRACE: 06-23 17:13:06:  qs. * 140334767294208 URI: /favicon.ico
DEBUG: 06-23 17:13:15:  qs. * 140334885787520 Ready 1 sockets: handle 1(9), signal sent. 1 free threads
DEBUG: 06-23 17:13:42:  qs. * 140334885787520 accept connection succeed
DEBUG: 06-23 17:13:42:  qs. * 140334885787520 Ready 1 sockets: handle 0(8), signal sent. 1 free threads
TRACE: 06-23 17:13:42:  qs. * 140334767294208 URI: /search?query=The%20V%202014%20Stamp%20%E7%9F%AD%E8%A2%96T%E6%81%A4
TRACE: 06-23 17:13:42:  qs. * 140334767294208 RECOMM:s
DEBUG: 06-23 17:13:42:  qs. * 140334885787520 accept connection succeed
DEBUG: 06-23 17:13:43:  qs. * 140334885787520 Ready 1 sockets: handle 0(8), signal sent. 1 free threads
TRACE: 06-23 17:13:43:  qs. * 140334767294208 URI: /favicon.ico
DEBUG: 06-23 17:16:12:  qs. * 140334885787520 accept connection succeed
DEBUG: 06-23 17:16:12:  qs. * 140334885787520 Ready 1 sockets: handle 0(8), signal sent. 1 free threads
TRACE: 06-23 17:16:12:  qs. * 140334767294208 URI: /search?query=%E7%9F%AD%E8%A2%96T%E6%81%A4
TRACE: 06-23 17:16:12:  qs. * 140334767294208 RECOMM:s
DEBUG: 06-23 17:16:12:  qs. * 140334885787520 accept connection succeed
DEBUG: 06-23 17:16:12:  qs. * 140334885787520 accept connection succeed
DEBUG: 06-23 17:16:13:  qs. * 140334885787520 Ready 1 sockets: handle 0(8), signal sent. 1 free threads
TRACE: 06-23 17:16:13:  qs. * 140334767294208 URI: /favicon.ico
DEBUG: 06-23 17:16:32:  qs. * 140334885787520 Ready 1 sockets: handle 1(9), signal sent. 1 free threads
DEBUG: 06-23 17:17:02:  qs. * 140334885787520 accept connection succeed
DEBUG: 06-23 17:17:02:  qs. * 140334885787520 Ready 1 sockets: handle 0(8), signal sent. 1 free threads
TRACE: 06-23 17:17:02:  qs. * 140334767294208 URI: /search?query=%E7%9F%AD%E8%A2%96T%E6%81%A4
TRACE: 06-23 17:17:02:  qs. * 140334767294208 RECOMM:s
DEBUG: 06-23 17:17:02:  qs. * 140334885787520 accept connection succeed
DEBUG: 06-23 17:17:02:  qs. * 140334885787520 Ready 1 sockets: handle 0(8), signal sent. 1 free threads
TRACE: 06-23 17:17:02:  qs. * 140334767294208 URI: /favicon.ico
DEBUG: 06-23 17:17:02:  qs. * 140334885787520 accept connection succeed
DEBUG: 06-23 17:17:02:  qs. * 140334885787520 Ready 1 sockets: handle 0(8), signal sent. 1 free threads
TRACE: 06-23 17:17:02:  qs. * 140334767294208 URI: /favicon.ico
DEBUG: 06-23 17:18:50:  qs. * 140334885787520 accept connection succeed
DEBUG: 06-23 17:18:50:  qs. * 140334885787520 Ready 1 sockets: handle 0(8), signal sent. 1 free threads
TRACE: 06-23 17:18:50:  qs. * 140334767294208 URI: /search?query=%E7%9F%AD%E8%A2%96T%E6%81%A4
TRACE: 06-23 17:18:50:  qs. * 140334767294208 RECOMM:s
06-23 17:46:35:  qs. * 139803041990528 * Open process log by----qs.
=================================================
NOTICE: 06-23 17:46:35:  qs. * 139803041990528 Service start
06-23 17:46:35:  qs. * 139802923497216 * Open thread log by----qs.:server_thread
================================================
DEBUG: 06-23 17:46:43:  qs. * 139803041990528 accept connection succeed
DEBUG: 06-23 17:46:43:  qs. * 139803041990528 accept connection succeed
DEBUG: 06-23 17:46:43:  qs. * 139803041990528 Ready 1 sockets: handle 0(8), signal sent. 1 free threads
TRACE: 06-23 17:46:43:  qs. * 139802923497216 URI: /search?query=%E7%9F%AD%E8%A2%96T%E6%81%A4
TRACE: 06-23 17:46:43:  qs. * 139802923497216 RECOMM:s
DEBUG: 06-23 17:46:44:  qs. * 139803041990528 Ready 1 sockets: handle 1(9), signal sent. 1 free threads
TRACE: 06-23 17:46:44:  qs. * 139802923497216 URI: /favicon.ico
DEBUG: 06-23 17:46:45:  qs. * 139803041990528 accept connection succeed
DEBUG: 06-23 17:46:45:  qs. * 139803041990528 Ready 1 sockets: handle 0(8), signal sent. 1 free threads
TRACE: 06-23 17:46:45:  qs. * 139802923497216 URI: /search?query=%E7%9F%AD%E8%A2%96T%E6%81%A4
TRACE: 06-23 17:46:45:  qs. * 139802923497216 RECOMM:s
DEBUG: 06-23 17:46:45:  qs. * 139803041990528 accept connection succeed
DEBUG: 06-23 17:46:45:  qs. * 139803041990528 accept connection succeed
DEBUG: 06-23 17:46:45:  qs. * 139803041990528 Ready 1 sockets: handle 0(8), signal sent. 1 free threads
TRACE: 06-23 17:46:45:  qs. * 139802923497216 URI: /favicon.ico
DEBUG: 06-23 17:46:55:  qs. * 139803041990528 Ready 1 sockets: handle 1(9), signal sent. 1 free threads
DEBUG: 06-23 17:47:48:  qs. * 139803041990528 accept connection succeed
DEBUG: 06-23 17:47:48:  qs. * 139803041990528 Ready 1 sockets: handle 0(8), signal sent. 1 free threads
TRACE: 06-23 17:47:48:  qs. * 139802923497216 URI: /search?query=heting%E5%85%BB%E7%94%9F%E5%A3%B6%20%E7%85%AE%E8%8C%B6%E5%99%A8%20%E5%85%A8%E8%87%AA%E5%8A%A8
TRACE: 06-23 17:47:48:  qs. * 139802923497216 RECOMM:s
DEBUG: 06-23 17:47:48:  qs. * 139803041990528 accept connection succeed
DEBUG: 06-23 17:47:49:  qs. * 139803041990528 Ready 1 sockets: handle 0(8), signal sent. 1 free threads
TRACE: 06-23 17:47:49:  qs. * 139802923497216 URI: /favicon.ico
06-23 17:54:33:  qs. * 140698126997376 * Open process log by----qs.
=================================================
NOTICE: 06-23 17:54:33:  qs. * 140698126997376 Service start
06-23 17:54:33:  qs. * 140698008504064 * Open thread log by----qs.:server_thread
================================================
DEBUG: 06-23 17:54:38:  qs. * 140698126997376 accept connection succeed
DEBUG: 06-23 17:54:38:  qs. * 140698126997376 Ready 1 sockets: handle 0(8), signal sent. 1 free threads
TRACE: 06-23 17:54:38:  qs. * 140698008504064 URI: /search?query=heting%E5%85%BB%E7%94%9F%E5%A3%B6%20%E7%85%AE%E8%8C%B6%E5%99%A8%20%E5%85%A8%E8%87%AA%E5%8A%A8
TRACE: 06-23 17:54:38:  qs. * 140698008504064 RECOMM: {"Recomm":"养生壶,"Score":"0"}
DEBUG: 06-23 17:54:38:  qs. * 140698126997376 accept connection succeed
DEBUG: 06-23 17:54:38:  qs. * 140698126997376 accept connection succeed
DEBUG: 06-23 17:54:38:  qs. * 140698126997376 Ready 1 sockets: handle 0(8), signal sent. 1 free threads
TRACE: 06-23 17:54:38:  qs. * 140698008504064 URI: /favicon.ico
DEBUG: 06-23 17:54:40:  qs. * 140698126997376 Ready 1 sockets: handle 1(9), signal sent. 1 free threads
TRACE: 06-23 17:54:40:  qs. * 140698008504064 URI: /search?query=heting%E5%85%BB%E7%94%9F%E5%A3%B6%20%E7%85%AE%E8%8C%B6%E5%99%A8%20%E5%85%A8%E8%87%AA%E5%8A%A8
TRACE: 06-23 17:54:40:  qs. * 140698008504064 RECOMM: {"Recomm":"养生壶,"Score":"0"}
DEBUG: 06-23 17:54:40:  qs. * 140698126997376 accept connection succeed
DEBUG: 06-23 17:54:40:  qs. * 140698126997376 accept connection succeed
DEBUG: 06-23 17:54:40:  qs. * 140698126997376 Ready 1 sockets: handle 0(8), signal sent. 1 free threads
TRACE: 06-23 17:54:40:  qs. * 140698008504064 URI: /favicon.ico
DEBUG: 06-23 17:54:41:  qs. * 140698126997376 Ready 1 sockets: handle 1(9), signal sent. 1 free threads
TRACE: 06-23 17:54:41:  qs. * 140698008504064 URI: /search?query=heting%E5%85%BB%E7%94%9F%E5%A3%B6%20%E7%85%AE%E8%8C%B6%E5%99%A8%20%E5%85%A8%E8%87%AA%E5%8A%A8
TRACE: 06-23 17:54:41:  qs. * 140698008504064 RECOMM: {"Recomm":"养生壶,"Score":"0"}
DEBUG: 06-23 17:54:41:  qs. * 140698126997376 accept connection succeed
DEBUG: 06-23 17:54:41:  qs. * 140698126997376 Ready 1 sockets: handle 0(8), signal sent. 1 free threads
TRACE: 06-23 17:54:41:  qs. * 140698008504064 URI: /favicon.ico
DEBUG: 06-23 17:54:42:  qs. * 140698126997376 accept connection succeed
DEBUG: 06-23 17:54:42:  qs. * 140698126997376 Ready 1 sockets: handle 0(8), signal sent. 1 free threads
TRACE: 06-23 17:54:42:  qs. * 140698008504064 URI: /search?query=heting%E5%85%BB%E7%94%9F%E5%A3%B6%20%E7%85%AE%E8%8C%B6%E5%99%A8%20%E5%85%A8%E8%87%AA%E5%8A%A8
TRACE: 06-23 17:54:42:  qs. * 140698008504064 RECOMM: {"Recomm":"养生壶,"Score":"0"}
DEBUG: 06-23 17:54:42:  qs. * 140698126997376 accept connection succeed
DEBUG: 06-23 17:54:42:  qs. * 140698126997376 Ready 1 sockets: handle 0(8), signal sent. 1 free threads
TRACE: 06-23 17:54:42:  qs. * 140698008504064 URI: /favicon.ico
DEBUG: 06-23 17:54:42:  qs. * 140698126997376 accept connection succeed
DEBUG: 06-23 17:54:42:  qs. * 140698126997376 Ready 1 sockets: handle 0(8), signal sent. 1 free threads
TRACE: 06-23 17:54:42:  qs. * 140698008504064 URI: /search?query=heting%E5%85%BB%E7%94%9F%E5%A3%B6%20%E7%85%AE%E8%8C%B6%E5%99%A8%20%E5%85%A8%E8%87%AA%E5%8A%A8
TRACE: 06-23 17:54:42:  qs. * 140698008504064 RECOMM: {"Recomm":"养生壶,"Score":"0"}
DEBUG: 06-23 17:54:42:  qs. * 140698126997376 accept connection succeed
DEBUG: 06-23 17:54:42:  qs. * 140698126997376 accept connection succeed
DEBUG: 06-23 17:54:42:  qs. * 140698126997376 Ready 1 sockets: handle 0(8), signal sent. 1 free threads
TRACE: 06-23 17:54:42:  qs. * 140698008504064 URI: /favicon.ico
DEBUG: 06-23 17:54:42:  qs. * 140698126997376 Ready 1 sockets: handle 1(9), signal sent. 1 free threads
TRACE: 06-23 17:54:42:  qs. * 140698008504064 URI: /search?query=heting%E5%85%BB%E7%94%9F%E5%A3%B6%20%E7%85%AE%E8%8C%B6%E5%99%A8%20%E5%85%A8%E8%87%AA%E5%8A%A8
TRACE: 06-23 17:54:42:  qs. * 140698008504064 RECOMM: {"Recomm":"养生壶,"Score":"0"}
DEBUG: 06-23 17:54:42:  qs. * 140698126997376 accept connection succeed
DEBUG: 06-23 17:54:42:  qs. * 140698126997376 accept connection succeed
DEBUG: 06-23 17:54:42:  qs. * 140698126997376 Ready 1 sockets: handle 0(8), signal sent. 1 free threads
TRACE: 06-23 17:54:42:  qs. * 140698008504064 URI: /favicon.ico
DEBUG: 06-23 17:54:42:  qs. * 140698126997376 Ready 1 sockets: handle 1(9), signal sent. 1 free threads
TRACE: 06-23 17:54:42:  qs. * 140698008504064 URI: /search?query=heting%E5%85%BB%E7%94%9F%E5%A3%B6%20%E7%85%AE%E8%8C%B6%E5%99%A8%20%E5%85%A8%E8%87%AA%E5%8A%A8
TRACE: 06-23 17:54:42:  qs. * 140698008504064 RECOMM: {"Recomm":"养生壶,"Score":"0"}
DEBUG: 06-23 17:54:42:  qs. * 140698126997376 accept connection succeed
DEBUG: 06-23 17:54:42:  qs. * 140698126997376 accept connection succeed
DEBUG: 06-23 17:54:43:  qs. * 140698126997376 Ready 1 sockets: handle 0(8), signal sent. 1 free threads
TRACE: 06-23 17:54:43:  qs. * 140698008504064 URI: /favicon.ico
DEBUG: 06-23 17:54:43:  qs. * 140698126997376 Ready 1 sockets: handle 1(9), signal sent. 1 free threads
TRACE: 06-23 17:54:43:  qs. * 140698008504064 URI: /search?query=heting%E5%85%BB%E7%94%9F%E5%A3%B6%20%E7%85%AE%E8%8C%B6%E5%99%A8%20%E5%85%A8%E8%87%AA%E5%8A%A8
TRACE: 06-23 17:54:43:  qs. * 140698008504064 RECOMM: {"Recomm":"养生壶,"Score":"0"}
DEBUG: 06-23 17:54:43:  qs. * 140698126997376 accept connection succeed
DEBUG: 06-23 17:54:43:  qs. * 140698126997376 accept connection succeed
DEBUG: 06-23 17:54:43:  qs. * 140698126997376 Ready 1 sockets: handle 0(8), signal sent. 1 free threads
TRACE: 06-23 17:54:43:  qs. * 140698008504064 URI: /favicon.ico
DEBUG: 06-23 17:54:43:  qs. * 140698126997376 Ready 1 sockets: handle 1(9), signal sent. 1 free threads
TRACE: 06-23 17:54:43:  qs. * 140698008504064 URI: /search?query=heting%E5%85%BB%E7%94%9F%E5%A3%B6%20%E7%85%AE%E8%8C%B6%E5%99%A8%20%E5%85%A8%E8%87%AA%E5%8A%A8
TRACE: 06-23 17:54:43:  qs. * 140698008504064 RECOMM: {"Recomm":"养生壶,"Score":"0"}
DEBUG: 06-23 17:54:43:  qs. * 140698126997376 accept connection succeed
DEBUG: 06-23 17:54:43:  qs. * 140698126997376 accept connection succeed
DEBUG: 06-23 17:54:43:  qs. * 140698126997376 Ready 1 sockets: handle 0(8), signal sent. 1 free threads
TRACE: 06-23 17:54:43:  qs. * 140698008504064 URI: /favicon.ico
DEBUG: 06-23 17:54:53:  qs. * 140698126997376 Ready 1 sockets: handle 1(9), signal sent. 1 free threads
06-23 18:13:38:  qs. * 140174690019200 * Open process log by----qs.
=================================================
NOTICE: 06-23 18:13:38:  qs. * 140174690019200 Service start
06-23 18:13:38:  qs. * 140174571525888 * Open thread log by----qs.:server_thread
================================================
DEBUG: 06-23 18:13:46:  qs. * 140174690019200 accept connection succeed
DEBUG: 06-23 18:13:46:  qs. * 140174690019200 Ready 1 sockets: handle 0(8), signal sent. 1 free threads
TRACE: 06-23 18:13:46:  qs. * 140174571525888 URI: /search?query=heting%E5%85%BB%E7%94%9F%E5%A3%B6%20%E7%85%AE%E8%8C%B6%E5%99%A8%20%E5%85%A8%E8%87%AA%E5%8A%A8
TRACE: 06-23 18:13:46:  qs. * 140174571525888 URI: /search?query=heting%E5%85%BB%E7%94%9F%E5%A3%B6%20%E7%85%AE%E8%8C%B6%E5%99%A8%20%E5%85%A8%E8%87%AA%E5%8A%A8	RECOMM: {"Recomm":"养生壶,"Score":"0"}
DEBUG: 06-23 18:13:46:  qs. * 140174690019200 accept connection succeed
DEBUG: 06-23 18:13:46:  qs. * 140174690019200 accept connection succeed
DEBUG: 06-23 18:13:46:  qs. * 140174690019200 Ready 1 sockets: handle 0(8), signal sent. 1 free threads
TRACE: 06-23 18:13:46:  qs. * 140174571525888 URI: /favicon.ico
DEBUG: 06-23 18:13:47:  qs. * 140174690019200 Ready 1 sockets: handle 1(9), signal sent. 1 free threads
TRACE: 06-23 18:13:47:  qs. * 140174571525888 URI: /search?query=heting%E5%85%BB%E7%94%9F%E5%A3%B6%20%E7%85%AE%E8%8C%B6%E5%99%A8%20%E5%85%A8%E8%87%AA%E5%8A%A8
TRACE: 06-23 18:13:47:  qs. * 140174571525888 URI: /search?query=heting%E5%85%BB%E7%94%9F%E5%A3%B6%20%E7%85%AE%E8%8C%B6%E5%99%A8%20%E5%85%A8%E8%87%AA%E5%8A%A8	RECOMM: {"Recomm":"养生壶,"Score":"0"}
DEBUG: 06-23 18:13:47:  qs. * 140174690019200 accept connection succeed
DEBUG: 06-23 18:13:47:  qs. * 140174690019200 Ready 1 sockets: handle 0(8), signal sent. 1 free threads
TRACE: 06-23 18:13:47:  qs. * 140174571525888 URI: /favicon.ico
DEBUG: 06-23 18:13:48:  qs. * 140174690019200 accept connection succeed
DEBUG: 06-23 18:13:48:  qs. * 140174690019200 Ready 1 sockets: handle 0(8), signal sent. 1 free threads
TRACE: 06-23 18:13:48:  qs. * 140174571525888 URI: /search?query=heting%E5%85%BB%E7%94%9F%E5%A3%B6%20%E7%85%AE%E8%8C%B6%E5%99%A8%20%E5%85%A8%E8%87%AA%E5%8A%A8
TRACE: 06-23 18:13:48:  qs. * 140174571525888 URI: /search?query=heting%E5%85%BB%E7%94%9F%E5%A3%B6%20%E7%85%AE%E8%8C%B6%E5%99%A8%20%E5%85%A8%E8%87%AA%E5%8A%A8	RECOMM: {"Recomm":"养生壶,"Score":"0"}
DEBUG: 06-23 18:13:48:  qs. * 140174690019200 accept connection succeed
DEBUG: 06-23 18:13:48:  qs. * 140174690019200 accept connection succeed
DEBUG: 06-23 18:13:48:  qs. * 140174690019200 Ready 1 sockets: handle 0(8), signal sent. 1 free threads
TRACE: 06-23 18:13:48:  qs. * 140174571525888 URI: /favicon.ico
DEBUG: 06-23 18:13:58:  qs. * 140174690019200 Ready 1 sockets: handle 1(9), signal sent. 1 free threads
06-24 15:43:53:  qs. * 139959059593088 * Open process log by----qs.
=================================================
NOTICE: 06-24 15:43:53:  qs. * 139959059593088 Service start
06-24 15:43:53:  qs. * 139959025784576 * Open thread log by----qs.:server_thread
================================================
06-24 15:44:42:  qs. * 140098630694784 * Open process log by----qs.
=================================================
NOTICE: 06-24 15:44:42:  qs. * 140098630694784 Service start
06-24 15:44:42:  qs. * 140098596886272 * Open thread log by----qs.:server_thread
================================================
DEBUG: 06-24 15:45:07:  qs. * 140098630694784 accept connection succeed
DEBUG: 06-24 15:45:07:  qs. * 140098630694784 accept connection succeed
DEBUG: 06-24 15:45:07:  qs. * 140098630694784 Ready 1 sockets: handle 0(8), signal sent. 1 free threads
TRACE: 06-24 15:45:07:  qs. * 140098596886272 URI: /search?query=%E6%96%B0%E8%BD%A9%E9%80%B8%E4%B8%93%E7%94%A8
DEBUG: 06-24 15:45:07:  qs. * 140098630694784 Ready 1 sockets: handle 1(9), signal sent. 1 free threads
DEBUG: 06-24 15:45:07:  qs. * 140098630694784 0 socket READY, 1 BUSY, 2 Total
TRACE: 06-24 15:45:07:  qs. * 140098596886272 URI: /favicon.ico
DEBUG: 06-24 15:45:14:  qs. * 140098630694784 accept connection succeed
DEBUG: 06-24 15:45:14:  qs. * 140098630694784 Ready 1 sockets: handle 0(8), signal sent. 1 free threads
DEBUG: 06-24 15:45:14:  qs. * 140098630694784 0 socket READY, 1 BUSY, 2 Total
TRACE: 06-24 15:45:14:  qs. * 140098596886272 URI: /search?q=%E6%96%B0%E8%BD%A9%E9%80%B8%E4%B8%93%E7%94%A8
TRACE: 06-24 15:45:14:  qs. * 140098596886272 URI: /search?q=%E6%96%B0%E8%BD%A9%E9%80%B8%E4%B8%93%E7%94%A8	RECOMM: 新轩逸专用
DEBUG: 06-24 15:45:14:  qs. * 140098630694784 accept connection succeed
DEBUG: 06-24 15:45:14:  qs. * 140098630694784 accept connection succeed
DEBUG: 06-24 15:45:14:  qs. * 140098630694784 Ready 1 sockets: handle 0(8), signal sent. 1 free threads
TRACE: 06-24 15:45:14:  qs. * 140098596886272 URI: /favicon.ico
DEBUG: 06-24 15:45:20:  qs. * 140098630694784 Ready 1 sockets: handle 1(9), signal sent. 1 free threads
DEBUG: 06-24 15:45:20:  qs. * 140098630694784 0 socket READY, 1 BUSY, 2 Total
TRACE: 06-24 15:45:20:  qs. * 140098596886272 URI: /search?q=%E6%96%B0%E8%BD%A9%E9%80%B8%E4%B8%93%E7%94%A81123
TRACE: 06-24 15:45:20:  qs. * 140098596886272 URI: /search?q=%E6%96%B0%E8%BD%A9%E9%80%B8%E4%B8%93%E7%94%A81123	RECOMM: 新轩逸专用1123
DEBUG: 06-24 15:45:20:  qs. * 140098630694784 accept connection succeed
DEBUG: 06-24 15:45:20:  qs. * 140098630694784 Ready 1 sockets: handle 0(8), signal sent. 1 free threads
DEBUG: 06-24 15:45:20:  qs. * 140098630694784 0 socket READY, 1 BUSY, 2 Total
TRACE: 06-24 15:45:20:  qs. * 140098596886272 URI: /favicon.ico
06-24 17:28:36:  qs. * 140214268258176 * Open process log by----qs.
=================================================
NOTICE: 06-24 17:28:36:  qs. * 140214268258176 Service start
06-24 17:28:36:  qs. * 140214238689024 * Open thread log by----qs.:server_thread
================================================
DEBUG: 06-24 17:28:40:  qs. * 140214268258176 accept connection succeed
DEBUG: 06-24 17:28:40:  qs. * 140214268258176 Ready 1 sockets: handle 0(8), signal sent. 1 free threads
TRACE: 06-24 17:28:40:  qs. * 140214238689024 URI: /search?q=%E6%96%B0%E8%BD%A9%E9%80%B8%E4%B8%93%E7%94%A81123
TRACE: 06-24 17:28:40:  qs. * 140214238689024 URI: /search?q=%E6%96%B0%E8%BD%A9%E9%80%B8%E4%B8%93%E7%94%A81123	RECOMM: 新轩逸专用1123
DEBUG: 06-24 17:28:40:  qs. * 140214268258176 accept connection succeed
DEBUG: 06-24 17:28:40:  qs. * 140214268258176 accept connection succeed
DEBUG: 06-24 17:28:40:  qs. * 140214268258176 Ready 1 sockets: handle 0(8), signal sent. 1 free threads
TRACE: 06-24 17:28:40:  qs. * 140214238689024 URI: /favicon.ico
DEBUG: 06-24 17:28:50:  qs. * 140214268258176 accept connection succeed
DEBUG: 06-24 17:28:50:  qs. * 140214268258176 Ready 1 sockets: handle 1(9), signal sent. 1 free threads
TRACE: 06-24 17:28:50:  qs. * 140214238689024 URI: /search?q=woshi%20nidergda
TRACE: 06-24 17:28:50:  qs. * 140214238689024 URI: /search?q=woshi%20nidergda	RECOMM: woshi nidergda
DEBUG: 06-24 17:28:50:  qs. * 140214268258176 Ready 1 sockets: handle 0(8), signal sent. 1 free threads
DEBUG: 06-24 17:28:50:  qs. * 140214268258176 0 socket READY, 1 BUSY, 2 Total
TRACE: 06-24 17:28:50:  qs. * 140214238689024 URI: /favicon.ico
06-24 17:34:59:  qs. * 140710046668672 * Open process log by----qs.
=================================================
NOTICE: 06-24 17:34:59:  qs. * 140710046668672 Service start
06-24 17:34:59:  qs. * 140710017099520 * Open thread log by----qs.:server_thread
================================================
DEBUG: 06-24 17:35:05:  qs. * 140710046668672 accept connection succeed
DEBUG: 06-24 17:35:05:  qs. * 140710046668672 Ready 1 sockets: handle 0(8), signal sent. 1 free threads
TRACE: 06-24 17:35:05:  qs. * 140710017099520 URI: /search?q=woshi%20nidergda
TRACE: 06-24 17:35:05:  qs. * 140710017099520 URI: /search?q=woshi%20nidergda	RECOMM: woshi nidergda
DEBUG: 06-24 17:35:05:  qs. * 140710046668672 accept connection succeed
DEBUG: 06-24 17:35:05:  qs. * 140710046668672 accept connection succeed
DEBUG: 06-24 17:35:05:  qs. * 140710046668672 Ready 1 sockets: handle 0(8), signal sent. 1 free threads
TRACE: 06-24 17:35:05:  qs. * 140710017099520 URI: /favicon.ico
DEBUG: 06-24 17:35:15:  qs. * 140710046668672 Ready 1 sockets: handle 1(9), signal sent. 1 free threads
DEBUG: 06-24 17:35:15:  qs. * 140710046668672 0 socket READY, 1 BUSY, 2 Total
DEBUG: 06-24 17:35:16:  qs. * 140710046668672 accept connection succeed
DEBUG: 06-24 17:35:16:  qs. * 140710046668672 Ready 1 sockets: handle 0(8), signal sent. 1 free threads
DEBUG: 06-24 17:35:16:  qs. * 140710046668672 0 socket READY, 1 BUSY, 2 Total
TRACE: 06-24 17:35:16:  qs. * 140710017099520 URI: /search?q=%E6%88%91%E4%BB%AC%E4%B8%80%E5%AE%9A%E8%A6%81%E5%A5%BD%E5%A5%BD
TRACE: 06-24 17:35:16:  qs. * 140710017099520 URI: /search?q=%E6%88%91%E4%BB%AC%E4%B8%80%E5%AE%9A%E8%A6%81%E5%A5%BD%E5%A5%BD	RECOMM: 我们一定要好好
DEBUG: 06-24 17:35:16:  qs. * 140710046668672 accept connection succeed
DEBUG: 06-24 17:35:16:  qs. * 140710046668672 accept connection succeed
DEBUG: 06-24 17:35:16:  qs. * 140710046668672 Ready 1 sockets: handle 0(8), signal sent. 1 free threads
TRACE: 06-24 17:35:16:  qs. * 140710017099520 URI: /favicon.ico
